
==========================================================================
02-02_croc.gpl1 check_setup
--------------------------------------------------------------------------
1

==========================================================================
02-02_croc.gpl1 report_tns
--------------------------------------------------------------------------
tns max -277418.62

==========================================================================
02-02_croc.gpl1 report_wns
--------------------------------------------------------------------------
wns max -49.75

==========================================================================
02-02_croc.gpl1 report_worst_slack
--------------------------------------------------------------------------
worst slack max -49.75

==========================================================================
02-02_croc.gpl1 report_checks -path_delay min
--------------------------------------------------------------------------
[WARNING STA-0168] unknown field nets.
Startpoint: i_croc_soc/i_rstgen.i_rstgen_bypass.synch_regs_q_3__reg
            (rising edge-triggered flip-flop clocked by clk_sys)
Endpoint: i_croc_soc/i_croc/all_periph_obi_rsp_316__reg
          (removal check against rising-edge clock clk_sys)
Path Group: asynchronous
Path Type: min
Corner: ff

Fanout     Cap    Slew   Delay    Time   Description
-----------------------------------------------------------------------------
                  0.20    0.00    0.00   clock clk_sys (rise edge)
                          0.00    0.00   clock network delay (ideal)
                  0.20    0.00    0.00 ^ i_croc_soc/i_rstgen.i_rstgen_bypass.synch_regs_q_3__reg/CK (DFFRQX3)
     2    0.00    0.03    0.24    0.24 ^ i_croc_soc/i_rstgen.i_rstgen_bypass.synch_regs_q_3__reg/Q (DFFRQX3)
                  0.03    0.00    0.24 ^ i_croc_soc/i_rstgen.i_rstgen_bypass.i_tc_clk_mux2_rst_no/i_mux/A0 (MUX2X2)
  5531   15.67   46.07   31.53   31.77 ^ i_croc_soc/i_rstgen.i_rstgen_bypass.i_tc_clk_mux2_rst_no/i_mux/Y (MUX2X2)
                 46.07    0.00   31.77 ^ i_croc_soc/i_croc/all_periph_obi_rsp_316__reg/RB (DFFRQX3)
                                 31.77   data arrival time

                  0.20    0.00    0.00   clock clk_sys (rise edge)
                          0.00    0.00   clock network delay (ideal)
                          0.10    0.10   clock uncertainty
                          0.00    0.10   clock reconvergence pessimism
                                  0.10 ^ i_croc_soc/i_croc/all_periph_obi_rsp_316__reg/CK (DFFRQX3)
                         -3.56   -3.46   library removal time
                                 -3.46   data required time
-----------------------------------------------------------------------------
                                 -3.46   data required time
                                -31.77   data arrival time
-----------------------------------------------------------------------------
                                 35.23   slack (MET)


Startpoint: i_croc_soc/i_croc/i_dmi_jtag/i_dmi_cdc.i_cdc_req/i_cdc_reset_ctrlr/i_cdc_reset_ctrlr_half_a/i_state_transition_cdc_dst/i_sync/reg_q_0__reg
            (rising edge-triggered flip-flop clocked by clk_jtg)
Endpoint: i_croc_soc/i_croc/i_dmi_jtag/i_dmi_cdc.i_cdc_req/i_cdc_reset_ctrlr/i_cdc_reset_ctrlr_half_a/i_state_transition_cdc_dst/i_sync/serial_o_reg
          (rising edge-triggered flip-flop clocked by clk_jtg)
Path Group: clk_jtg
Path Type: min
Corner: ff

Fanout     Cap    Slew   Delay    Time   Description
-----------------------------------------------------------------------------
                  0.20    0.00    0.00   clock clk_jtg (rise edge)
                          0.00    0.00   clock network delay (ideal)
                  0.20    0.00    0.00 ^ i_croc_soc/i_croc/i_dmi_jtag/i_dmi_cdc.i_cdc_req/i_cdc_reset_ctrlr/i_cdc_reset_ctrlr_half_a/i_state_transition_cdc_dst/i_sync/reg_q_0__reg/CK (DFFRQX3)
     1    0.00    0.02    0.22    0.22 v i_croc_soc/i_croc/i_dmi_jtag/i_dmi_cdc.i_cdc_req/i_cdc_reset_ctrlr/i_cdc_reset_ctrlr_half_a/i_state_transition_cdc_dst/i_sync/reg_q_0__reg/Q (DFFRQX3)
                  0.02    0.00    0.22 v i_croc_soc/i_croc/i_dmi_jtag/i_dmi_cdc.i_cdc_req/i_cdc_reset_ctrlr/i_cdc_reset_ctrlr_half_a/i_state_transition_cdc_dst/i_sync/serial_o_reg/D (DFFRQX3)
                                  0.22   data arrival time

                  0.20    0.00    0.00   clock clk_jtg (rise edge)
                          0.00    0.00   clock network delay (ideal)
                          0.10    0.10   clock uncertainty
                          0.00    0.10   clock reconvergence pessimism
                                  0.10 ^ i_croc_soc/i_croc/i_dmi_jtag/i_dmi_cdc.i_cdc_req/i_cdc_reset_ctrlr/i_cdc_reset_ctrlr_half_a/i_state_transition_cdc_dst/i_sync/serial_o_reg/CK (DFFRQX3)
                          0.05    0.15   library hold time
                                  0.15   data required time
-----------------------------------------------------------------------------
                                  0.15   data required time
                                 -0.22   data arrival time
-----------------------------------------------------------------------------
                                  0.07   slack (MET)


Startpoint: i_croc_soc/i_croc/i_dm_top.i_dm_top/master_add_o[7]_reg
            (rising edge-triggered flip-flop clocked by clk_sys)
Endpoint: i_croc_soc/i_croc/gen_sram_bank[0].i_sram/gen_1024x32xBx1.i_cut
          (rising edge-triggered flip-flop clocked by clk_sys)
Path Group: clk_sys
Path Type: min
Corner: ff

Fanout     Cap    Slew   Delay    Time   Description
-----------------------------------------------------------------------------
                  0.20    0.00    0.00   clock clk_sys (rise edge)
                          0.00    0.00   clock network delay (ideal)
                  0.20    0.00    0.00 ^ i_croc_soc/i_croc/i_dm_top.i_dm_top/master_add_o[7]_reg/CK (DFFRQX3)
     5    0.01    0.04    0.25    0.25 ^ i_croc_soc/i_croc/i_dm_top.i_dm_top/master_add_o[7]_reg/Q (DFFRQX3)
                  0.04    0.00    0.25 ^ i_croc_soc/i_croc/_4847_/A (NAND3X1)
     1    0.00    0.04    0.06    0.31 v i_croc_soc/i_croc/_4847_/Y (NAND3X1)
                  0.04    0.00    0.31 v i_croc_soc/i_croc/_4848_/B (NAND2X1)
     1    0.00    0.02    0.03    0.34 ^ i_croc_soc/i_croc/_4848_/Y (NAND2X1)
                  0.02    0.00    0.34 ^ i_croc_soc/i_croc/_4852_/B (OA21X2)
     1    0.00    0.03    0.08    0.42 ^ i_croc_soc/i_croc/_4852_/Y (OA21X2)
                  0.04    0.00    0.42 ^ i_croc_soc/i_croc/gen_sram_bank[0].i_sram/gen_1024x32xBx1.i_cut/A_ADDR[4] (RM_IHPSG13_1P_512x64_c2_bm_bist)
                                  0.42   data arrival time

                  0.20    0.00    0.00   clock clk_sys (rise edge)
                          0.00    0.00   clock network delay (ideal)
                          0.10    0.10   clock uncertainty
                          0.00    0.10   clock reconvergence pessimism
                                  0.10 ^ i_croc_soc/i_croc/gen_sram_bank[0].i_sram/gen_1024x32xBx1.i_cut/A_CLK (RM_IHPSG13_1P_512x64_c2_bm_bist)
                          0.47    0.57   library hold time
                                  0.57   data required time
-----------------------------------------------------------------------------
                                  0.57   data required time
                                 -0.42   data arrival time
-----------------------------------------------------------------------------
                                 -0.16   slack (VIOLATED)



==========================================================================
02-02_croc.gpl1 report_checks -path_delay max
--------------------------------------------------------------------------
[WARNING STA-0168] unknown field nets.
Startpoint: i_croc_soc/i_rstgen.i_rstgen_bypass.synch_regs_q_3__reg
            (rising edge-triggered flip-flop clocked by clk_sys)
Endpoint: i_croc_soc/i_croc/all_periph_obi_rsp_316__reg
          (recovery check against rising-edge clock clk_sys)
Path Group: asynchronous
Path Type: max
Corner: tt

Fanout     Cap    Slew   Delay    Time   Description
-----------------------------------------------------------------------------
                  0.20    0.00    0.00   clock clk_sys (rise edge)
                          0.00    0.00   clock network delay (ideal)
                  0.20    0.00    0.00 ^ i_croc_soc/i_rstgen.i_rstgen_bypass.synch_regs_q_3__reg/CK (DFFRQX3)
     2    0.00    0.04    0.34    0.34 ^ i_croc_soc/i_rstgen.i_rstgen_bypass.synch_regs_q_3__reg/Q (DFFRQX3)
                  0.04    0.00    0.34 ^ i_croc_soc/i_rstgen.i_rstgen_bypass.i_tc_clk_mux2_rst_no/i_mux/A0 (MUX2X2)
  5531   17.32   79.31   54.82   55.16 ^ i_croc_soc/i_rstgen.i_rstgen_bypass.i_tc_clk_mux2_rst_no/i_mux/Y (MUX2X2)
                  3.20    0.00   55.16 ^ i_croc_soc/i_croc/all_periph_obi_rsp_316__reg/RB (DFFRQX3)
                                 55.16   data arrival time

                  0.20   10.00   10.00   clock clk_sys (rise edge)
                          0.00   10.00   clock network delay (ideal)
                         -0.10    9.90   clock uncertainty
                          0.00    9.90   clock reconvergence pessimism
                                  9.90 ^ i_croc_soc/i_croc/all_periph_obi_rsp_316__reg/CK (DFFRQX3)
                         -1.68    8.22   library recovery time
                                  8.22   data required time
-----------------------------------------------------------------------------
                                  8.22   data required time
                                -55.16   data arrival time
-----------------------------------------------------------------------------
                                -46.94   slack (VIOLATED)


Startpoint: i_croc_soc/i_croc/i_dmi_jtag/i_dmi_cdc.i_cdc_resp/i_dst/async_ack_o_reg
            (rising edge-triggered flip-flop clocked by clk_jtg)
Endpoint: i_croc_soc/i_croc/i_dmi_jtag/dmi_13__reg
          (rising edge-triggered flip-flop clocked by clk_jtg)
Path Group: path delay
Path Type: max
Corner: tt

Fanout     Cap    Slew   Delay    Time   Description
-----------------------------------------------------------------------------
                  0.20    0.00    0.00 ^ i_croc_soc/i_croc/i_dmi_jtag/i_dmi_cdc.i_cdc_resp/i_dst/async_ack_o_reg/CK (DFFRQX3)
     6    0.02    0.06    0.34    0.34 v i_croc_soc/i_croc/i_dmi_jtag/i_dmi_cdc.i_cdc_resp/i_dst/async_ack_o_reg/Q (DFFRQX3)
                  0.06    0.00    0.34 v i_croc_soc/i_croc/i_dmi_jtag/i_dmi_cdc.i_cdc_resp/i_dst/_127_/A (XOR2X2)
     1    0.00    0.04    0.15    0.50 v i_croc_soc/i_croc/i_dmi_jtag/i_dmi_cdc.i_cdc_resp/i_dst/_127_/Y (XOR2X2)
                  0.04    0.00    0.50 v i_croc_soc/i_croc/i_dmi_jtag/i_dmi_cdc.i_cdc_resp/_1_/AB (NOR2BX1)
     4    0.01    0.08    0.10    0.59 v i_croc_soc/i_croc/i_dmi_jtag/i_dmi_cdc.i_cdc_resp/_1_/Y (NOR2BX1)
                  0.08    0.00    0.59 v i_croc_soc/i_croc/i_dmi_jtag/_0971_/AB (NOR2BX1)
     2    0.00    0.05    0.09    0.69 v i_croc_soc/i_croc/i_dmi_jtag/_0971_/Y (NOR2BX1)
                  0.05    0.00    0.69 v i_croc_soc/i_croc/i_dmi_jtag/_0972_/C (AO31X2)
     3    0.01    0.05    0.18    0.87 v i_croc_soc/i_croc/i_dmi_jtag/_0972_/Y (AO31X2)
                  0.05    0.00    0.87 v i_croc_soc/i_croc/i_dmi_jtag/_1006_/A (OAOI211X2)
    76    0.18    2.57    1.91    2.78 ^ i_croc_soc/i_croc/i_dmi_jtag/_1006_/Y (OAOI211X2)
                  2.57    0.00    2.78 ^ i_croc_soc/i_croc/i_dmi_jtag/_1028_/B (OA211X2)
     1    0.00    0.11    0.56    3.34 ^ i_croc_soc/i_croc/i_dmi_jtag/_1028_/Y (OA211X2)
                  0.11    0.00    3.34 ^ i_croc_soc/i_croc/i_dmi_jtag/_1029_/D (NOR4X1)
     1    0.00    0.10    0.06    3.41 v i_croc_soc/i_croc/i_dmi_jtag/_1029_/Y (NOR4X1)
                  0.10    0.00    3.41 v i_croc_soc/i_croc/i_dmi_jtag/dmi_13__reg/D (DFFRQX3)
                                  3.41   data arrival time

                          3.00    3.00   max_delay
                         -0.03    2.97   library setup time
                                  2.97   data required time
-----------------------------------------------------------------------------
                                  2.97   data required time
                                 -3.41   data arrival time
-----------------------------------------------------------------------------
                                 -0.44   slack (VIOLATED)


Startpoint: i_croc_soc/i_croc/i_dmi_jtag/td_o_reg
            (rising edge-triggered flip-flop clocked by clk_jtg')
Endpoint: jtag_tdo_o (output port clocked by clk_jtg)
Path Group: clk_jtg
Path Type: max
Corner: tt

Fanout     Cap    Slew   Delay    Time   Description
-----------------------------------------------------------------------------
                  0.20   12.50   12.50   clock clk_jtg' (rise edge)
                          0.00   12.50   clock network delay (ideal)
                  0.20    0.00   12.50 ^ i_croc_soc/i_croc/i_dmi_jtag/td_o_reg/CK (DFFRQX3)
     1    0.04    0.16    0.45   12.95 ^ i_croc_soc/i_croc/i_dmi_jtag/td_o_reg/Q (DFFRQX3)
                  0.22    0.00   12.95 ^ pad_jtag_tdo_o/c2p (sg13cmos5l_IOPadOut16mA)
     2   15.00    3.55    3.20   16.15 ^ pad_jtag_tdo_o/pad (sg13cmos5l_IOPadOut16mA)
                  2.66    0.00   16.15 ^ jtag_tdo_o (out)
                                 16.15   data arrival time

                  0.20   25.00   25.00   clock clk_jtg (rise edge)
                          0.00   25.00   clock network delay (ideal)
                         -0.10   24.90   clock uncertainty
                          0.00   24.90   clock reconvergence pessimism
                         -5.00   19.90   output external delay
                                 19.90   data required time
-----------------------------------------------------------------------------
                                 19.90   data required time
                                -16.15   data arrival time
-----------------------------------------------------------------------------
                                  3.75   slack (MET)


Startpoint: testmode_i (input port)
Endpoint: i_croc_soc/i_croc/all_periph_obi_rsp_316__reg
          (rising edge-triggered flip-flop clocked by clk_sys)
Path Group: clk_sys
Path Type: max
Corner: tt

Fanout     Cap    Slew   Delay    Time   Description
-----------------------------------------------------------------------------
                          2.50    2.50 v input external delay
     2    0.23    0.49    0.03    2.53 v testmode_i (in)
                  0.49    0.00    2.53 v pad_testmode_i/pad (sg13cmos5l_IOPadIn)
     4    0.01    0.12    0.60    3.13 v pad_testmode_i/p2c (sg13cmos5l_IOPadIn)
                  0.04    0.00    3.13 v i_croc_soc/i_rstgen.i_rstgen_bypass.i_tc_clk_mux2_rst_no/i_mux/S0 (MUX2X2)
  5531   17.32   79.31   54.84   57.98 ^ i_croc_soc/i_rstgen.i_rstgen_bypass.i_tc_clk_mux2_rst_no/i_mux/Y (MUX2X2)
                  3.20    0.00   57.98 ^ i_croc_soc/i_croc/all_periph_obi_rsp_316__reg/RB (DFFRQX3)
                                 57.98   data arrival time

                         10.00   10.00   max_delay
                         -0.10    9.90   clock uncertainty
                          0.00    9.90   clock reconvergence pessimism
                         -1.68    8.22   library recovery time
                                  8.22   data required time
-----------------------------------------------------------------------------
                                  8.22   data required time
                                -57.98   data arrival time
-----------------------------------------------------------------------------
                                -49.75   slack (VIOLATED)



==========================================================================
02-02_croc.gpl1 report_checks -unconstrained
--------------------------------------------------------------------------
[WARNING STA-0168] unknown field nets.
Startpoint: i_croc_soc/i_rstgen.i_rstgen_bypass.synch_regs_q_3__reg
            (rising edge-triggered flip-flop clocked by clk_sys)
Endpoint: i_croc_soc/i_croc/all_periph_obi_rsp_316__reg
          (recovery check against rising-edge clock clk_sys)
Path Group: asynchronous
Path Type: max
Corner: tt

Fanout     Cap    Slew   Delay    Time   Description
-----------------------------------------------------------------------------
                  0.20    0.00    0.00   clock clk_sys (rise edge)
                          0.00    0.00   clock network delay (ideal)
                  0.20    0.00    0.00 ^ i_croc_soc/i_rstgen.i_rstgen_bypass.synch_regs_q_3__reg/CK (DFFRQX3)
     2    0.00    0.04    0.34    0.34 ^ i_croc_soc/i_rstgen.i_rstgen_bypass.synch_regs_q_3__reg/Q (DFFRQX3)
                  0.04    0.00    0.34 ^ i_croc_soc/i_rstgen.i_rstgen_bypass.i_tc_clk_mux2_rst_no/i_mux/A0 (MUX2X2)
  5531   17.32   79.31   54.82   55.16 ^ i_croc_soc/i_rstgen.i_rstgen_bypass.i_tc_clk_mux2_rst_no/i_mux/Y (MUX2X2)
                  3.20    0.00   55.16 ^ i_croc_soc/i_croc/all_periph_obi_rsp_316__reg/RB (DFFRQX3)
                                 55.16   data arrival time

                  0.20   10.00   10.00   clock clk_sys (rise edge)
                          0.00   10.00   clock network delay (ideal)
                         -0.10    9.90   clock uncertainty
                          0.00    9.90   clock reconvergence pessimism
                                  9.90 ^ i_croc_soc/i_croc/all_periph_obi_rsp_316__reg/CK (DFFRQX3)
                         -1.68    8.22   library recovery time
                                  8.22   data required time
-----------------------------------------------------------------------------
                                  8.22   data required time
                                -55.16   data arrival time
-----------------------------------------------------------------------------
                                -46.94   slack (VIOLATED)


Startpoint: i_croc_soc/i_croc/i_dmi_jtag/i_dmi_cdc.i_cdc_resp/i_dst/async_ack_o_reg
            (rising edge-triggered flip-flop clocked by clk_jtg)
Endpoint: i_croc_soc/i_croc/i_dmi_jtag/dmi_13__reg
          (rising edge-triggered flip-flop clocked by clk_jtg)
Path Group: path delay
Path Type: max
Corner: tt

Fanout     Cap    Slew   Delay    Time   Description
-----------------------------------------------------------------------------
                  0.20    0.00    0.00 ^ i_croc_soc/i_croc/i_dmi_jtag/i_dmi_cdc.i_cdc_resp/i_dst/async_ack_o_reg/CK (DFFRQX3)
     6    0.02    0.06    0.34    0.34 v i_croc_soc/i_croc/i_dmi_jtag/i_dmi_cdc.i_cdc_resp/i_dst/async_ack_o_reg/Q (DFFRQX3)
                  0.06    0.00    0.34 v i_croc_soc/i_croc/i_dmi_jtag/i_dmi_cdc.i_cdc_resp/i_dst/_127_/A (XOR2X2)
     1    0.00    0.04    0.15    0.50 v i_croc_soc/i_croc/i_dmi_jtag/i_dmi_cdc.i_cdc_resp/i_dst/_127_/Y (XOR2X2)
                  0.04    0.00    0.50 v i_croc_soc/i_croc/i_dmi_jtag/i_dmi_cdc.i_cdc_resp/_1_/AB (NOR2BX1)
     4    0.01    0.08    0.10    0.59 v i_croc_soc/i_croc/i_dmi_jtag/i_dmi_cdc.i_cdc_resp/_1_/Y (NOR2BX1)
                  0.08    0.00    0.59 v i_croc_soc/i_croc/i_dmi_jtag/_0971_/AB (NOR2BX1)
     2    0.00    0.05    0.09    0.69 v i_croc_soc/i_croc/i_dmi_jtag/_0971_/Y (NOR2BX1)
                  0.05    0.00    0.69 v i_croc_soc/i_croc/i_dmi_jtag/_0972_/C (AO31X2)
     3    0.01    0.05    0.18    0.87 v i_croc_soc/i_croc/i_dmi_jtag/_0972_/Y (AO31X2)
                  0.05    0.00    0.87 v i_croc_soc/i_croc/i_dmi_jtag/_1006_/A (OAOI211X2)
    76    0.18    2.57    1.91    2.78 ^ i_croc_soc/i_croc/i_dmi_jtag/_1006_/Y (OAOI211X2)
                  2.57    0.00    2.78 ^ i_croc_soc/i_croc/i_dmi_jtag/_1028_/B (OA211X2)
     1    0.00    0.11    0.56    3.34 ^ i_croc_soc/i_croc/i_dmi_jtag/_1028_/Y (OA211X2)
                  0.11    0.00    3.34 ^ i_croc_soc/i_croc/i_dmi_jtag/_1029_/D (NOR4X1)
     1    0.00    0.10    0.06    3.41 v i_croc_soc/i_croc/i_dmi_jtag/_1029_/Y (NOR4X1)
                  0.10    0.00    3.41 v i_croc_soc/i_croc/i_dmi_jtag/dmi_13__reg/D (DFFRQX3)
                                  3.41   data arrival time

                          3.00    3.00   max_delay
                         -0.03    2.97   library setup time
                                  2.97   data required time
-----------------------------------------------------------------------------
                                  2.97   data required time
                                 -3.41   data arrival time
-----------------------------------------------------------------------------
                                 -0.44   slack (VIOLATED)


Startpoint: i_croc_soc/i_croc/i_dmi_jtag/td_o_reg
            (rising edge-triggered flip-flop clocked by clk_jtg')
Endpoint: jtag_tdo_o (output port clocked by clk_jtg)
Path Group: clk_jtg
Path Type: max
Corner: tt

Fanout     Cap    Slew   Delay    Time   Description
-----------------------------------------------------------------------------
                  0.20   12.50   12.50   clock clk_jtg' (rise edge)
                          0.00   12.50   clock network delay (ideal)
                  0.20    0.00   12.50 ^ i_croc_soc/i_croc/i_dmi_jtag/td_o_reg/CK (DFFRQX3)
     1    0.04    0.16    0.45   12.95 ^ i_croc_soc/i_croc/i_dmi_jtag/td_o_reg/Q (DFFRQX3)
                  0.22    0.00   12.95 ^ pad_jtag_tdo_o/c2p (sg13cmos5l_IOPadOut16mA)
     2   15.00    3.55    3.20   16.15 ^ pad_jtag_tdo_o/pad (sg13cmos5l_IOPadOut16mA)
                  2.66    0.00   16.15 ^ jtag_tdo_o (out)
                                 16.15   data arrival time

                  0.20   25.00   25.00   clock clk_jtg (rise edge)
                          0.00   25.00   clock network delay (ideal)
                         -0.10   24.90   clock uncertainty
                          0.00   24.90   clock reconvergence pessimism
                         -5.00   19.90   output external delay
                                 19.90   data required time
-----------------------------------------------------------------------------
                                 19.90   data required time
                                -16.15   data arrival time
-----------------------------------------------------------------------------
                                  3.75   slack (MET)


Startpoint: testmode_i (input port)
Endpoint: i_croc_soc/i_croc/all_periph_obi_rsp_316__reg
          (rising edge-triggered flip-flop clocked by clk_sys)
Path Group: clk_sys
Path Type: max
Corner: tt

Fanout     Cap    Slew   Delay    Time   Description
-----------------------------------------------------------------------------
                          2.50    2.50 v input external delay
     2    0.23    0.49    0.03    2.53 v testmode_i (in)
                  0.49    0.00    2.53 v pad_testmode_i/pad (sg13cmos5l_IOPadIn)
     4    0.01    0.12    0.60    3.13 v pad_testmode_i/p2c (sg13cmos5l_IOPadIn)
                  0.04    0.00    3.13 v i_croc_soc/i_rstgen.i_rstgen_bypass.i_tc_clk_mux2_rst_no/i_mux/S0 (MUX2X2)
  5531   17.32   79.31   54.84   57.98 ^ i_croc_soc/i_rstgen.i_rstgen_bypass.i_tc_clk_mux2_rst_no/i_mux/Y (MUX2X2)
                  3.20    0.00   57.98 ^ i_croc_soc/i_croc/all_periph_obi_rsp_316__reg/RB (DFFRQX3)
                                 57.98   data arrival time

                         10.00   10.00   max_delay
                         -0.10    9.90   clock uncertainty
                          0.00    9.90   clock reconvergence pessimism
                         -1.68    8.22   library recovery time
                                  8.22   data required time
-----------------------------------------------------------------------------
                                  8.22   data required time
                                -57.98   data arrival time
-----------------------------------------------------------------------------
                                -49.75   slack (VIOLATED)



==========================================================================
02-02_croc.gpl1 report_check_types -max_slew -max_cap -max_fanout -violators
--------------------------------------------------------------------------

==========================================================================
02-02_croc.gpl1 max_slew_check_slack
--------------------------------------------------------------------------
-76.1056137084961

==========================================================================
02-02_croc.gpl1 max_slew_check_limit
--------------------------------------------------------------------------
3.200000047683716

==========================================================================
02-02_croc.gpl1 max_slew_check_slack_limit
--------------------------------------------------------------------------
-23.7830

==========================================================================
02-02_croc.gpl1 max_fanout_check_slack
--------------------------------------------------------------------------
-5515.0

==========================================================================
02-02_croc.gpl1 max_fanout_check_limit
--------------------------------------------------------------------------
16.0

==========================================================================
02-02_croc.gpl1 max_fanout_check_slack_limit
--------------------------------------------------------------------------
-344.6875

==========================================================================
02-02_croc.gpl1 max_capacitance_check_slack
--------------------------------------------------------------------------
-21.471744537353516

==========================================================================
02-02_croc.gpl1 max_capacitance_check_limit
--------------------------------------------------------------------------
0.1899999976158142

==========================================================================
02-02_croc.gpl1 max_capacitance_check_slack_limit
--------------------------------------------------------------------------
-113.0092

==========================================================================
02-02_croc.gpl1 max_slew_violation_count
--------------------------------------------------------------------------
max slew violation count 122

==========================================================================
02-02_croc.gpl1 max_fanout_violation_count
--------------------------------------------------------------------------
max fanout violation count 467

==========================================================================
02-02_croc.gpl1 max_cap_violation_count
--------------------------------------------------------------------------
max cap violation count 98

==========================================================================
02-02_croc.gpl1 setup_violation_count
--------------------------------------------------------------------------
setup violation count 6555

==========================================================================
02-02_croc.gpl1 hold_violation_count
--------------------------------------------------------------------------
hold violation count 52

==========================================================================
02-02_croc.gpl1 critical path delay
--------------------------------------------------------------------------
57.9758

==========================================================================
02-02_croc.gpl1 critical path slack
--------------------------------------------------------------------------
-49.7537

==========================================================================
02-02_croc.gpl1 slack div critical path delay
--------------------------------------------------------------------------
-85.818048

==========================================================================
02-02_croc.gpl1 report_power tt
--------------------------------------------------------------------------
Group                  Internal  Switching    Leakage      Total
                          Power      Power      Power      Power (Watts)
----------------------------------------------------------------
Sequential             8.93e-03   9.18e-05   1.68e-06   9.03e-03  61.9%
Combinational          2.25e-04   3.82e-04   2.68e-06   6.09e-04   4.2%
Clock                  6.74e-07   2.88e-07   1.79e-10   9.62e-07   0.0%
Macro                  7.07e-05   0.00e+00   7.92e-07   7.15e-05   0.5%
Pad                    2.81e-04   4.59e-03   1.08e-07   4.88e-03  33.4%
----------------------------------------------------------------
Total                  9.51e-03   5.07e-03   5.26e-06   1.46e-02 100.0%
                          65.2%      34.8%       0.0%

==========================================================================
02-02_croc.gpl1 report_design_area
--------------------------------------------------------------------------

==========================================================================
02-02_croc.gpl1 area by hierarchy
--------------------------------------------------------------------------

--------------------------------------------------------------------------------
Design Area Summary
--------------------------------------------------------------------------------
Die Area:              4629056.0 um2
Core Area:             2200258.368 um2
Total Area:            2512130.9152 um2
Total Active Area:     869410.9152 um2

Core Utilization:      0.39514037435079996
Std Cell Utilization:  0.29957371744861877

--------------------------------------------------------------------------------
Hierarchical Area Report
--------------------------------------------------------------------------------
                                                                                Global Area (um^2)                                                              Global Instances                                                                Local Area (um^2)                                                               Local Instances
                                                                                ------------------------------------------------------------------------------- ------------------------------------------------------------------------------- ------------------------------------------------------------------------------- ----------------------------------------------------------------------------
Hierarchy Name                                                                  Total           StdCell         Macro           Cover           Pad             Total           StdCell         Macro           Cover           Pad             Total           StdCell         Macro           Cover           Pad             Total           StdCell         Macro           Cover           Pad             
-----------------------------------------------------------------------------------------------------------------------------------------------------------------------------------------------------------------------------------------------------------------------------------------------------------------------------------------------------------------------------------------------------------
<top>                                                                           2512130.915     569206.109      300204.806      313600.000      1329120.000     54202           53878           2               64              258             1681646.541     38926.541       0.000           313600.000      1329120.000     9246            8924            0               64              258             
  i_croc_soc                                                                    830484.374      530279.568      300204.806      0.000           0.000           44956           44954           2               0               0               117.130         117.130         0.000           0.000           0.000           5               5               0               0               0               
    i_croc                                                                      613810.138      313605.331      300204.806      0.000           0.000           25385           25383           2               0               0               31616.525       31616.525       0.000           0.000           0.000           3854            3854            0               0               0               
      gen_sram_bank\[0\].i_sram                                                 151218.662      1116.259        150102.403      0.000           0.000           187             186             1               0               0               151218.662      1116.259        150102.403      0.000           0.000           187             186             1               0               0               
      gen_sram_bank\[1\].i_sram                                                 151218.662      1116.259        150102.403      0.000           0.000           187             186             1               0               0               151218.662      1116.259        150102.403      0.000           0.000           187             186             1               0               0               
      i_bootrom                                                                 2740.550        2740.550        0.000           0.000           0.000           302             302             0               0               0               2740.550        2740.550        0.000           0.000           0.000           302             302             0               0               0               
      i_clint                                                                   9879.811        9879.811        0.000           0.000           0.000           719             719             0               0               0               9823.363        9823.363        0.000           0.000           0.000           717             717             0               0               0               
        i_sync                                                                  56.448          56.448          0.000           0.000           0.000           2               2               0               0               0               56.448          56.448          0.000           0.000           0.000           2               2               0               0               0               
      i_core_wrap                                                               140060.189      140060.189      0.000           0.000           0.000           10697           10697           0               0               0               45674.899       45674.899       0.000           0.000           0.000           4326            4326            0               0               0               
        i_core.cs_registers_i                                                   34644.960       34644.960       0.000           0.000           0.000           2850            2850            0               0               0               34644.960       34644.960       0.000           0.000           0.000           2850            2850            0               0               0               
        i_core.register_file_i                                                  59740.330       59740.330       0.000           0.000           0.000           3521            3521            0               0               0               59740.330       59740.330       0.000           0.000           0.000           3521            3521            0               0               0               
      i_dm_top.i_dm_top                                                         47774.765       47774.765       0.000           0.000           0.000           3914            3914            0               0               0               47774.765       47774.765       0.000           0.000           0.000           3914            3914            0               0               0               
      i_dmi_jtag                                                                23349.715       23349.715       0.000           0.000           0.000           1745            1745            0               0               0               10452.758       10452.758       0.000           0.000           0.000           843             843             0               0               0               
        i_dmi_cdc.i_cdc_req                                                     6779.405        6779.405        0.000           0.000           0.000           470             470             0               0               0               141.120         141.120         0.000           0.000           0.000           8               8               0               0               0               
          i_cdc_reset_ctrlr                                                     2346.826        2346.826        0.000           0.000           0.000           195             195             0               0               0               0.000           0.000           0.000           0.000           0.000           0               0               0               0               0               
            i_cdc_reset_ctrlr_half_a                                            1171.296        1171.296        0.000           0.000           0.000           97              97              0               0               0               640.685         640.685         0.000           0.000           0.000           62              62              0               0               0               
              i_state_transition_cdc_dst                                        198.979         198.979         0.000           0.000           0.000           13              13              0               0               0               142.531         142.531         0.000           0.000           0.000           11              11              0               0               0               
                i_sync                                                          56.448          56.448          0.000           0.000           0.000           2               2               0               0               0               56.448          56.448          0.000           0.000           0.000           2               2               0               0               0               
              i_state_transition_cdc_src                                        331.632         331.632         0.000           0.000           0.000           22              22              0               0               0               275.184         275.184         0.000           0.000           0.000           20              20              0               0               0               
                i_sync                                                          56.448          56.448          0.000           0.000           0.000           2               2               0               0               0               56.448          56.448          0.000           0.000           0.000           2               2               0               0               0               
            i_cdc_reset_ctrlr_half_b                                            1175.530        1175.530        0.000           0.000           0.000           98              98              0               0               0               644.918         644.918         0.000           0.000           0.000           63              63              0               0               0               
              i_state_transition_cdc_dst                                        198.979         198.979         0.000           0.000           0.000           13              13              0               0               0               142.531         142.531         0.000           0.000           0.000           11              11              0               0               0               
                i_sync                                                          56.448          56.448          0.000           0.000           0.000           2               2               0               0               0               56.448          56.448          0.000           0.000           0.000           2               2               0               0               0               
              i_state_transition_cdc_src                                        331.632         331.632         0.000           0.000           0.000           22              22              0               0               0               275.184         275.184         0.000           0.000           0.000           20              20              0               0               0               
                i_sync                                                          56.448          56.448          0.000           0.000           0.000           2               2               0               0               0               56.448          56.448          0.000           0.000           0.000           2               2               0               0               0               
          i_dst                                                                 2167.603        2167.603        0.000           0.000           0.000           135             135             0               0               0               2082.931        2082.931        0.000           0.000           0.000           132             132             0               0               0               
            i_sync                                                              84.672          84.672          0.000           0.000           0.000           3               3               0               0               0               84.672          84.672          0.000           0.000           0.000           3               3               0               0               0               
          i_src                                                                 2123.856        2123.856        0.000           0.000           0.000           132             132             0               0               0               2039.184        2039.184        0.000           0.000           0.000           129             129             0               0               0               
            i_sync                                                              84.672          84.672          0.000           0.000           0.000           3               3               0               0               0               84.672          84.672          0.000           0.000           0.000           3               3               0               0               0               
        i_dmi_cdc.i_cdc_resp                                                    6100.618        6100.618        0.000           0.000           0.000           430             430             0               0               0               145.354         145.354         0.000           0.000           0.000           9               9               0               0               0               
          i_cdc_reset_ctrlr                                                     2334.125        2334.125        0.000           0.000           0.000           196             196             0               0               0               0.000           0.000           0.000           0.000           0.000           0               0               0               0               0               
            i_cdc_reset_ctrlr_half_a                                            1162.829        1162.829        0.000           0.000           0.000           99              99              0               0               0               632.218         632.218         0.000           0.000           0.000           64              64              0               0               0               
              i_state_transition_cdc_dst                                        198.979         198.979         0.000           0.000           0.000           13              13              0               0               0               142.531         142.531         0.000           0.000           0.000           11              11              0               0               0               
                i_sync                                                          56.448          56.448          0.000           0.000           0.000           2               2               0               0               0               56.448          56.448          0.000           0.000           0.000           2               2               0               0               0               
              i_state_transition_cdc_src                                        331.632         331.632         0.000           0.000           0.000           22              22              0               0               0               275.184         275.184         0.000           0.000           0.000           20              20              0               0               0               
                i_sync                                                          56.448          56.448          0.000           0.000           0.000           2               2               0               0               0               56.448          56.448          0.000           0.000           0.000           2               2               0               0               0               
            i_cdc_reset_ctrlr_half_b                                            1171.296        1171.296        0.000           0.000           0.000           97              97              0               0               0               640.685         640.685         0.000           0.000           0.000           62              62              0               0               0               
              i_state_transition_cdc_dst                                        198.979         198.979         0.000           0.000           0.000           13              13              0               0               0               142.531         142.531         0.000           0.000           0.000           11              11              0               0               0               
                i_sync                                                          56.448          56.448          0.000           0.000           0.000           2               2               0               0               0               56.448          56.448          0.000           0.000           0.000           2               2               0               0               0               
              i_state_transition_cdc_src                                        331.632         331.632         0.000           0.000           0.000           22              22              0               0               0               275.184         275.184         0.000           0.000           0.000           20              20              0               0               0               
                i_sync                                                          56.448          56.448          0.000           0.000           0.000           2               2               0               0               0               56.448          56.448          0.000           0.000           0.000           2               2               0               0               0               
          i_dst                                                                 1833.149        1833.149        0.000           0.000           0.000           114             114             0               0               0               1748.477        1748.477        0.000           0.000           0.000           111             111             0               0               0               
            i_sync                                                              84.672          84.672          0.000           0.000           0.000           3               3               0               0               0               84.672          84.672          0.000           0.000           0.000           3               3               0               0               0               
          i_src                                                                 1787.990        1787.990        0.000           0.000           0.000           111             111             0               0               0               1703.318        1703.318        0.000           0.000           0.000           108             108             0               0               0               
            i_sync                                                              84.672          84.672          0.000           0.000           0.000           3               3               0               0               0               84.672          84.672          0.000           0.000           0.000           3               3               0               0               0               
        i_dmi_jtag_tap.i_dft_tck_mux                                            12.701          12.701          0.000           0.000           0.000           1               1               0               0               0               12.701          12.701          0.000           0.000           0.000           1               1               0               0               0               
        i_dmi_jtag_tap.i_tck_inv                                                4.234           4.234           0.000           0.000           0.000           1               1               0               0               0               4.234           4.234           0.000           0.000           0.000           1               1               0               0               0               
      i_gpio                                                                    17026.128       17026.128       0.000           0.000           0.000           1224            1224            0               0               0               15219.792       15219.792       0.000           0.000           0.000           1160            1160            0               0               0               
        gen_gpios\[0\].i_sync                                                   56.448          56.448          0.000           0.000           0.000           2               2               0               0               0               56.448          56.448          0.000           0.000           0.000           2               2               0               0               0               
        gen_gpios\[10\].i_sync                                                  56.448          56.448          0.000           0.000           0.000           2               2               0               0               0               56.448          56.448          0.000           0.000           0.000           2               2               0               0               0               
        gen_gpios\[11\].i_sync                                                  56.448          56.448          0.000           0.000           0.000           2               2               0               0               0               56.448          56.448          0.000           0.000           0.000           2               2               0               0               0               
        gen_gpios\[12\].i_sync                                                  56.448          56.448          0.000           0.000           0.000           2               2               0               0               0               56.448          56.448          0.000           0.000           0.000           2               2               0               0               0               
        gen_gpios\[13\].i_sync                                                  56.448          56.448          0.000           0.000           0.000           2               2               0               0               0               56.448          56.448          0.000           0.000           0.000           2               2               0               0               0               
        gen_gpios\[14\].i_sync                                                  56.448          56.448          0.000           0.000           0.000           2               2               0               0               0               56.448          56.448          0.000           0.000           0.000           2               2               0               0               0               
        gen_gpios\[15\].i_sync                                                  56.448          56.448          0.000           0.000           0.000           2               2               0               0               0               56.448          56.448          0.000           0.000           0.000           2               2               0               0               0               
        gen_gpios\[16\].i_sync                                                  56.448          56.448          0.000           0.000           0.000           2               2               0               0               0               56.448          56.448          0.000           0.000           0.000           2               2               0               0               0               
        gen_gpios\[17\].i_sync                                                  56.448          56.448          0.000           0.000           0.000           2               2               0               0               0               56.448          56.448          0.000           0.000           0.000           2               2               0               0               0               
        gen_gpios\[18\].i_sync                                                  56.448          56.448          0.000           0.000           0.000           2               2               0               0               0               56.448          56.448          0.000           0.000           0.000           2               2               0               0               0               
        gen_gpios\[19\].i_sync                                                  56.448          56.448          0.000           0.000           0.000           2               2               0               0               0               56.448          56.448          0.000           0.000           0.000           2               2               0               0               0               
        gen_gpios\[1\].i_sync                                                   56.448          56.448          0.000           0.000           0.000           2               2               0               0               0               56.448          56.448          0.000           0.000           0.000           2               2               0               0               0               
        gen_gpios\[20\].i_sync                                                  56.448          56.448          0.000           0.000           0.000           2               2               0               0               0               56.448          56.448          0.000           0.000           0.000           2               2               0               0               0               
        gen_gpios\[21\].i_sync                                                  56.448          56.448          0.000           0.000           0.000           2               2               0               0               0               56.448          56.448          0.000           0.000           0.000           2               2               0               0               0               
        gen_gpios\[22\].i_sync                                                  56.448          56.448          0.000           0.000           0.000           2               2               0               0               0               56.448          56.448          0.000           0.000           0.000           2               2               0               0               0               
        gen_gpios\[23\].i_sync                                                  56.448          56.448          0.000           0.000           0.000           2               2               0               0               0               56.448          56.448          0.000           0.000           0.000           2               2               0               0               0               
        gen_gpios\[24\].i_sync                                                  56.448          56.448          0.000           0.000           0.000           2               2               0               0               0               56.448          56.448          0.000           0.000           0.000           2               2               0               0               0               
        gen_gpios\[25\].i_sync                                                  56.448          56.448          0.000           0.000           0.000           2               2               0               0               0               56.448          56.448          0.000           0.000           0.000           2               2               0               0               0               
        gen_gpios\[26\].i_sync                                                  56.448          56.448          0.000           0.000           0.000           2               2               0               0               0               56.448          56.448          0.000           0.000           0.000           2               2               0               0               0               
        gen_gpios\[27\].i_sync                                                  56.448          56.448          0.000           0.000           0.000           2               2               0               0               0               56.448          56.448          0.000           0.000           0.000           2               2               0               0               0               
        gen_gpios\[28\].i_sync                                                  56.448          56.448          0.000           0.000           0.000           2               2               0               0               0               56.448          56.448          0.000           0.000           0.000           2               2               0               0               0               
        gen_gpios\[29\].i_sync                                                  56.448          56.448          0.000           0.000           0.000           2               2               0               0               0               56.448          56.448          0.000           0.000           0.000           2               2               0               0               0               
        gen_gpios\[2\].i_sync                                                   56.448          56.448          0.000           0.000           0.000           2               2               0               0               0               56.448          56.448          0.000           0.000           0.000           2               2               0               0               0               
        gen_gpios\[30\].i_sync                                                  56.448          56.448          0.000           0.000           0.000           2               2               0               0               0               56.448          56.448          0.000           0.000           0.000           2               2               0               0               0               
        gen_gpios\[31\].i_sync                                                  56.448          56.448          0.000           0.000           0.000           2               2               0               0               0               56.448          56.448          0.000           0.000           0.000           2               2               0               0               0               
        gen_gpios\[3\].i_sync                                                   56.448          56.448          0.000           0.000           0.000           2               2               0               0               0               56.448          56.448          0.000           0.000           0.000           2               2               0               0               0               
        gen_gpios\[4\].i_sync                                                   56.448          56.448          0.000           0.000           0.000           2               2               0               0               0               56.448          56.448          0.000           0.000           0.000           2               2               0               0               0               
        gen_gpios\[5\].i_sync                                                   56.448          56.448          0.000           0.000           0.000           2               2               0               0               0               56.448          56.448          0.000           0.000           0.000           2               2               0               0               0               
        gen_gpios\[6\].i_sync                                                   56.448          56.448          0.000           0.000           0.000           2               2               0               0               0               56.448          56.448          0.000           0.000           0.000           2               2               0               0               0               
        gen_gpios\[7\].i_sync                                                   56.448          56.448          0.000           0.000           0.000           2               2               0               0               0               56.448          56.448          0.000           0.000           0.000           2               2               0               0               0               
        gen_gpios\[8\].i_sync                                                   56.448          56.448          0.000           0.000           0.000           2               2               0               0               0               56.448          56.448          0.000           0.000           0.000           2               2               0               0               0               
        gen_gpios\[9\].i_sync                                                   56.448          56.448          0.000           0.000           0.000           2               2               0               0               0               56.448          56.448          0.000           0.000           0.000           2               2               0               0               0               
      i_obi_timer                                                               6793.517        6793.517        0.000           0.000           0.000           504             504             0               0               0               6793.517        6793.517        0.000           0.000           0.000           504             504             0               0               0               
      i_soc_ctrl                                                                4067.078        4067.078        0.000           0.000           0.000           280             280             0               0               0               4067.078        4067.078        0.000           0.000           0.000           280             280             0               0               0               
      i_uart                                                                    28064.534       28064.534       0.000           0.000           0.000           1772            1772            0               0               0               27765.360       27765.360       0.000           0.000           0.000           1758            1758            0               0               0               
        i_uart_modem.i_sync_cd                                                  60.682          60.682          0.000           0.000           0.000           3               3               0               0               0               60.682          60.682          0.000           0.000           0.000           3               3               0               0               0               
        i_uart_modem.i_sync_cts                                                 60.682          60.682          0.000           0.000           0.000           3               3               0               0               0               60.682          60.682          0.000           0.000           0.000           3               3               0               0               0               
        i_uart_modem.i_sync_dsr                                                 60.682          60.682          0.000           0.000           0.000           3               3               0               0               0               60.682          60.682          0.000           0.000           0.000           3               3               0               0               0               
        i_uart_modem.i_sync_ri                                                  60.682          60.682          0.000           0.000           0.000           3               3               0               0               0               60.682          60.682          0.000           0.000           0.000           3               3               0               0               0               
        i_uart_rx.i_sync                                                        56.448          56.448          0.000           0.000           0.000           2               2               0               0               0               56.448          56.448          0.000           0.000           0.000           2               2               0               0               0               
    i_rstgen.i_rstgen_bypass.i_tc_clk_mux2_init_no                              16.934          16.934          0.000           0.000           0.000           2               2               0               0               0               16.934          16.934          0.000           0.000           0.000           2               2               0               0               0               
    i_rstgen.i_rstgen_bypass.i_tc_clk_mux2_rst_n                                12.701          12.701          0.000           0.000           0.000           1               1               0               0               0               12.701          12.701          0.000           0.000           0.000           1               1               0               0               0               
    i_rstgen.i_rstgen_bypass.i_tc_clk_mux2_rst_no                               12.701          12.701          0.000           0.000           0.000           1               1               0               0               0               12.701          12.701          0.000           0.000           0.000           1               1               0               0               0               
    i_user                                                                      216514.771      216514.771      0.000           0.000           0.000           19562           19562           0               0               0               216514.771      216514.771      0.000           0.000           0.000           19562           19562           0               0               0               
