
41. Executing CHECK pass (checking for obvious problems).
Checking module cdc_2phase_clearable$croc_chip.i_croc_soc.i_croc.i_dmi_jtag.i_dmi_cdc.i_cdc_req...
Checking module cdc_2phase_clearable$croc_chip.i_croc_soc.i_croc.i_dmi_jtag.i_dmi_cdc.i_cdc_resp...
Checking module cdc_2phase_dst_clearable$croc_chip.i_croc_soc.i_croc.i_dmi_jtag.i_dmi_cdc.i_cdc_req.i_dst...
Checking module cdc_2phase_dst_clearable$croc_chip.i_croc_soc.i_croc.i_dmi_jtag.i_dmi_cdc.i_cdc_resp.i_dst...
Checking module cdc_2phase_src_clearable$croc_chip.i_croc_soc.i_croc.i_dmi_jtag.i_dmi_cdc.i_cdc_req.i_src...
Checking module cdc_2phase_src_clearable$croc_chip.i_croc_soc.i_croc.i_dmi_jtag.i_dmi_cdc.i_cdc_resp.i_src...
Checking module cdc_4phase_dst$croc_chip.i_croc_soc.i_croc.i_dmi_jtag.i_dmi_cdc.i_cdc_req.i_cdc_reset_ctrlr.i_cdc_reset_ctrlr_half_a.i_state_transition_cdc_dst...
Checking module cdc_4phase_dst$croc_chip.i_croc_soc.i_croc.i_dmi_jtag.i_dmi_cdc.i_cdc_req.i_cdc_reset_ctrlr.i_cdc_reset_ctrlr_half_b.i_state_transition_cdc_dst...
Checking module cdc_4phase_dst$croc_chip.i_croc_soc.i_croc.i_dmi_jtag.i_dmi_cdc.i_cdc_resp.i_cdc_reset_ctrlr.i_cdc_reset_ctrlr_half_a.i_state_transition_cdc_dst...
Checking module cdc_4phase_dst$croc_chip.i_croc_soc.i_croc.i_dmi_jtag.i_dmi_cdc.i_cdc_resp.i_cdc_reset_ctrlr.i_cdc_reset_ctrlr_half_b.i_state_transition_cdc_dst...
Checking module cdc_4phase_src$croc_chip.i_croc_soc.i_croc.i_dmi_jtag.i_dmi_cdc.i_cdc_req.i_cdc_reset_ctrlr.i_cdc_reset_ctrlr_half_a.i_state_transition_cdc_src...
Checking module cdc_4phase_src$croc_chip.i_croc_soc.i_croc.i_dmi_jtag.i_dmi_cdc.i_cdc_req.i_cdc_reset_ctrlr.i_cdc_reset_ctrlr_half_b.i_state_transition_cdc_src...
Checking module cdc_4phase_src$croc_chip.i_croc_soc.i_croc.i_dmi_jtag.i_dmi_cdc.i_cdc_resp.i_cdc_reset_ctrlr.i_cdc_reset_ctrlr_half_a.i_state_transition_cdc_src...
Checking module cdc_4phase_src$croc_chip.i_croc_soc.i_croc.i_dmi_jtag.i_dmi_cdc.i_cdc_resp.i_cdc_reset_ctrlr.i_cdc_reset_ctrlr_half_b.i_state_transition_cdc_src...
Checking module cdc_reset_ctrlr$croc_chip.i_croc_soc.i_croc.i_dmi_jtag.i_dmi_cdc.i_cdc_req.i_cdc_reset_ctrlr...
Checking module cdc_reset_ctrlr$croc_chip.i_croc_soc.i_croc.i_dmi_jtag.i_dmi_cdc.i_cdc_resp.i_cdc_reset_ctrlr...
Checking module cdc_reset_ctrlr_half$croc_chip.i_croc_soc.i_croc.i_dmi_jtag.i_dmi_cdc.i_cdc_req.i_cdc_reset_ctrlr.i_cdc_reset_ctrlr_half_a...
Checking module cdc_reset_ctrlr_half$croc_chip.i_croc_soc.i_croc.i_dmi_jtag.i_dmi_cdc.i_cdc_req.i_cdc_reset_ctrlr.i_cdc_reset_ctrlr_half_b...
Checking module cdc_reset_ctrlr_half$croc_chip.i_croc_soc.i_croc.i_dmi_jtag.i_dmi_cdc.i_cdc_resp.i_cdc_reset_ctrlr.i_cdc_reset_ctrlr_half_a...
Checking module cdc_reset_ctrlr_half$croc_chip.i_croc_soc.i_croc.i_dmi_jtag.i_dmi_cdc.i_cdc_resp.i_cdc_reset_ctrlr.i_cdc_reset_ctrlr_half_b...
Checking module croc_chip...
Checking module sync$croc_chip.i_croc_soc.i_croc.i_clint.i_sync...
Checking module sync$croc_chip.i_croc_soc.i_croc.i_dmi_jtag.i_dmi_cdc.i_cdc_req.i_cdc_reset_ctrlr.i_cdc_reset_ctrlr_half_a.i_state_transition_cdc_dst.i_sync...
Checking module sync$croc_chip.i_croc_soc.i_croc.i_dmi_jtag.i_dmi_cdc.i_cdc_req.i_cdc_reset_ctrlr.i_cdc_reset_ctrlr_half_a.i_state_transition_cdc_src.i_sync...
Checking module sync$croc_chip.i_croc_soc.i_croc.i_dmi_jtag.i_dmi_cdc.i_cdc_req.i_cdc_reset_ctrlr.i_cdc_reset_ctrlr_half_b.i_state_transition_cdc_dst.i_sync...
Checking module sync$croc_chip.i_croc_soc.i_croc.i_dmi_jtag.i_dmi_cdc.i_cdc_req.i_cdc_reset_ctrlr.i_cdc_reset_ctrlr_half_b.i_state_transition_cdc_src.i_sync...
Checking module sync$croc_chip.i_croc_soc.i_croc.i_dmi_jtag.i_dmi_cdc.i_cdc_req.i_dst.i_sync...
Checking module sync$croc_chip.i_croc_soc.i_croc.i_dmi_jtag.i_dmi_cdc.i_cdc_req.i_src.i_sync...
Checking module sync$croc_chip.i_croc_soc.i_croc.i_dmi_jtag.i_dmi_cdc.i_cdc_resp.i_cdc_reset_ctrlr.i_cdc_reset_ctrlr_half_a.i_state_transition_cdc_dst.i_sync...
Checking module sync$croc_chip.i_croc_soc.i_croc.i_dmi_jtag.i_dmi_cdc.i_cdc_resp.i_cdc_reset_ctrlr.i_cdc_reset_ctrlr_half_a.i_state_transition_cdc_src.i_sync...
Checking module sync$croc_chip.i_croc_soc.i_croc.i_dmi_jtag.i_dmi_cdc.i_cdc_resp.i_cdc_reset_ctrlr.i_cdc_reset_ctrlr_half_b.i_state_transition_cdc_dst.i_sync...
Checking module sync$croc_chip.i_croc_soc.i_croc.i_dmi_jtag.i_dmi_cdc.i_cdc_resp.i_cdc_reset_ctrlr.i_cdc_reset_ctrlr_half_b.i_state_transition_cdc_src.i_sync...
Checking module sync$croc_chip.i_croc_soc.i_croc.i_dmi_jtag.i_dmi_cdc.i_cdc_resp.i_dst.i_sync...
Checking module sync$croc_chip.i_croc_soc.i_croc.i_dmi_jtag.i_dmi_cdc.i_cdc_resp.i_src.i_sync...
Checking module sync$croc_chip.i_croc_soc.i_croc.i_gpio.gen_gpios[0].i_sync...
Checking module sync$croc_chip.i_croc_soc.i_croc.i_gpio.gen_gpios[10].i_sync...
Checking module sync$croc_chip.i_croc_soc.i_croc.i_gpio.gen_gpios[11].i_sync...
Checking module sync$croc_chip.i_croc_soc.i_croc.i_gpio.gen_gpios[12].i_sync...
Checking module sync$croc_chip.i_croc_soc.i_croc.i_gpio.gen_gpios[13].i_sync...
Checking module sync$croc_chip.i_croc_soc.i_croc.i_gpio.gen_gpios[14].i_sync...
Checking module sync$croc_chip.i_croc_soc.i_croc.i_gpio.gen_gpios[15].i_sync...
Checking module sync$croc_chip.i_croc_soc.i_croc.i_gpio.gen_gpios[16].i_sync...
Checking module sync$croc_chip.i_croc_soc.i_croc.i_gpio.gen_gpios[17].i_sync...
Checking module sync$croc_chip.i_croc_soc.i_croc.i_gpio.gen_gpios[18].i_sync...
Checking module sync$croc_chip.i_croc_soc.i_croc.i_gpio.gen_gpios[19].i_sync...
Checking module sync$croc_chip.i_croc_soc.i_croc.i_gpio.gen_gpios[1].i_sync...
Checking module sync$croc_chip.i_croc_soc.i_croc.i_gpio.gen_gpios[20].i_sync...
Checking module sync$croc_chip.i_croc_soc.i_croc.i_gpio.gen_gpios[21].i_sync...
Checking module sync$croc_chip.i_croc_soc.i_croc.i_gpio.gen_gpios[22].i_sync...
Checking module sync$croc_chip.i_croc_soc.i_croc.i_gpio.gen_gpios[23].i_sync...
Checking module sync$croc_chip.i_croc_soc.i_croc.i_gpio.gen_gpios[24].i_sync...
Checking module sync$croc_chip.i_croc_soc.i_croc.i_gpio.gen_gpios[25].i_sync...
Checking module sync$croc_chip.i_croc_soc.i_croc.i_gpio.gen_gpios[26].i_sync...
Checking module sync$croc_chip.i_croc_soc.i_croc.i_gpio.gen_gpios[27].i_sync...
Checking module sync$croc_chip.i_croc_soc.i_croc.i_gpio.gen_gpios[28].i_sync...
Checking module sync$croc_chip.i_croc_soc.i_croc.i_gpio.gen_gpios[29].i_sync...
Checking module sync$croc_chip.i_croc_soc.i_croc.i_gpio.gen_gpios[2].i_sync...
Checking module sync$croc_chip.i_croc_soc.i_croc.i_gpio.gen_gpios[30].i_sync...
Checking module sync$croc_chip.i_croc_soc.i_croc.i_gpio.gen_gpios[31].i_sync...
Checking module sync$croc_chip.i_croc_soc.i_croc.i_gpio.gen_gpios[3].i_sync...
Checking module sync$croc_chip.i_croc_soc.i_croc.i_gpio.gen_gpios[4].i_sync...
Checking module sync$croc_chip.i_croc_soc.i_croc.i_gpio.gen_gpios[5].i_sync...
Checking module sync$croc_chip.i_croc_soc.i_croc.i_gpio.gen_gpios[6].i_sync...
Checking module sync$croc_chip.i_croc_soc.i_croc.i_gpio.gen_gpios[7].i_sync...
Checking module sync$croc_chip.i_croc_soc.i_croc.i_gpio.gen_gpios[8].i_sync...
Checking module sync$croc_chip.i_croc_soc.i_croc.i_gpio.gen_gpios[9].i_sync...
Checking module sync$croc_chip.i_croc_soc.i_croc.i_uart.i_uart_modem.i_sync_cd...
Checking module sync$croc_chip.i_croc_soc.i_croc.i_uart.i_uart_modem.i_sync_cts...
Checking module sync$croc_chip.i_croc_soc.i_croc.i_uart.i_uart_modem.i_sync_dsr...
Checking module sync$croc_chip.i_croc_soc.i_croc.i_uart.i_uart_modem.i_sync_ri...
Checking module sync$croc_chip.i_croc_soc.i_croc.i_uart.i_uart_rx.i_sync...
Found and reported 0 problems.
