
==========================================================================
02_croc.placed check_setup
--------------------------------------------------------------------------
1

==========================================================================
02_croc.placed report_tns
--------------------------------------------------------------------------
tns max -15.24

==========================================================================
02_croc.placed report_wns
--------------------------------------------------------------------------
wns max -0.17

==========================================================================
02_croc.placed report_worst_slack
--------------------------------------------------------------------------
worst slack max -0.17

==========================================================================
02_croc.placed report_checks -path_delay min
--------------------------------------------------------------------------
[WARNING STA-0168] unknown field nets.
Startpoint: i_croc_soc.i_rstgen.i_rstgen_bypass.synch_regs_q_3__reg
            (rising edge-triggered flip-flop clocked by clk_sys)
Endpoint: i_croc_soc.i_user.i_user_aes_en.addr_q_5__reg
          (removal check against rising-edge clock clk_sys)
Path Group: asynchronous
Path Type: min
Corner: ff

Fanout     Cap    Slew   Delay    Time   Description
-----------------------------------------------------------------------------
                  0.20    0.00    0.00   clock clk_sys (rise edge)
                          0.00    0.00   clock network delay (ideal)
                  0.20    0.00    0.00 ^ i_croc_soc.i_rstgen.i_rstgen_bypass.synch_regs_q_3__reg/CK (DFFRQX3)
     2    0.00    0.03    0.24    0.24 ^ i_croc_soc.i_rstgen.i_rstgen_bypass.synch_regs_q_3__reg/Q (DFFRQX3)
                  0.03    0.00    0.24 ^ i_croc_soc.i_rstgen.i_rstgen_bypass.i_tc_clk_mux2_rst_no.i_mux/A0 (MUX2X2)
    15    0.18    0.54    0.42    0.66 ^ i_croc_soc.i_rstgen.i_rstgen_bypass.i_tc_clk_mux2_rst_no.i_mux/Y (MUX2X2)
                  0.54    0.04    0.70 ^ place11902/A (BUFX3)
     6    0.02    0.07    0.20    0.89 ^ place11902/Y (BUFX3)
                  0.07    0.00    0.89 ^ i_croc_soc.i_user.i_user_aes_en.addr_q_5__reg/RB (DFFRQX3)
                                  0.89   data arrival time

                  0.20    0.00    0.00   clock clk_sys (rise edge)
                          0.00    0.00   clock network delay (ideal)
                          0.10    0.10   clock uncertainty
                          0.00    0.10   clock reconvergence pessimism
                                  0.10 ^ i_croc_soc.i_user.i_user_aes_en.addr_q_5__reg/CK (DFFRQX3)
                         -0.04    0.06   library removal time
                                  0.06   data required time
-----------------------------------------------------------------------------
                                  0.06   data required time
                                 -0.89   data arrival time
-----------------------------------------------------------------------------
                                  0.84   slack (MET)


Startpoint: i_croc_soc.i_croc.i_dmi_jtag.i_dmi_cdc.i_cdc_req/i_cdc_reset_ctrlr/i_cdc_reset_ctrlr_half_a/i_state_transition_cdc_src/i_sync/reg_q_0__reg
            (rising edge-triggered flip-flop clocked by clk_jtg)
Endpoint: i_croc_soc.i_croc.i_dmi_jtag.i_dmi_cdc.i_cdc_req/i_cdc_reset_ctrlr/i_cdc_reset_ctrlr_half_a/i_state_transition_cdc_src/i_sync/serial_o_reg
          (rising edge-triggered flip-flop clocked by clk_jtg)
Path Group: clk_jtg
Path Type: min
Corner: ff

Fanout     Cap    Slew   Delay    Time   Description
-----------------------------------------------------------------------------
                  0.20    0.00    0.00   clock clk_jtg (rise edge)
                          0.00    0.00   clock network delay (ideal)
                  0.20    0.00    0.00 ^ i_croc_soc.i_croc.i_dmi_jtag.i_dmi_cdc.i_cdc_req/i_cdc_reset_ctrlr/i_cdc_reset_ctrlr_half_a/i_state_transition_cdc_src/i_sync/reg_q_0__reg/CK (DFFRQX3)
     1    0.00    0.02    0.22    0.22 v i_croc_soc.i_croc.i_dmi_jtag.i_dmi_cdc.i_cdc_req/i_cdc_reset_ctrlr/i_cdc_reset_ctrlr_half_a/i_state_transition_cdc_src/i_sync/reg_q_0__reg/Q (DFFRQX3)
                  0.02    0.00    0.22 v i_croc_soc.i_croc.i_dmi_jtag.i_dmi_cdc.i_cdc_req/i_cdc_reset_ctrlr/i_cdc_reset_ctrlr_half_a/i_state_transition_cdc_src/i_sync/serial_o_reg/D (DFFRQX3)
                                  0.22   data arrival time

                  0.20    0.00    0.00   clock clk_jtg (rise edge)
                          0.00    0.00   clock network delay (ideal)
                          0.10    0.10   clock uncertainty
                          0.00    0.10   clock reconvergence pessimism
                                  0.10 ^ i_croc_soc.i_croc.i_dmi_jtag.i_dmi_cdc.i_cdc_req/i_cdc_reset_ctrlr/i_cdc_reset_ctrlr_half_a/i_state_transition_cdc_src/i_sync/serial_o_reg/CK (DFFRQX3)
                          0.05    0.15   library hold time
                                  0.15   data required time
-----------------------------------------------------------------------------
                                  0.15   data required time
                                 -0.22   data arrival time
-----------------------------------------------------------------------------
                                  0.07   slack (MET)


Startpoint: i_croc_soc.i_croc.i_dm_top.i_dm_top.i_dm_csrs.sbaddr_q_10__reg
            (rising edge-triggered flip-flop clocked by clk_sys)
Endpoint: i_croc_soc.i_croc.gen_sram_bank[0].i_sram.gen_2048x32xBx1.i_cut
          (rising edge-triggered flip-flop clocked by clk_sys)
Path Group: clk_sys
Path Type: min
Corner: ff

Fanout     Cap    Slew   Delay    Time   Description
-----------------------------------------------------------------------------
                  0.20    0.00    0.00   clock clk_sys (rise edge)
                          0.00    0.00   clock network delay (ideal)
                  0.20    0.00    0.00 ^ i_croc_soc.i_croc.i_dm_top.i_dm_top.i_dm_csrs.sbaddr_q_10__reg/CK (DFFRQX3)
     9    0.05    0.09    0.28    0.28 v i_croc_soc.i_croc.i_dm_top.i_dm_top.i_dm_csrs.sbaddr_q_10__reg/Q (DFFRQX3)
                  0.09    0.00    0.29 v _35089_/A (NAND3X1)
     1    0.00    0.03    0.05    0.33 ^ _35089_/Y (NAND3X1)
                  0.03    0.00    0.33 ^ _35090_/C (OAI21X1)
     1    0.00    0.03    0.04    0.37 v _35090_/Y (OAI21X1)
                  0.03    0.00    0.37 v place10704/A (BUFX8)
     1    0.08    0.06    0.10    0.47 v place10704/Y (BUFX8)
                  0.09    0.02    0.49 v i_croc_soc.i_croc.gen_sram_bank[0].i_sram.gen_2048x32xBx1.i_cut/A_ADDR[7] (RM_IHPSG13_1P_1024x64_c2_bm_bist)
                                  0.49   data arrival time

                  0.20    0.00    0.00   clock clk_sys (rise edge)
                          0.00    0.00   clock network delay (ideal)
                          0.10    0.10   clock uncertainty
                          0.00    0.10   clock reconvergence pessimism
                                  0.10 ^ i_croc_soc.i_croc.gen_sram_bank[0].i_sram.gen_2048x32xBx1.i_cut/A_CLK (RM_IHPSG13_1P_1024x64_c2_bm_bist)
                          0.37    0.47   library hold time
                                  0.47   data required time
-----------------------------------------------------------------------------
                                  0.47   data required time
                                 -0.49   data arrival time
-----------------------------------------------------------------------------
                                  0.02   slack (MET)



==========================================================================
02_croc.placed report_checks -path_delay max
--------------------------------------------------------------------------
[WARNING STA-0168] unknown field nets.
Startpoint: i_croc_soc.i_rstgen.i_rstgen_bypass.synch_regs_q_3__reg
            (rising edge-triggered flip-flop clocked by clk_sys)
Endpoint: i_croc_soc.i_croc.i_uart.i_uart_tx.i_fifo_v3.mem_q_33__reg
          (recovery check against rising-edge clock clk_sys)
Path Group: asynchronous
Path Type: max
Corner: tt

Fanout     Cap    Slew   Delay    Time   Description
-----------------------------------------------------------------------------
                  0.20    0.00    0.00   clock clk_sys (rise edge)
                          0.00    0.00   clock network delay (ideal)
                  0.20    0.00    0.00 ^ i_croc_soc.i_rstgen.i_rstgen_bypass.synch_regs_q_3__reg/CK (DFFRQX3)
     2    0.00    0.05    0.34    0.34 ^ i_croc_soc.i_rstgen.i_rstgen_bypass.synch_regs_q_3__reg/Q (DFFRQX3)
                  0.05    0.00    0.34 ^ i_croc_soc.i_rstgen.i_rstgen_bypass.i_tc_clk_mux2_rst_no.i_mux/A0 (MUX2X2)
    15    0.19    0.87    0.69    1.04 ^ i_croc_soc.i_rstgen.i_rstgen_bypass.i_tc_clk_mux2_rst_no.i_mux/Y (MUX2X2)
                  0.87    0.04    1.08 ^ place12059/A (BUFX4)
    14    0.11    0.27    0.51    1.58 ^ place12059/Y (BUFX4)
                  0.28    0.02    1.60 ^ place12090/A (BUFX3)
    14    0.06    0.21    0.30    1.90 ^ place12090/Y (BUFX3)
                  0.21    0.00    1.90 ^ place12103/A (BUFX3)
    16    0.06    0.23    0.29    2.19 ^ place12103/Y (BUFX3)
                  0.23    0.00    2.20 ^ place12104/A (BUFX3)
    14    0.05    0.19    0.27    2.47 ^ place12104/Y (BUFX3)
                  0.19    0.00    2.47 ^ place12107/A (BUFX3)
    16    0.06    0.22    0.28    2.75 ^ place12107/Y (BUFX3)
                  0.22    0.00    2.75 ^ place12108/A (BUFX3)
    15    0.06    0.22    0.29    3.04 ^ place12108/Y (BUFX3)
                  0.22    0.00    3.04 ^ i_croc_soc.i_croc.i_uart.i_uart_tx.i_fifo_v3.mem_q_33__reg/RB (DFFRQX3)
                                  3.04   data arrival time

                  0.20   10.00   10.00   clock clk_sys (rise edge)
                          0.00   10.00   clock network delay (ideal)
                         -0.10    9.90   clock uncertainty
                          0.00    9.90   clock reconvergence pessimism
                                  9.90 ^ i_croc_soc.i_croc.i_uart.i_uart_tx.i_fifo_v3.mem_q_33__reg/CK (DFFRQX3)
                         -0.15    9.75   library recovery time
                                  9.75   data required time
-----------------------------------------------------------------------------
                                  9.75   data required time
                                 -3.04   data arrival time
-----------------------------------------------------------------------------
                                  6.71   slack (MET)


Startpoint: i_croc_soc.i_croc.i_dmi_jtag.i_dmi_cdc.i_cdc_req/i_dst/async_ack_o_reg
            (rising edge-triggered flip-flop clocked by clk_sys)
Endpoint: i_croc_soc.i_croc.i_dm_top.i_dm_top.data_csrs_mem_6__reg
          (rising edge-triggered flip-flop clocked by clk_sys)
Path Group: path delay
Path Type: max
Corner: tt

Fanout     Cap    Slew   Delay    Time   Description
-----------------------------------------------------------------------------
                  0.20    0.00    0.00 ^ i_croc_soc.i_croc.i_dmi_jtag.i_dmi_cdc.i_cdc_req/i_dst/async_ack_o_reg/CK (DFFRQX3)
     6    0.02    0.08    0.38    0.38 ^ i_croc_soc.i_croc.i_dmi_jtag.i_dmi_cdc.i_cdc_req/i_dst/async_ack_o_reg/Q (DFFRQX3)
                  0.08    0.00    0.38 ^ i_croc_soc.i_croc.i_dmi_jtag.i_dmi_cdc.i_cdc_req/i_dst/_152_/A (XOR2X1)
     1    0.00    0.09    0.11    0.50 ^ i_croc_soc.i_croc.i_dmi_jtag.i_dmi_cdc.i_cdc_req/i_dst/_152_/Y (XOR2X1)
                  0.09    0.00    0.50 ^ i_croc_soc.i_croc.i_dmi_jtag.i_dmi_cdc.i_cdc_req/_1_/AB (NOR2BX1)
     2    0.00    0.15    0.14    0.64 ^ i_croc_soc.i_croc.i_dmi_jtag.i_dmi_cdc.i_cdc_req/_1_/Y (NOR2BX1)
                  0.15    0.00    0.64 ^ _31211_/A (NAND2X1)
     2    0.02    0.36    0.34    0.98 v _31211_/Y (NAND2X1)
                  0.36    0.00    0.98 v _31212_/B (NOR3BX1P5)
     2    0.01    0.22    0.28    1.26 ^ _31212_/Y (NOR3BX1P5)
                  0.22    0.00    1.26 ^ _43843_/A (NAND2X1)
     2    0.01    0.15    0.19    1.45 v _43843_/Y (NAND2X1)
                  0.15    0.00    1.45 v place11314/A (BUFX3)
     3    0.02    0.06    0.16    1.61 v place11314/Y (BUFX3)
                  0.06    0.00    1.61 v _43989_/A (NOR2X1)
     4    0.02    0.34    0.28    1.89 ^ _43989_/Y (NOR2X1)
                  0.34    0.00    1.89 ^ _43992_/B (AOI22X2)
    16    0.04    0.28    0.35    2.24 v _43992_/Y (AOI22X2)
                  0.28    0.00    2.24 v _44262_/D (AO211X2)
     1    0.00    0.05    0.30    2.54 v _44262_/Y (AO211X2)
                  0.05    0.00    2.54 v _44263_/B (AOI21X1)
     1    0.00    0.10    0.10    2.64 ^ _44263_/Y (AOI21X1)
                  0.10    0.00    2.64 ^ i_croc_soc.i_croc.i_dm_top.i_dm_top.data_csrs_mem_6__reg/D (DFFRQX3)
                                  2.64   data arrival time

                          3.00    3.00   max_delay
                         -0.10    2.90   library setup time
                                  2.90   data required time
-----------------------------------------------------------------------------
                                  2.90   data required time
                                 -2.64   data arrival time
-----------------------------------------------------------------------------
                                  0.27   slack (MET)


Startpoint: i_croc_soc.i_croc.i_dmi_jtag.i_dmi_jtag_tap.td_o_reg
            (rising edge-triggered flip-flop clocked by clk_jtg')
Endpoint: jtag_tdo_o (output port clocked by clk_jtg)
Path Group: clk_jtg
Path Type: max
Corner: tt

Fanout     Cap    Slew   Delay    Time   Description
-----------------------------------------------------------------------------
                  0.20   12.50   12.50   clock clk_jtg' (rise edge)
                          0.00   12.50   clock network delay (ideal)
                  0.20    0.00   12.50 ^ i_croc_soc.i_croc.i_dmi_jtag.i_dmi_jtag_tap.td_o_reg/CK (DFFRQX3)
     1    0.10    0.35    0.58   13.08 ^ i_croc_soc.i_croc.i_dmi_jtag.i_dmi_jtag_tap.td_o_reg/Q (DFFRQX3)
                  0.48    0.02   13.10 ^ pad_jtag_tdo_o/c2p (sg13cmos5l_IOPadOut16mA)
     2   15.00    3.55    3.32   16.42 ^ pad_jtag_tdo_o/pad (sg13cmos5l_IOPadOut16mA)
                  2.66    0.00   16.42 ^ jtag_tdo_o (out)
                                 16.42   data arrival time

                  0.20   25.00   25.00   clock clk_jtg (rise edge)
                          0.00   25.00   clock network delay (ideal)
                         -0.10   24.90   clock uncertainty
                          0.00   24.90   clock reconvergence pessimism
                         -5.00   19.90   output external delay
                                 19.90   data required time
-----------------------------------------------------------------------------
                                 19.90   data required time
                                -16.42   data arrival time
-----------------------------------------------------------------------------
                                  3.48   slack (MET)


Startpoint: i_croc_soc.i_croc.i_core_wrap.i_core.id_stage_i.controller_i.instr_i_24__reg
            (rising edge-triggered flip-flop clocked by clk_sys)
Endpoint: i_croc_soc.i_croc.i_dm_top.i_dm_top.i_dm_mem.rdata_q_18__reg
          (rising edge-triggered flip-flop clocked by clk_sys)
Path Group: clk_sys
Path Type: max
Corner: tt

Fanout     Cap    Slew   Delay    Time   Description
-----------------------------------------------------------------------------
                  0.20    0.00    0.00   clock clk_sys (rise edge)
                          0.00    0.00   clock network delay (ideal)
                  0.20    0.00    0.00 ^ i_croc_soc.i_croc.i_core_wrap.i_core.id_stage_i.controller_i.instr_i_24__reg/CK (DFFRQX3)
     2    0.01    0.05    0.35    0.35 ^ i_croc_soc.i_croc.i_core_wrap.i_core.id_stage_i.controller_i.instr_i_24__reg/Q (DFFRQX3)
                  0.05    0.00    0.35 ^ place12648/A (BUFX3)
    16    0.10    0.36    0.32    0.67 ^ place12648/Y (BUFX3)
                  0.36    0.00    0.68 ^ place12649/A (BUFX3)
    14    0.09    0.30    0.39    1.06 ^ place12649/Y (BUFX3)
                  0.30    0.00    1.06 ^ _32127_/AB (NOR3BX1P5)
     4    0.02    0.34    0.36    1.43 ^ _32127_/Y (NOR3BX1P5)
                  0.34    0.00    1.43 ^ _33591_/A (NAND4X2)
     2    0.01    0.14    0.23    1.66 v _33591_/Y (NAND4X2)
                  0.14    0.00    1.66 v _33592_/C (OR3BX1)
     6    0.04    0.55    0.54    2.20 v _33592_/Y (OR3BX1)
                  0.55    0.00    2.20 v _33593_/B (NAND2BX1)
     3    0.01    0.21    0.30    2.50 ^ _33593_/Y (NAND2BX1)
                  0.21    0.00    2.50 ^ _33599_/B (OA211X2)
     1    0.01    0.08    0.24    2.74 ^ _33599_/Y (OA211X2)
                  0.08    0.00    2.74 ^ _33617_/A (OAI21X2)
     9    0.04    0.30    0.25    2.99 v _33617_/Y (OAI21X2)
                  0.30    0.00    2.99 v _33704_/C (NOR4X2)
     2    0.01    0.23    0.25    3.24 ^ _33704_/Y (NOR4X2)
                  0.23    0.00    3.24 ^ _33706_/C (AOAI211X2)
     9    0.03    0.37    0.29    3.53 v _33706_/Y (AOAI211X2)
                  0.37    0.00    3.53 v _34000_/A (AND4X1)
     2    0.02    0.13    0.27    3.80 v _34000_/Y (AND4X1)
                  0.13    0.00    3.80 v place11331/A (BUFX3)
    16    0.05    0.13    0.21    4.02 v place11331/Y (BUFX3)
                  0.13    0.00    4.02 v _34005_/A (OR2X2)
    12    0.05    0.21    0.31    4.33 v _34005_/Y (OR2X2)
                  0.21    0.00    4.33 v _34203_/D (OAOI211X1)
     2    0.03    0.78    0.68    5.01 ^ _34203_/Y (OAOI211X1)
                  0.78    0.00    5.01 ^ _34205_/C (OAI31X1)
     3    0.01    0.26    0.41    5.42 v _34205_/Y (OAI31X1)
                  0.26    0.00    5.42 v _34206_/B (NAND2X1)
     3    0.01    0.12    0.17    5.59 ^ _34206_/Y (NAND2X1)
                  0.12    0.00    5.59 ^ _34231_/B (NOR3X1)
     1    0.00    0.07    0.08    5.67 v _34231_/Y (NOR3X1)
                  0.07    0.00    5.67 v _34232_/C (AOI21X1)
     1    0.00    0.13    0.12    5.78 ^ _34232_/Y (AOI21X1)
                  0.13    0.00    5.78 ^ _34235_/B (AOI2B1X2)
     9    0.03    0.21    0.22    6.01 v _34235_/Y (AOI2B1X2)
                  0.21    0.00    6.01 v _34237_/A (AND2X1)
     1    0.01    0.06    0.15    6.16 v _34237_/Y (AND2X1)
                  0.06    0.00    6.16 v _34238_/B (XOR2X2)
     2    0.00    0.05    0.15    6.31 v _34238_/Y (XOR2X2)
                  0.05    0.00    6.31 v _34239_/C (AND3X1)
     1    0.00    0.05    0.11    6.42 v _34239_/Y (AND3X1)
                  0.05    0.00    6.42 v _34265_/B (AOAI211X2)
     2    0.01    0.13    0.12    6.54 ^ _34265_/Y (AOAI211X2)
                  0.13    0.00    6.54 ^ place11011/A (BUFX3)
    11    0.02    0.09    0.16    6.70 ^ place11011/Y (BUFX3)
                  0.09    0.00    6.70 ^ place11012/A (BUFX3)
     9    0.03    0.10    0.16    6.86 ^ place11012/Y (BUFX3)
                  0.10    0.00    6.86 ^ _34276_/A (NOR2X2)
     3    0.01    0.04    0.06    6.92 v _34276_/Y (NOR2X2)
                  0.04    0.00    6.92 v _34284_/B (AOI21BX1)
     9    0.03    0.55    0.43    7.35 ^ _34284_/Y (AOI21BX1)
                  0.55    0.00    7.35 ^ place10926/A (BUFX3)
    13    0.03    0.13    0.31    7.66 ^ place10926/Y (BUFX3)
                  0.13    0.00    7.66 ^ place10929/A (BUFX3)
    11    0.03    0.10    0.17    7.83 ^ place10929/Y (BUFX3)
                  0.10    0.00    7.83 ^ _34697_/B (NAND3X1)
     1    0.00    0.14    0.15    7.99 v _34697_/Y (NAND3X1)
                  0.14    0.00    7.99 v _34698_/C (OAI21X2)
    10    0.03    0.27    0.15    8.14 ^ _34698_/Y (OAI21X2)
                  0.27    0.00    8.14 ^ _46312_/B (NOR2BX1)
     5    0.01    0.13    0.20    8.34 v _46312_/Y (NOR2BX1)
                  0.13    0.00    8.34 v _46323_/C (AND3X2)
     2    0.01    0.06    0.16    8.51 v _46323_/Y (AND3X2)
                  0.06    0.00    8.51 v _46326_/A (AOI211X1)
     2    0.01    0.43    0.39    8.89 ^ _46326_/Y (AOI211X1)
                  0.43    0.00    8.89 ^ _46327_/C (OAI21X1)
     3    0.01    0.20    0.29    9.18 v _46327_/Y (OAI21X1)
                  0.20    0.00    9.18 v _46328_/B (NOR2X2)
     6    0.02    0.23    0.25    9.43 ^ _46328_/Y (NOR2X2)
                  0.23    0.00    9.43 ^ place10493/A (BUFX3)
    15    0.04    0.14    0.24    9.67 ^ place10493/Y (BUFX3)
                  0.14    0.00    9.67 ^ place10496/A (BUFX3)
     9    0.02    0.09    0.17    9.84 ^ place10496/Y (BUFX3)
                  0.09    0.00    9.84 ^ _46452_/B (NOR2X1)
     1    0.00    0.04    0.06    9.90 v _46452_/Y (NOR2X1)
                  0.04    0.00    9.90 v _46454_/C (OAI22X1)
     1    0.00    0.13    0.07    9.97 ^ _46454_/Y (OAI22X1)
                  0.13    0.00    9.97 ^ i_croc_soc.i_croc.i_dm_top.i_dm_top.i_dm_mem.rdata_q_18__reg/D (DFFRQX3)
                                  9.97   data arrival time

                  0.20   10.00   10.00   clock clk_sys (rise edge)
                          0.00   10.00   clock network delay (ideal)
                         -0.10    9.90   clock uncertainty
                          0.00    9.90   clock reconvergence pessimism
                                  9.90 ^ i_croc_soc.i_croc.i_dm_top.i_dm_top.i_dm_mem.rdata_q_18__reg/CK (DFFRQX3)
                         -0.10    9.80   library setup time
                                  9.80   data required time
-----------------------------------------------------------------------------
                                  9.80   data required time
                                 -9.97   data arrival time
-----------------------------------------------------------------------------
                                 -0.17   slack (VIOLATED)



==========================================================================
02_croc.placed report_checks -unconstrained
--------------------------------------------------------------------------
[WARNING STA-0168] unknown field nets.
Startpoint: i_croc_soc.i_rstgen.i_rstgen_bypass.synch_regs_q_3__reg
            (rising edge-triggered flip-flop clocked by clk_sys)
Endpoint: i_croc_soc.i_croc.i_uart.i_uart_tx.i_fifo_v3.mem_q_33__reg
          (recovery check against rising-edge clock clk_sys)
Path Group: asynchronous
Path Type: max
Corner: tt

Fanout     Cap    Slew   Delay    Time   Description
-----------------------------------------------------------------------------
                  0.20    0.00    0.00   clock clk_sys (rise edge)
                          0.00    0.00   clock network delay (ideal)
                  0.20    0.00    0.00 ^ i_croc_soc.i_rstgen.i_rstgen_bypass.synch_regs_q_3__reg/CK (DFFRQX3)
     2    0.00    0.05    0.34    0.34 ^ i_croc_soc.i_rstgen.i_rstgen_bypass.synch_regs_q_3__reg/Q (DFFRQX3)
                  0.05    0.00    0.34 ^ i_croc_soc.i_rstgen.i_rstgen_bypass.i_tc_clk_mux2_rst_no.i_mux/A0 (MUX2X2)
    15    0.19    0.87    0.69    1.04 ^ i_croc_soc.i_rstgen.i_rstgen_bypass.i_tc_clk_mux2_rst_no.i_mux/Y (MUX2X2)
                  0.87    0.04    1.08 ^ place12059/A (BUFX4)
    14    0.11    0.27    0.51    1.58 ^ place12059/Y (BUFX4)
                  0.28    0.02    1.60 ^ place12090/A (BUFX3)
    14    0.06    0.21    0.30    1.90 ^ place12090/Y (BUFX3)
                  0.21    0.00    1.90 ^ place12103/A (BUFX3)
    16    0.06    0.23    0.29    2.19 ^ place12103/Y (BUFX3)
                  0.23    0.00    2.20 ^ place12104/A (BUFX3)
    14    0.05    0.19    0.27    2.47 ^ place12104/Y (BUFX3)
                  0.19    0.00    2.47 ^ place12107/A (BUFX3)
    16    0.06    0.22    0.28    2.75 ^ place12107/Y (BUFX3)
                  0.22    0.00    2.75 ^ place12108/A (BUFX3)
    15    0.06    0.22    0.29    3.04 ^ place12108/Y (BUFX3)
                  0.22    0.00    3.04 ^ i_croc_soc.i_croc.i_uart.i_uart_tx.i_fifo_v3.mem_q_33__reg/RB (DFFRQX3)
                                  3.04   data arrival time

                  0.20   10.00   10.00   clock clk_sys (rise edge)
                          0.00   10.00   clock network delay (ideal)
                         -0.10    9.90   clock uncertainty
                          0.00    9.90   clock reconvergence pessimism
                                  9.90 ^ i_croc_soc.i_croc.i_uart.i_uart_tx.i_fifo_v3.mem_q_33__reg/CK (DFFRQX3)
                         -0.15    9.75   library recovery time
                                  9.75   data required time
-----------------------------------------------------------------------------
                                  9.75   data required time
                                 -3.04   data arrival time
-----------------------------------------------------------------------------
                                  6.71   slack (MET)


Startpoint: i_croc_soc.i_croc.i_dmi_jtag.i_dmi_cdc.i_cdc_req/i_dst/async_ack_o_reg
            (rising edge-triggered flip-flop clocked by clk_sys)
Endpoint: i_croc_soc.i_croc.i_dm_top.i_dm_top.data_csrs_mem_6__reg
          (rising edge-triggered flip-flop clocked by clk_sys)
Path Group: path delay
Path Type: max
Corner: tt

Fanout     Cap    Slew   Delay    Time   Description
-----------------------------------------------------------------------------
                  0.20    0.00    0.00 ^ i_croc_soc.i_croc.i_dmi_jtag.i_dmi_cdc.i_cdc_req/i_dst/async_ack_o_reg/CK (DFFRQX3)
     6    0.02    0.08    0.38    0.38 ^ i_croc_soc.i_croc.i_dmi_jtag.i_dmi_cdc.i_cdc_req/i_dst/async_ack_o_reg/Q (DFFRQX3)
                  0.08    0.00    0.38 ^ i_croc_soc.i_croc.i_dmi_jtag.i_dmi_cdc.i_cdc_req/i_dst/_152_/A (XOR2X1)
     1    0.00    0.09    0.11    0.50 ^ i_croc_soc.i_croc.i_dmi_jtag.i_dmi_cdc.i_cdc_req/i_dst/_152_/Y (XOR2X1)
                  0.09    0.00    0.50 ^ i_croc_soc.i_croc.i_dmi_jtag.i_dmi_cdc.i_cdc_req/_1_/AB (NOR2BX1)
     2    0.00    0.15    0.14    0.64 ^ i_croc_soc.i_croc.i_dmi_jtag.i_dmi_cdc.i_cdc_req/_1_/Y (NOR2BX1)
                  0.15    0.00    0.64 ^ _31211_/A (NAND2X1)
     2    0.02    0.36    0.34    0.98 v _31211_/Y (NAND2X1)
                  0.36    0.00    0.98 v _31212_/B (NOR3BX1P5)
     2    0.01    0.22    0.28    1.26 ^ _31212_/Y (NOR3BX1P5)
                  0.22    0.00    1.26 ^ _43843_/A (NAND2X1)
     2    0.01    0.15    0.19    1.45 v _43843_/Y (NAND2X1)
                  0.15    0.00    1.45 v place11314/A (BUFX3)
     3    0.02    0.06    0.16    1.61 v place11314/Y (BUFX3)
                  0.06    0.00    1.61 v _43989_/A (NOR2X1)
     4    0.02    0.34    0.28    1.89 ^ _43989_/Y (NOR2X1)
                  0.34    0.00    1.89 ^ _43992_/B (AOI22X2)
    16    0.04    0.28    0.35    2.24 v _43992_/Y (AOI22X2)
                  0.28    0.00    2.24 v _44262_/D (AO211X2)
     1    0.00    0.05    0.30    2.54 v _44262_/Y (AO211X2)
                  0.05    0.00    2.54 v _44263_/B (AOI21X1)
     1    0.00    0.10    0.10    2.64 ^ _44263_/Y (AOI21X1)
                  0.10    0.00    2.64 ^ i_croc_soc.i_croc.i_dm_top.i_dm_top.data_csrs_mem_6__reg/D (DFFRQX3)
                                  2.64   data arrival time

                          3.00    3.00   max_delay
                         -0.10    2.90   library setup time
                                  2.90   data required time
-----------------------------------------------------------------------------
                                  2.90   data required time
                                 -2.64   data arrival time
-----------------------------------------------------------------------------
                                  0.27   slack (MET)


Startpoint: i_croc_soc.i_croc.i_dmi_jtag.i_dmi_jtag_tap.td_o_reg
            (rising edge-triggered flip-flop clocked by clk_jtg')
Endpoint: jtag_tdo_o (output port clocked by clk_jtg)
Path Group: clk_jtg
Path Type: max
Corner: tt

Fanout     Cap    Slew   Delay    Time   Description
-----------------------------------------------------------------------------
                  0.20   12.50   12.50   clock clk_jtg' (rise edge)
                          0.00   12.50   clock network delay (ideal)
                  0.20    0.00   12.50 ^ i_croc_soc.i_croc.i_dmi_jtag.i_dmi_jtag_tap.td_o_reg/CK (DFFRQX3)
     1    0.10    0.35    0.58   13.08 ^ i_croc_soc.i_croc.i_dmi_jtag.i_dmi_jtag_tap.td_o_reg/Q (DFFRQX3)
                  0.48    0.02   13.10 ^ pad_jtag_tdo_o/c2p (sg13cmos5l_IOPadOut16mA)
     2   15.00    3.55    3.32   16.42 ^ pad_jtag_tdo_o/pad (sg13cmos5l_IOPadOut16mA)
                  2.66    0.00   16.42 ^ jtag_tdo_o (out)
                                 16.42   data arrival time

                  0.20   25.00   25.00   clock clk_jtg (rise edge)
                          0.00   25.00   clock network delay (ideal)
                         -0.10   24.90   clock uncertainty
                          0.00   24.90   clock reconvergence pessimism
                         -5.00   19.90   output external delay
                                 19.90   data required time
-----------------------------------------------------------------------------
                                 19.90   data required time
                                -16.42   data arrival time
-----------------------------------------------------------------------------
                                  3.48   slack (MET)


Startpoint: i_croc_soc.i_croc.i_core_wrap.i_core.id_stage_i.controller_i.instr_i_24__reg
            (rising edge-triggered flip-flop clocked by clk_sys)
Endpoint: i_croc_soc.i_croc.i_dm_top.i_dm_top.i_dm_mem.rdata_q_18__reg
          (rising edge-triggered flip-flop clocked by clk_sys)
Path Group: clk_sys
Path Type: max
Corner: tt

Fanout     Cap    Slew   Delay    Time   Description
-----------------------------------------------------------------------------
                  0.20    0.00    0.00   clock clk_sys (rise edge)
                          0.00    0.00   clock network delay (ideal)
                  0.20    0.00    0.00 ^ i_croc_soc.i_croc.i_core_wrap.i_core.id_stage_i.controller_i.instr_i_24__reg/CK (DFFRQX3)
     2    0.01    0.05    0.35    0.35 ^ i_croc_soc.i_croc.i_core_wrap.i_core.id_stage_i.controller_i.instr_i_24__reg/Q (DFFRQX3)
                  0.05    0.00    0.35 ^ place12648/A (BUFX3)
    16    0.10    0.36    0.32    0.67 ^ place12648/Y (BUFX3)
                  0.36    0.00    0.68 ^ place12649/A (BUFX3)
    14    0.09    0.30    0.39    1.06 ^ place12649/Y (BUFX3)
                  0.30    0.00    1.06 ^ _32127_/AB (NOR3BX1P5)
     4    0.02    0.34    0.36    1.43 ^ _32127_/Y (NOR3BX1P5)
                  0.34    0.00    1.43 ^ _33591_/A (NAND4X2)
     2    0.01    0.14    0.23    1.66 v _33591_/Y (NAND4X2)
                  0.14    0.00    1.66 v _33592_/C (OR3BX1)
     6    0.04    0.55    0.54    2.20 v _33592_/Y (OR3BX1)
                  0.55    0.00    2.20 v _33593_/B (NAND2BX1)
     3    0.01    0.21    0.30    2.50 ^ _33593_/Y (NAND2BX1)
                  0.21    0.00    2.50 ^ _33599_/B (OA211X2)
     1    0.01    0.08    0.24    2.74 ^ _33599_/Y (OA211X2)
                  0.08    0.00    2.74 ^ _33617_/A (OAI21X2)
     9    0.04    0.30    0.25    2.99 v _33617_/Y (OAI21X2)
                  0.30    0.00    2.99 v _33704_/C (NOR4X2)
     2    0.01    0.23    0.25    3.24 ^ _33704_/Y (NOR4X2)
                  0.23    0.00    3.24 ^ _33706_/C (AOAI211X2)
     9    0.03    0.37    0.29    3.53 v _33706_/Y (AOAI211X2)
                  0.37    0.00    3.53 v _34000_/A (AND4X1)
     2    0.02    0.13    0.27    3.80 v _34000_/Y (AND4X1)
                  0.13    0.00    3.80 v place11331/A (BUFX3)
    16    0.05    0.13    0.21    4.02 v place11331/Y (BUFX3)
                  0.13    0.00    4.02 v _34005_/A (OR2X2)
    12    0.05    0.21    0.31    4.33 v _34005_/Y (OR2X2)
                  0.21    0.00    4.33 v _34203_/D (OAOI211X1)
     2    0.03    0.78    0.68    5.01 ^ _34203_/Y (OAOI211X1)
                  0.78    0.00    5.01 ^ _34205_/C (OAI31X1)
     3    0.01    0.26    0.41    5.42 v _34205_/Y (OAI31X1)
                  0.26    0.00    5.42 v _34206_/B (NAND2X1)
     3    0.01    0.12    0.17    5.59 ^ _34206_/Y (NAND2X1)
                  0.12    0.00    5.59 ^ _34231_/B (NOR3X1)
     1    0.00    0.07    0.08    5.67 v _34231_/Y (NOR3X1)
                  0.07    0.00    5.67 v _34232_/C (AOI21X1)
     1    0.00    0.13    0.12    5.78 ^ _34232_/Y (AOI21X1)
                  0.13    0.00    5.78 ^ _34235_/B (AOI2B1X2)
     9    0.03    0.21    0.22    6.01 v _34235_/Y (AOI2B1X2)
                  0.21    0.00    6.01 v _34237_/A (AND2X1)
     1    0.01    0.06    0.15    6.16 v _34237_/Y (AND2X1)
                  0.06    0.00    6.16 v _34238_/B (XOR2X2)
     2    0.00    0.05    0.15    6.31 v _34238_/Y (XOR2X2)
                  0.05    0.00    6.31 v _34239_/C (AND3X1)
     1    0.00    0.05    0.11    6.42 v _34239_/Y (AND3X1)
                  0.05    0.00    6.42 v _34265_/B (AOAI211X2)
     2    0.01    0.13    0.12    6.54 ^ _34265_/Y (AOAI211X2)
                  0.13    0.00    6.54 ^ place11011/A (BUFX3)
    11    0.02    0.09    0.16    6.70 ^ place11011/Y (BUFX3)
                  0.09    0.00    6.70 ^ place11012/A (BUFX3)
     9    0.03    0.10    0.16    6.86 ^ place11012/Y (BUFX3)
                  0.10    0.00    6.86 ^ _34276_/A (NOR2X2)
     3    0.01    0.04    0.06    6.92 v _34276_/Y (NOR2X2)
                  0.04    0.00    6.92 v _34284_/B (AOI21BX1)
     9    0.03    0.55    0.43    7.35 ^ _34284_/Y (AOI21BX1)
                  0.55    0.00    7.35 ^ place10926/A (BUFX3)
    13    0.03    0.13    0.31    7.66 ^ place10926/Y (BUFX3)
                  0.13    0.00    7.66 ^ place10929/A (BUFX3)
    11    0.03    0.10    0.17    7.83 ^ place10929/Y (BUFX3)
                  0.10    0.00    7.83 ^ _34697_/B (NAND3X1)
     1    0.00    0.14    0.15    7.99 v _34697_/Y (NAND3X1)
                  0.14    0.00    7.99 v _34698_/C (OAI21X2)
    10    0.03    0.27    0.15    8.14 ^ _34698_/Y (OAI21X2)
                  0.27    0.00    8.14 ^ _46312_/B (NOR2BX1)
     5    0.01    0.13    0.20    8.34 v _46312_/Y (NOR2BX1)
                  0.13    0.00    8.34 v _46323_/C (AND3X2)
     2    0.01    0.06    0.16    8.51 v _46323_/Y (AND3X2)
                  0.06    0.00    8.51 v _46326_/A (AOI211X1)
     2    0.01    0.43    0.39    8.89 ^ _46326_/Y (AOI211X1)
                  0.43    0.00    8.89 ^ _46327_/C (OAI21X1)
     3    0.01    0.20    0.29    9.18 v _46327_/Y (OAI21X1)
                  0.20    0.00    9.18 v _46328_/B (NOR2X2)
     6    0.02    0.23    0.25    9.43 ^ _46328_/Y (NOR2X2)
                  0.23    0.00    9.43 ^ place10493/A (BUFX3)
    15    0.04    0.14    0.24    9.67 ^ place10493/Y (BUFX3)
                  0.14    0.00    9.67 ^ place10496/A (BUFX3)
     9    0.02    0.09    0.17    9.84 ^ place10496/Y (BUFX3)
                  0.09    0.00    9.84 ^ _46452_/B (NOR2X1)
     1    0.00    0.04    0.06    9.90 v _46452_/Y (NOR2X1)
                  0.04    0.00    9.90 v _46454_/C (OAI22X1)
     1    0.00    0.13    0.07    9.97 ^ _46454_/Y (OAI22X1)
                  0.13    0.00    9.97 ^ i_croc_soc.i_croc.i_dm_top.i_dm_top.i_dm_mem.rdata_q_18__reg/D (DFFRQX3)
                                  9.97   data arrival time

                  0.20   10.00   10.00   clock clk_sys (rise edge)
                          0.00   10.00   clock network delay (ideal)
                         -0.10    9.90   clock uncertainty
                          0.00    9.90   clock reconvergence pessimism
                                  9.90 ^ i_croc_soc.i_croc.i_dm_top.i_dm_top.i_dm_mem.rdata_q_18__reg/CK (DFFRQX3)
                         -0.10    9.80   library setup time
                                  9.80   data required time
-----------------------------------------------------------------------------
                                  9.80   data required time
                                 -9.97   data arrival time
-----------------------------------------------------------------------------
                                 -0.17   slack (VIOLATED)



==========================================================================
02_croc.placed report_check_types -max_slew -max_cap -max_fanout -violators
--------------------------------------------------------------------------

==========================================================================
02_croc.placed max_slew_check_slack
--------------------------------------------------------------------------
-2.4305672645568848

==========================================================================
02_croc.placed max_slew_check_limit
--------------------------------------------------------------------------
1.2000000476837158

==========================================================================
02_croc.placed max_slew_check_slack_limit
--------------------------------------------------------------------------
-2.0255

==========================================================================
02_croc.placed max_fanout_check_slack
--------------------------------------------------------------------------
0.0

==========================================================================
02_croc.placed max_fanout_check_limit
--------------------------------------------------------------------------
16.0

==========================================================================
02_croc.placed max_fanout_check_slack_limit
--------------------------------------------------------------------------
0.0000

==========================================================================
02_croc.placed max_capacitance_check_slack
--------------------------------------------------------------------------
-11.160959243774414

==========================================================================
02_croc.placed max_capacitance_check_limit
--------------------------------------------------------------------------
4.21304988861084

==========================================================================
02_croc.placed max_capacitance_check_slack_limit
--------------------------------------------------------------------------
-2.6491

==========================================================================
02_croc.placed max_slew_violation_count
--------------------------------------------------------------------------
max slew violation count 71

==========================================================================
02_croc.placed max_fanout_violation_count
--------------------------------------------------------------------------
max fanout violation count 0

==========================================================================
02_croc.placed max_cap_violation_count
--------------------------------------------------------------------------
max cap violation count 91

==========================================================================
02_croc.placed setup_violation_count
--------------------------------------------------------------------------
setup violation count 221

==========================================================================
02_croc.placed hold_violation_count
--------------------------------------------------------------------------
hold violation count 0

==========================================================================
02_croc.placed critical path delay
--------------------------------------------------------------------------
9.9729

==========================================================================
02_croc.placed critical path slack
--------------------------------------------------------------------------
-0.1748

==========================================================================
02_croc.placed slack div critical path delay
--------------------------------------------------------------------------
-1.752750

==========================================================================
02_croc.placed report_power tt
--------------------------------------------------------------------------
Group                  Internal  Switching    Leakage      Total
                          Power      Power      Power      Power (Watts)
----------------------------------------------------------------
Sequential             8.90e-03   7.09e-05   1.64e-06   8.98e-03  62.5%
Combinational          1.30e-04   3.07e-04   2.31e-06   4.40e-04   3.1%
Clock                  6.73e-07   1.90e-07   1.79e-10   8.64e-07   0.0%
Macro                  8.72e-05   0.00e+00   1.58e-06   8.88e-05   0.6%
Pad                    2.81e-04   4.56e-03   1.08e-07   4.84e-03  33.8%
----------------------------------------------------------------
Total                  9.40e-03   4.94e-03   5.64e-06   1.43e-02 100.0%
                          65.5%      34.4%       0.0%

==========================================================================
02_croc.placed report_design_area
--------------------------------------------------------------------------

==========================================================================
02_croc.placed area by hierarchy
--------------------------------------------------------------------------

--------------------------------------------------------------------------------
Design Area Summary
--------------------------------------------------------------------------------
Die Area:              4629056.0 um2
Core Area:             2200258.368 um2
Total Area:            2661286.5216 um2
Total Active Area:     1018566.5216 um2

Core Utilization:      0.46293041599739987
Std Cell Utilization:  0.2934012139986912

--------------------------------------------------------------------------------
Hierarchical Area Report
--------------------------------------------------------------------------------
                                                                                Global Area (um^2)                                                              Global Instances                                                                Local Area (um^2)                                                               Local Instances
                                                                                ------------------------------------------------------------------------------- ------------------------------------------------------------------------------- ------------------------------------------------------------------------------- ----------------------------------------------------------------------------
Hierarchy Name                                                                  Total           StdCell         Macro           Cover           Pad             Total           StdCell         Macro           Cover           Pad             Total           StdCell         Macro           Cover           Pad             Total           StdCell         Macro           Cover           Pad             
-----------------------------------------------------------------------------------------------------------------------------------------------------------------------------------------------------------------------------------------------------------------------------------------------------------------------------------------------------------------------------------------------------------
<top>                                                                           2661286.522     490674.240      527892.282      313600.000      1329120.000     46046           45722           2               64              258             2646276.998     475664.717      527892.282      313600.000      1329120.000     45055           44731           2               64              258             
  i_croc_soc.i_croc.i_clint.i_sync                                              56.448          56.448          0.000           0.000           0.000           2               2               0               0               0               56.448          56.448          0.000           0.000           0.000           2               2               0               0               0               
  i_croc_soc.i_croc.i_dmi_jtag.i_dmi_cdc.i_cdc_req                              6756.826        6756.826        0.000           0.000           0.000           476             476             0               0               0               141.120         141.120         0.000           0.000           0.000           8               8               0               0               0               
    i_cdc_reset_ctrlr                                                           2324.246        2324.246        0.000           0.000           0.000           201             201             0               0               0               0.000           0.000           0.000           0.000           0.000           0               0               0               0               0               
      i_cdc_reset_ctrlr_half_a                                                  1160.006        1160.006        0.000           0.000           0.000           100             100             0               0               0               626.573         626.573         0.000           0.000           0.000           64              64              0               0               0               
        i_state_transition_cdc_dst                                              201.802         201.802         0.000           0.000           0.000           14              14              0               0               0               145.354         145.354         0.000           0.000           0.000           12              12              0               0               0               
          i_sync                                                                56.448          56.448          0.000           0.000           0.000           2               2               0               0               0               56.448          56.448          0.000           0.000           0.000           2               2               0               0               0               
        i_state_transition_cdc_src                                              331.632         331.632         0.000           0.000           0.000           22              22              0               0               0               275.184         275.184         0.000           0.000           0.000           20              20              0               0               0               
          i_sync                                                                56.448          56.448          0.000           0.000           0.000           2               2               0               0               0               56.448          56.448          0.000           0.000           0.000           2               2               0               0               0               
      i_cdc_reset_ctrlr_half_b                                                  1164.240        1164.240        0.000           0.000           0.000           101             101             0               0               0               630.806         630.806         0.000           0.000           0.000           65              65              0               0               0               
        i_state_transition_cdc_dst                                              201.802         201.802         0.000           0.000           0.000           14              14              0               0               0               145.354         145.354         0.000           0.000           0.000           12              12              0               0               0               
          i_sync                                                                56.448          56.448          0.000           0.000           0.000           2               2               0               0               0               56.448          56.448          0.000           0.000           0.000           2               2               0               0               0               
        i_state_transition_cdc_src                                              331.632         331.632         0.000           0.000           0.000           22              22              0               0               0               275.184         275.184         0.000           0.000           0.000           20              20              0               0               0               
          i_sync                                                                56.448          56.448          0.000           0.000           0.000           2               2               0               0               0               56.448          56.448          0.000           0.000           0.000           2               2               0               0               0               
    i_dst                                                                       2167.603        2167.603        0.000           0.000           0.000           135             135             0               0               0               2082.931        2082.931        0.000           0.000           0.000           132             132             0               0               0               
      i_sync                                                                    84.672          84.672          0.000           0.000           0.000           3               3               0               0               0               84.672          84.672          0.000           0.000           0.000           3               3               0               0               0               
    i_src                                                                       2123.856        2123.856        0.000           0.000           0.000           132             132             0               0               0               2039.184        2039.184        0.000           0.000           0.000           129             129             0               0               0               
      i_sync                                                                    84.672          84.672          0.000           0.000           0.000           3               3               0               0               0               84.672          84.672          0.000           0.000           0.000           3               3               0               0               0               
  i_croc_soc.i_croc.i_dmi_jtag.i_dmi_cdc.i_cdc_resp                             6090.739        6090.739        0.000           0.000           0.000           435             435             0               0               0               145.354         145.354         0.000           0.000           0.000           9               9               0               0               0               
    i_cdc_reset_ctrlr                                                           2324.246        2324.246        0.000           0.000           0.000           201             201             0               0               0               0.000           0.000           0.000           0.000           0.000           0               0               0               0               0               
      i_cdc_reset_ctrlr_half_a                                                  1164.240        1164.240        0.000           0.000           0.000           101             101             0               0               0               630.806         630.806         0.000           0.000           0.000           65              65              0               0               0               
        i_state_transition_cdc_dst                                              201.802         201.802         0.000           0.000           0.000           14              14              0               0               0               145.354         145.354         0.000           0.000           0.000           12              12              0               0               0               
          i_sync                                                                56.448          56.448          0.000           0.000           0.000           2               2               0               0               0               56.448          56.448          0.000           0.000           0.000           2               2               0               0               0               
        i_state_transition_cdc_src                                              331.632         331.632         0.000           0.000           0.000           22              22              0               0               0               275.184         275.184         0.000           0.000           0.000           20              20              0               0               0               
          i_sync                                                                56.448          56.448          0.000           0.000           0.000           2               2               0               0               0               56.448          56.448          0.000           0.000           0.000           2               2               0               0               0               
      i_cdc_reset_ctrlr_half_b                                                  1160.006        1160.006        0.000           0.000           0.000           100             100             0               0               0               626.573         626.573         0.000           0.000           0.000           64              64              0               0               0               
        i_state_transition_cdc_dst                                              201.802         201.802         0.000           0.000           0.000           14              14              0               0               0               145.354         145.354         0.000           0.000           0.000           12              12              0               0               0               
          i_sync                                                                56.448          56.448          0.000           0.000           0.000           2               2               0               0               0               56.448          56.448          0.000           0.000           0.000           2               2               0               0               0               
        i_state_transition_cdc_src                                              331.632         331.632         0.000           0.000           0.000           22              22              0               0               0               275.184         275.184         0.000           0.000           0.000           20              20              0               0               0               
          i_sync                                                                56.448          56.448          0.000           0.000           0.000           2               2               0               0               0               56.448          56.448          0.000           0.000           0.000           2               2               0               0               0               
    i_dst                                                                       1833.149        1833.149        0.000           0.000           0.000           114             114             0               0               0               1748.477        1748.477        0.000           0.000           0.000           111             111             0               0               0               
      i_sync                                                                    84.672          84.672          0.000           0.000           0.000           3               3               0               0               0               84.672          84.672          0.000           0.000           0.000           3               3               0               0               0               
    i_src                                                                       1787.990        1787.990        0.000           0.000           0.000           111             111             0               0               0               1703.318        1703.318        0.000           0.000           0.000           108             108             0               0               0               
      i_sync                                                                    84.672          84.672          0.000           0.000           0.000           3               3               0               0               0               84.672          84.672          0.000           0.000           0.000           3               3               0               0               0               
  i_croc_soc.i_croc.i_gpio.gen_gpios\[0\].i_sync                                56.448          56.448          0.000           0.000           0.000           2               2               0               0               0               56.448          56.448          0.000           0.000           0.000           2               2               0               0               0               
  i_croc_soc.i_croc.i_gpio.gen_gpios\[10\].i_sync                               56.448          56.448          0.000           0.000           0.000           2               2               0               0               0               56.448          56.448          0.000           0.000           0.000           2               2               0               0               0               
  i_croc_soc.i_croc.i_gpio.gen_gpios\[11\].i_sync                               56.448          56.448          0.000           0.000           0.000           2               2               0               0               0               56.448          56.448          0.000           0.000           0.000           2               2               0               0               0               
  i_croc_soc.i_croc.i_gpio.gen_gpios\[12\].i_sync                               56.448          56.448          0.000           0.000           0.000           2               2               0               0               0               56.448          56.448          0.000           0.000           0.000           2               2               0               0               0               
  i_croc_soc.i_croc.i_gpio.gen_gpios\[13\].i_sync                               56.448          56.448          0.000           0.000           0.000           2               2               0               0               0               56.448          56.448          0.000           0.000           0.000           2               2               0               0               0               
  i_croc_soc.i_croc.i_gpio.gen_gpios\[14\].i_sync                               56.448          56.448          0.000           0.000           0.000           2               2               0               0               0               56.448          56.448          0.000           0.000           0.000           2               2               0               0               0               
  i_croc_soc.i_croc.i_gpio.gen_gpios\[15\].i_sync                               56.448          56.448          0.000           0.000           0.000           2               2               0               0               0               56.448          56.448          0.000           0.000           0.000           2               2               0               0               0               
  i_croc_soc.i_croc.i_gpio.gen_gpios\[16\].i_sync                               56.448          56.448          0.000           0.000           0.000           2               2               0               0               0               56.448          56.448          0.000           0.000           0.000           2               2               0               0               0               
  i_croc_soc.i_croc.i_gpio.gen_gpios\[17\].i_sync                               56.448          56.448          0.000           0.000           0.000           2               2               0               0               0               56.448          56.448          0.000           0.000           0.000           2               2               0               0               0               
  i_croc_soc.i_croc.i_gpio.gen_gpios\[18\].i_sync                               56.448          56.448          0.000           0.000           0.000           2               2               0               0               0               56.448          56.448          0.000           0.000           0.000           2               2               0               0               0               
  i_croc_soc.i_croc.i_gpio.gen_gpios\[19\].i_sync                               56.448          56.448          0.000           0.000           0.000           2               2               0               0               0               56.448          56.448          0.000           0.000           0.000           2               2               0               0               0               
  i_croc_soc.i_croc.i_gpio.gen_gpios\[1\].i_sync                                56.448          56.448          0.000           0.000           0.000           2               2               0               0               0               56.448          56.448          0.000           0.000           0.000           2               2               0               0               0               
  i_croc_soc.i_croc.i_gpio.gen_gpios\[20\].i_sync                               56.448          56.448          0.000           0.000           0.000           2               2               0               0               0               56.448          56.448          0.000           0.000           0.000           2               2               0               0               0               
  i_croc_soc.i_croc.i_gpio.gen_gpios\[21\].i_sync                               56.448          56.448          0.000           0.000           0.000           2               2               0               0               0               56.448          56.448          0.000           0.000           0.000           2               2               0               0               0               
  i_croc_soc.i_croc.i_gpio.gen_gpios\[22\].i_sync                               56.448          56.448          0.000           0.000           0.000           2               2               0               0               0               56.448          56.448          0.000           0.000           0.000           2               2               0               0               0               
  i_croc_soc.i_croc.i_gpio.gen_gpios\[23\].i_sync                               56.448          56.448          0.000           0.000           0.000           2               2               0               0               0               56.448          56.448          0.000           0.000           0.000           2               2               0               0               0               
  i_croc_soc.i_croc.i_gpio.gen_gpios\[24\].i_sync                               56.448          56.448          0.000           0.000           0.000           2               2               0               0               0               56.448          56.448          0.000           0.000           0.000           2               2               0               0               0               
  i_croc_soc.i_croc.i_gpio.gen_gpios\[25\].i_sync                               56.448          56.448          0.000           0.000           0.000           2               2               0               0               0               56.448          56.448          0.000           0.000           0.000           2               2               0               0               0               
  i_croc_soc.i_croc.i_gpio.gen_gpios\[26\].i_sync                               56.448          56.448          0.000           0.000           0.000           2               2               0               0               0               56.448          56.448          0.000           0.000           0.000           2               2               0               0               0               
  i_croc_soc.i_croc.i_gpio.gen_gpios\[27\].i_sync                               56.448          56.448          0.000           0.000           0.000           2               2               0               0               0               56.448          56.448          0.000           0.000           0.000           2               2               0               0               0               
  i_croc_soc.i_croc.i_gpio.gen_gpios\[28\].i_sync                               56.448          56.448          0.000           0.000           0.000           2               2               0               0               0               56.448          56.448          0.000           0.000           0.000           2               2               0               0               0               
  i_croc_soc.i_croc.i_gpio.gen_gpios\[29\].i_sync                               56.448          56.448          0.000           0.000           0.000           2               2               0               0               0               56.448          56.448          0.000           0.000           0.000           2               2               0               0               0               
  i_croc_soc.i_croc.i_gpio.gen_gpios\[2\].i_sync                                56.448          56.448          0.000           0.000           0.000           2               2               0               0               0               56.448          56.448          0.000           0.000           0.000           2               2               0               0               0               
  i_croc_soc.i_croc.i_gpio.gen_gpios\[30\].i_sync                               56.448          56.448          0.000           0.000           0.000           2               2               0               0               0               56.448          56.448          0.000           0.000           0.000           2               2               0               0               0               
  i_croc_soc.i_croc.i_gpio.gen_gpios\[31\].i_sync                               56.448          56.448          0.000           0.000           0.000           2               2               0               0               0               56.448          56.448          0.000           0.000           0.000           2               2               0               0               0               
  i_croc_soc.i_croc.i_gpio.gen_gpios\[3\].i_sync                                56.448          56.448          0.000           0.000           0.000           2               2               0               0               0               56.448          56.448          0.000           0.000           0.000           2               2               0               0               0               
  i_croc_soc.i_croc.i_gpio.gen_gpios\[4\].i_sync                                56.448          56.448          0.000           0.000           0.000           2               2               0               0               0               56.448          56.448          0.000           0.000           0.000           2               2               0               0               0               
  i_croc_soc.i_croc.i_gpio.gen_gpios\[5\].i_sync                                56.448          56.448          0.000           0.000           0.000           2               2               0               0               0               56.448          56.448          0.000           0.000           0.000           2               2               0               0               0               
  i_croc_soc.i_croc.i_gpio.gen_gpios\[6\].i_sync                                56.448          56.448          0.000           0.000           0.000           2               2               0               0               0               56.448          56.448          0.000           0.000           0.000           2               2               0               0               0               
  i_croc_soc.i_croc.i_gpio.gen_gpios\[7\].i_sync                                56.448          56.448          0.000           0.000           0.000           2               2               0               0               0               56.448          56.448          0.000           0.000           0.000           2               2               0               0               0               
  i_croc_soc.i_croc.i_gpio.gen_gpios\[8\].i_sync                                56.448          56.448          0.000           0.000           0.000           2               2               0               0               0               56.448          56.448          0.000           0.000           0.000           2               2               0               0               0               
  i_croc_soc.i_croc.i_gpio.gen_gpios\[9\].i_sync                                56.448          56.448          0.000           0.000           0.000           2               2               0               0               0               56.448          56.448          0.000           0.000           0.000           2               2               0               0               0               
  i_croc_soc.i_croc.i_uart.i_uart_modem.i_sync_cd                               60.682          60.682          0.000           0.000           0.000           3               3               0               0               0               60.682          60.682          0.000           0.000           0.000           3               3               0               0               0               
  i_croc_soc.i_croc.i_uart.i_uart_modem.i_sync_cts                              60.682          60.682          0.000           0.000           0.000           3               3               0               0               0               60.682          60.682          0.000           0.000           0.000           3               3               0               0               0               
  i_croc_soc.i_croc.i_uart.i_uart_modem.i_sync_dsr                              60.682          60.682          0.000           0.000           0.000           3               3               0               0               0               60.682          60.682          0.000           0.000           0.000           3               3               0               0               0               
  i_croc_soc.i_croc.i_uart.i_uart_modem.i_sync_ri                               60.682          60.682          0.000           0.000           0.000           3               3               0               0               0               60.682          60.682          0.000           0.000           0.000           3               3               0               0               0               
  i_croc_soc.i_croc.i_uart.i_uart_rx.i_sync                                     56.448          56.448          0.000           0.000           0.000           2               2               0               0               0               56.448          56.448          0.000           0.000           0.000           2               2               0               0               0               
