
==========================================================================
03_croc.cts check_setup
--------------------------------------------------------------------------
1

==========================================================================
03_croc.cts report_tns
--------------------------------------------------------------------------
tns max 0.00

==========================================================================
03_croc.cts report_wns
--------------------------------------------------------------------------
wns max 0.00

==========================================================================
03_croc.cts report_worst_slack
--------------------------------------------------------------------------
worst slack max 0.15

==========================================================================
03_croc.cts report_checks -path_delay min
--------------------------------------------------------------------------
[WARNING STA-0168] unknown field nets.
Startpoint: i_croc_soc.i_rstgen.i_rstgen_bypass.synch_regs_q_3__reg
            (rising edge-triggered flip-flop clocked by clk_sys)
Endpoint: i_croc_soc.i_user.i_user_aes_en.addr_q_10__reg
          (removal check against rising-edge clock clk_sys)
Path Group: asynchronous
Path Type: min
Corner: ff

Fanout     Cap    Slew   Delay    Time   Description
-----------------------------------------------------------------------------
                          0.00    0.00   clock clk_sys (rise edge)
                          0.00    0.00   clock source latency
     2    0.20    0.25    0.02    0.02 ^ clk_i (in)
                  0.25    0.00    0.02 ^ pad_clk_i/pad (sg13cmos5l_IOPadIn)
     2    0.17    0.20    0.09    0.11 ^ pad_clk_i/p2c (sg13cmos5l_IOPadIn)
                  0.20    0.06    0.17 ^ clkbuf_regs_0_clk_sys/A (BUFX64)
     1    0.02    0.02    0.11    0.28 ^ clkbuf_regs_0_clk_sys/Y (BUFX64)
                  0.02    0.00    0.28 ^ clkbuf_0_i_croc_soc.clk_i_regs/A (BUFX64)
     2    0.12    0.02    0.06    0.34 ^ clkbuf_0_i_croc_soc.clk_i_regs/Y (BUFX64)
                  0.03    0.01    0.35 ^ clkbuf_1_0_0_i_croc_soc.clk_i_regs/A (BUFX64)
     4    0.17    0.03    0.07    0.42 ^ clkbuf_1_0_0_i_croc_soc.clk_i_regs/Y (BUFX64)
                  0.03    0.01    0.43 ^ clkbuf_3_2_0_i_croc_soc.clk_i_regs/A (BUFX64)
    16    0.40    0.05    0.08    0.51 ^ clkbuf_3_2_0_i_croc_soc.clk_i_regs/Y (BUFX64)
                  0.07    0.02    0.53 ^ clkbuf_7_40_0_i_croc_soc.clk_i_regs/A (BUFX64)
     9    0.19    0.03    0.08    0.61 ^ clkbuf_7_40_0_i_croc_soc.clk_i_regs/Y (BUFX64)
                  0.03    0.00    0.61 ^ clkbuf_leaf_197_i_croc_soc.clk_i_regs/A (BUFX64)
     5    0.01    0.02    0.05    0.67 ^ clkbuf_leaf_197_i_croc_soc.clk_i_regs/Y (BUFX64)
                  0.02    0.00    0.67 ^ i_croc_soc.i_rstgen.i_rstgen_bypass.synch_regs_q_3__reg/CK (DFFRQX3)
     2    0.00    0.03    0.17    0.84 ^ i_croc_soc.i_rstgen.i_rstgen_bypass.synch_regs_q_3__reg/Q (DFFRQX3)
                  0.03    0.00    0.84 ^ i_croc_soc.i_rstgen.i_rstgen_bypass.i_tc_clk_mux2_rst_no.i_mux/A0 (MUX2X2)
     2    0.03    0.09    0.14    0.98 ^ i_croc_soc.i_rstgen.i_rstgen_bypass.i_tc_clk_mux2_rst_no.i_mux/Y (MUX2X2)
                  0.09    0.00    0.99 ^ wire13077/A (BUFX12)
     6    0.06    0.04    0.10    1.09 ^ wire13077/Y (BUFX12)
                  0.05    0.01    1.09 ^ place11902/A (BUFX3)
     6    0.02    0.06    0.09    1.19 ^ place11902/Y (BUFX3)
                  0.06    0.00    1.19 ^ i_croc_soc.i_user.i_user_aes_en.addr_q_10__reg/RB (DFFRQX3)
                                  1.19   data arrival time

                          0.00    0.00   clock clk_sys (rise edge)
                          0.00    0.00   clock source latency
     2    0.24    0.26    0.03    0.03 ^ clk_i (in)
                  0.26    0.00    0.03 ^ pad_clk_i/pad (sg13cmos5l_IOPadIn)
     2    0.18    0.22    0.10    0.12 ^ pad_clk_i/p2c (sg13cmos5l_IOPadIn)
                  0.22    0.07    0.19 ^ clkbuf_regs_0_clk_sys/A (BUFX64)
     1    0.03    0.03    0.12    0.31 ^ clkbuf_regs_0_clk_sys/Y (BUFX64)
                  0.03    0.00    0.31 ^ clkbuf_0_i_croc_soc.clk_i_regs/A (BUFX64)
     2    0.13    0.02    0.06    0.37 ^ clkbuf_0_i_croc_soc.clk_i_regs/Y (BUFX64)
                  0.03    0.01    0.38 ^ clkbuf_1_0_0_i_croc_soc.clk_i_regs/A (BUFX64)
     4    0.20    0.03    0.07    0.45 ^ clkbuf_1_0_0_i_croc_soc.clk_i_regs/Y (BUFX64)
                  0.04    0.01    0.46 ^ clkbuf_3_3_0_i_croc_soc.clk_i_regs/A (BUFX64)
    16    0.55    0.06    0.09    0.55 ^ clkbuf_3_3_0_i_croc_soc.clk_i_regs/Y (BUFX64)
                  0.07    0.02    0.57 ^ clkbuf_7_48_0_i_croc_soc.clk_i_regs/A (BUFX64)
    10    0.30    0.04    0.09    0.66 ^ clkbuf_7_48_0_i_croc_soc.clk_i_regs/Y (BUFX64)
                  0.04    0.00    0.66 ^ clkbuf_leaf_133_i_croc_soc.clk_i_regs/A (BUFX64)
     8    0.03    0.02    0.06    0.72 ^ clkbuf_leaf_133_i_croc_soc.clk_i_regs/Y (BUFX64)
                  0.02    0.00    0.72 ^ i_croc_soc.i_user.i_user_aes_en.addr_q_10__reg/CK (DFFRQX3)
                          0.10    0.82   clock uncertainty
                         -0.03    0.79   clock reconvergence pessimism
                         -0.06    0.73   library removal time
                                  0.73   data required time
-----------------------------------------------------------------------------
                                  0.73   data required time
                                 -1.19   data arrival time
-----------------------------------------------------------------------------
                                  0.45   slack (MET)


Startpoint: i_croc_soc.i_croc.i_dmi_jtag.i_dmi_cdc.i_cdc_resp/i_cdc_reset_ctrlr/i_cdc_reset_ctrlr_half_b/i_state_transition_cdc_src/i_sync/reg_q_0__reg
            (rising edge-triggered flip-flop clocked by clk_jtg)
Endpoint: i_croc_soc.i_croc.i_dmi_jtag.i_dmi_cdc.i_cdc_resp/i_cdc_reset_ctrlr/i_cdc_reset_ctrlr_half_b/i_state_transition_cdc_src/i_sync/serial_o_reg
          (rising edge-triggered flip-flop clocked by clk_jtg)
Path Group: clk_jtg
Path Type: min
Corner: ff

Fanout     Cap    Slew   Delay    Time   Description
-----------------------------------------------------------------------------
                          0.00    0.00   clock clk_jtg (rise edge)
                          0.00    0.00   clock source latency
     2    0.20    0.25    0.02    0.02 ^ jtag_tck_i (in)
                  0.25    0.00    0.02 ^ pad_jtag_tck_i/pad (sg13cmos5l_IOPadIn)
     2    0.11    0.14    0.08    0.10 ^ pad_jtag_tck_i/p2c (sg13cmos5l_IOPadIn)
                  0.12    0.02    0.13 ^ clkbuf_regs_1_clk_jtg/A (BUFX64)
     1    0.02    0.02    0.08    0.21 ^ clkbuf_regs_1_clk_jtg/Y (BUFX64)
                  0.02    0.00    0.21 ^ clkbuf_0_i_croc_soc.i_croc.i_dmi_jtag.i_dmi_cdc.tck_i_regs/A (BUFX64)
     8    0.20    0.03    0.07    0.28 ^ clkbuf_0_i_croc_soc.i_croc.i_dmi_jtag.i_dmi_cdc.tck_i_regs/Y (BUFX64)
                  0.03    0.01    0.28 ^ clkbuf_3_5__f_i_croc_soc.i_croc.i_dmi_jtag.i_dmi_cdc.tck_i_regs/A (BUFX64)
    16    0.29    0.04    0.08    0.36 ^ clkbuf_3_5__f_i_croc_soc.i_croc.i_dmi_jtag.i_dmi_cdc.tck_i_regs/Y (BUFX64)
                  0.04    0.00    0.37 ^ clkbuf_leaf_43_i_croc_soc.i_croc.i_dmi_jtag.i_dmi_cdc.tck_i_regs/A (BUFX64)
     4    0.01    0.01    0.06    0.42 ^ clkbuf_leaf_43_i_croc_soc.i_croc.i_dmi_jtag.i_dmi_cdc.tck_i_regs/Y (BUFX64)
                  0.01    0.00    0.42 ^ i_croc_soc.i_croc.i_dmi_jtag.i_dmi_cdc.i_cdc_resp/i_cdc_reset_ctrlr/i_cdc_reset_ctrlr_half_b/i_state_transition_cdc_src/i_sync/reg_q_0__reg/CK (DFFRQX3)
     1    0.00    0.02    0.15    0.58 v i_croc_soc.i_croc.i_dmi_jtag.i_dmi_cdc.i_cdc_resp/i_cdc_reset_ctrlr/i_cdc_reset_ctrlr_half_b/i_state_transition_cdc_src/i_sync/reg_q_0__reg/Q (DFFRQX3)
                  0.02    0.00    0.58 v i_croc_soc.i_croc.i_dmi_jtag.i_dmi_cdc.i_cdc_resp/i_cdc_reset_ctrlr/i_cdc_reset_ctrlr_half_b/i_state_transition_cdc_src/i_sync/serial_o_reg/D (DFFRQX3)
                                  0.58   data arrival time

                          0.00    0.00   clock clk_jtg (rise edge)
                          0.00    0.00   clock source latency
     2    0.24    0.26    0.03    0.03 ^ jtag_tck_i (in)
                  0.26    0.00    0.03 ^ pad_jtag_tck_i/pad (sg13cmos5l_IOPadIn)
     2    0.13    0.16    0.09    0.11 ^ pad_jtag_tck_i/p2c (sg13cmos5l_IOPadIn)
                  0.13    0.03    0.14 ^ clkbuf_regs_1_clk_jtg/A (BUFX64)
     1    0.03    0.02    0.09    0.23 ^ clkbuf_regs_1_clk_jtg/Y (BUFX64)
                  0.02    0.00    0.23 ^ clkbuf_0_i_croc_soc.i_croc.i_dmi_jtag.i_dmi_cdc.tck_i_regs/A (BUFX64)
     8    0.27    0.04    0.07    0.31 ^ clkbuf_0_i_croc_soc.i_croc.i_dmi_jtag.i_dmi_cdc.tck_i_regs/Y (BUFX64)
                  0.04    0.01    0.31 ^ clkbuf_3_5__f_i_croc_soc.i_croc.i_dmi_jtag.i_dmi_cdc.tck_i_regs/A (BUFX64)
    16    0.40    0.05    0.09    0.40 ^ clkbuf_3_5__f_i_croc_soc.i_croc.i_dmi_jtag.i_dmi_cdc.tck_i_regs/Y (BUFX64)
                  0.05    0.01    0.41 ^ clkbuf_leaf_40_i_croc_soc.i_croc.i_dmi_jtag.i_dmi_cdc.tck_i_regs/A (BUFX64)
     4    0.01    0.02    0.06    0.47 ^ clkbuf_leaf_40_i_croc_soc.i_croc.i_dmi_jtag.i_dmi_cdc.tck_i_regs/Y (BUFX64)
                  0.02    0.00    0.47 ^ i_croc_soc.i_croc.i_dmi_jtag.i_dmi_cdc.i_cdc_resp/i_cdc_reset_ctrlr/i_cdc_reset_ctrlr_half_b/i_state_transition_cdc_src/i_sync/serial_o_reg/CK (DFFRQX3)
                          0.10    0.57   clock uncertainty
                         -0.04    0.53   clock reconvergence pessimism
                          0.01    0.54   library hold time
                                  0.54   data required time
-----------------------------------------------------------------------------
                                  0.54   data required time
                                 -0.58   data arrival time
-----------------------------------------------------------------------------
                                  0.04   slack (MET)


Startpoint: i_croc_soc.i_user.i_user_aes_en.wdata_q_15__reg
            (rising edge-triggered flip-flop clocked by clk_sys)
Endpoint: i_croc_soc.i_user.i_user_aes_en.wdata_q2_15__reg
          (rising edge-triggered flip-flop clocked by clk_sys)
Path Group: clk_sys
Path Type: min
Corner: ff

Fanout     Cap    Slew   Delay    Time   Description
-----------------------------------------------------------------------------
                          0.00    0.00   clock clk_sys (rise edge)
                          0.00    0.00   clock source latency
     2    0.20    0.25    0.02    0.02 ^ clk_i (in)
                  0.25    0.00    0.02 ^ pad_clk_i/pad (sg13cmos5l_IOPadIn)
     2    0.17    0.20    0.09    0.11 ^ pad_clk_i/p2c (sg13cmos5l_IOPadIn)
                  0.20    0.06    0.17 ^ clkbuf_regs_0_clk_sys/A (BUFX64)
     1    0.02    0.02    0.11    0.28 ^ clkbuf_regs_0_clk_sys/Y (BUFX64)
                  0.02    0.00    0.28 ^ clkbuf_0_i_croc_soc.clk_i_regs/A (BUFX64)
     2    0.12    0.02    0.06    0.34 ^ clkbuf_0_i_croc_soc.clk_i_regs/Y (BUFX64)
                  0.03    0.01    0.35 ^ clkbuf_1_0_0_i_croc_soc.clk_i_regs/A (BUFX64)
     4    0.17    0.03    0.07    0.42 ^ clkbuf_1_0_0_i_croc_soc.clk_i_regs/Y (BUFX64)
                  0.03    0.01    0.43 ^ clkbuf_3_2_0_i_croc_soc.clk_i_regs/A (BUFX64)
    16    0.40    0.05    0.08    0.51 ^ clkbuf_3_2_0_i_croc_soc.clk_i_regs/Y (BUFX64)
                  0.05    0.00    0.51 ^ clkbuf_7_32_0_i_croc_soc.clk_i_regs/A (BUFX64)
     8    0.17    0.03    0.08    0.59 ^ clkbuf_7_32_0_i_croc_soc.clk_i_regs/Y (BUFX64)
                  0.03    0.00    0.59 ^ clkbuf_leaf_151_i_croc_soc.clk_i_regs/A (BUFX64)
    15    0.03    0.02    0.06    0.64 ^ clkbuf_leaf_151_i_croc_soc.clk_i_regs/Y (BUFX64)
                  0.02    0.00    0.64 ^ i_croc_soc.i_user.i_user_aes_en.wdata_q_15__reg/CK (DFFRQX3)
     1    0.02    0.04    0.18    0.82 v i_croc_soc.i_user.i_user_aes_en.wdata_q_15__reg/Q (DFFRQX3)
                  0.04    0.00    0.82 v i_croc_soc.i_user.i_user_aes_en.wdata_q2_15__reg/D (DFFRQX3)
                                  0.82   data arrival time

                          0.00    0.00   clock clk_sys (rise edge)
                          0.00    0.00   clock source latency
     2    0.24    0.26    0.03    0.03 ^ clk_i (in)
                  0.26    0.00    0.03 ^ pad_clk_i/pad (sg13cmos5l_IOPadIn)
     2    0.18    0.22    0.10    0.12 ^ pad_clk_i/p2c (sg13cmos5l_IOPadIn)
                  0.22    0.07    0.19 ^ clkbuf_regs_0_clk_sys/A (BUFX64)
     1    0.03    0.03    0.12    0.31 ^ clkbuf_regs_0_clk_sys/Y (BUFX64)
                  0.03    0.00    0.31 ^ clkbuf_0_i_croc_soc.clk_i_regs/A (BUFX64)
     2    0.13    0.02    0.06    0.37 ^ clkbuf_0_i_croc_soc.clk_i_regs/Y (BUFX64)
                  0.03    0.01    0.38 ^ clkbuf_1_0_0_i_croc_soc.clk_i_regs/A (BUFX64)
     4    0.20    0.03    0.07    0.45 ^ clkbuf_1_0_0_i_croc_soc.clk_i_regs/Y (BUFX64)
                  0.04    0.01    0.46 ^ clkbuf_3_0_0_i_croc_soc.clk_i_regs/A (BUFX64)
    16    0.55    0.06    0.09    0.54 ^ clkbuf_3_0_0_i_croc_soc.clk_i_regs/Y (BUFX64)
                  0.09    0.03    0.57 ^ clkbuf_7_10_0_i_croc_soc.clk_i_regs/A (BUFX64)
     8    0.28    0.04    0.10    0.67 ^ clkbuf_7_10_0_i_croc_soc.clk_i_regs/Y (BUFX64)
                  0.04    0.00    0.67 ^ clkbuf_leaf_202_i_croc_soc.clk_i_regs/A (BUFX64)
     8    0.02    0.02    0.06    0.73 ^ clkbuf_leaf_202_i_croc_soc.clk_i_regs/Y (BUFX64)
                  0.02    0.00    0.73 ^ i_croc_soc.i_user.i_user_aes_en.wdata_q2_15__reg/CK (DFFRQX3)
                          0.10    0.83   clock uncertainty
                         -0.03    0.81   clock reconvergence pessimism
                          0.01    0.81   library hold time
                                  0.81   data required time
-----------------------------------------------------------------------------
                                  0.81   data required time
                                 -0.82   data arrival time
-----------------------------------------------------------------------------
                                  0.01   slack (MET)



==========================================================================
03_croc.cts report_checks -path_delay max
--------------------------------------------------------------------------
[WARNING STA-0168] unknown field nets.
Startpoint: i_croc_soc.i_rstgen.i_rstgen_bypass.synch_regs_q_3__reg
            (rising edge-triggered flip-flop clocked by clk_sys)
Endpoint: i_croc_soc.i_croc.i_core_wrap.i_core.crash_dump_o_13__reg
          (recovery check against rising-edge clock clk_sys)
Path Group: asynchronous
Path Type: max
Corner: tt

Fanout     Cap    Slew   Delay    Time   Description
-----------------------------------------------------------------------------
                          0.00    0.00   clock clk_sys (rise edge)
                          0.00    0.00   clock source latency
     2    0.24    0.35    0.04    0.04 ^ clk_i (in)
                  0.35    0.00    0.04 ^ pad_clk_i/pad (sg13cmos5l_IOPadIn)
     2    0.18    0.33    0.16    0.20 ^ pad_clk_i/p2c (sg13cmos5l_IOPadIn)
                  0.28    0.07    0.26 ^ clkbuf_regs_0_clk_sys/A (BUFX64)
     1    0.03    0.03    0.17    0.43 ^ clkbuf_regs_0_clk_sys/Y (BUFX64)
                  0.03    0.00    0.43 ^ clkbuf_0_i_croc_soc.clk_i_regs/A (BUFX64)
     2    0.13    0.04    0.09    0.53 ^ clkbuf_0_i_croc_soc.clk_i_regs/Y (BUFX64)
                  0.04    0.01    0.54 ^ clkbuf_1_0_0_i_croc_soc.clk_i_regs/A (BUFX64)
     4    0.20    0.04    0.10    0.64 ^ clkbuf_1_0_0_i_croc_soc.clk_i_regs/Y (BUFX64)
                  0.05    0.01    0.65 ^ clkbuf_3_2_0_i_croc_soc.clk_i_regs/A (BUFX64)
    16    0.51    0.09    0.13    0.78 ^ clkbuf_3_2_0_i_croc_soc.clk_i_regs/Y (BUFX64)
                  0.11    0.03    0.81 ^ clkbuf_7_40_0_i_croc_soc.clk_i_regs/A (BUFX64)
     9    0.24    0.05    0.13    0.94 ^ clkbuf_7_40_0_i_croc_soc.clk_i_regs/Y (BUFX64)
                  0.05    0.01    0.95 ^ clkbuf_leaf_197_i_croc_soc.clk_i_regs/A (BUFX64)
     5    0.02    0.02    0.09    1.03 ^ clkbuf_leaf_197_i_croc_soc.clk_i_regs/Y (BUFX64)
                  0.02    0.00    1.03 ^ i_croc_soc.i_rstgen.i_rstgen_bypass.synch_regs_q_3__reg/CK (DFFRQX3)
     2    0.00    0.05    0.27    1.30 ^ i_croc_soc.i_rstgen.i_rstgen_bypass.synch_regs_q_3__reg/Q (DFFRQX3)
                  0.05    0.00    1.30 ^ i_croc_soc.i_rstgen.i_rstgen_bypass.i_tc_clk_mux2_rst_no.i_mux/A0 (MUX2X2)
     2    0.03    0.15    0.22    1.53 ^ i_croc_soc.i_rstgen.i_rstgen_bypass.i_tc_clk_mux2_rst_no.i_mux/Y (MUX2X2)
                  0.15    0.00    1.53 ^ wire13077/A (BUFX12)
     6    0.06    0.07    0.16    1.69 ^ wire13077/Y (BUFX12)
                  0.07    0.01    1.70 ^ wire13076/A (BUFX12)
     7    0.06    0.07    0.13    1.83 ^ wire13076/Y (BUFX12)
                  0.07    0.00    1.84 ^ wire13075/A (BUFX8)
     3    0.05    0.07    0.13    1.97 ^ wire13075/Y (BUFX8)
                  0.07    0.01    1.98 ^ place12161/A (BUFX8)
    16    0.10    0.13    0.18    2.16 ^ place12161/Y (BUFX8)
                  0.13    0.00    2.16 ^ place12206/A (BUFX3)
    16    0.08    0.28    0.29    2.45 ^ place12206/Y (BUFX3)
                  0.28    0.00    2.46 ^ place12212/A (BUFX3)
    13    0.06    0.21    0.30    2.75 ^ place12212/Y (BUFX3)
                  0.21    0.00    2.76 ^ place12216/A (BUFX3)
    14    0.06    0.21    0.27    3.03 ^ place12216/Y (BUFX3)
                  0.21    0.00    3.03 ^ place12217/A (BUFX3)
    16    0.07    0.24    0.29    3.32 ^ place12217/Y (BUFX3)
                  0.24    0.00    3.32 ^ place12218/A (BUFX3)
    16    0.07    0.24    0.31    3.63 ^ place12218/Y (BUFX3)
                  0.24    0.00    3.63 ^ i_croc_soc.i_croc.i_core_wrap.i_core.crash_dump_o_13__reg/RB (DFFRQX3)
                                  3.63   data arrival time

                         10.00   10.00   clock clk_sys (rise edge)
                          0.00   10.00   clock source latency
     2    0.20    0.34    0.03   10.03 ^ clk_i (in)
                  0.34    0.00   10.03 ^ pad_clk_i/pad (sg13cmos5l_IOPadIn)
     2    0.16    0.30    0.16   10.19 ^ pad_clk_i/p2c (sg13cmos5l_IOPadIn)
                  0.26    0.06   10.24 ^ clkbuf_regs_0_clk_sys/A (BUFX64)
     1    0.02    0.03    0.16   10.40 ^ clkbuf_regs_0_clk_sys/Y (BUFX64)
                  0.03    0.00   10.40 ^ clkbuf_0_i_croc_soc.clk_i_regs/A (BUFX64)
     2    0.12    0.03    0.09   10.49 ^ clkbuf_0_i_croc_soc.clk_i_regs/Y (BUFX64)
                  0.04    0.01   10.50 ^ clkbuf_1_1_0_i_croc_soc.clk_i_regs/A (BUFX64)
     4    0.16    0.04    0.10   10.60 ^ clkbuf_1_1_0_i_croc_soc.clk_i_regs/Y (BUFX64)
                  0.04    0.01   10.61 ^ clkbuf_3_7_0_i_croc_soc.clk_i_regs/A (BUFX64)
    16    0.41    0.08    0.12   10.73 ^ clkbuf_3_7_0_i_croc_soc.clk_i_regs/Y (BUFX64)
                  0.08    0.01   10.73 ^ clkbuf_7_115_0_i_croc_soc.clk_i_regs/A (BUFX64)
     7    0.18    0.04    0.12   10.85 ^ clkbuf_7_115_0_i_croc_soc.clk_i_regs/Y (BUFX64)
                  0.04    0.00   10.85 ^ clkbuf_leaf_630_i_croc_soc.clk_i_regs/A (BUFX64)
     6    0.01    0.02    0.08   10.93 ^ clkbuf_leaf_630_i_croc_soc.clk_i_regs/Y (BUFX64)
                  0.02    0.00   10.93 ^ i_croc_soc.i_croc.i_core_wrap.i_core.crash_dump_o_13__reg/CK (DFFRQX3)
                         -0.10   10.83   clock uncertainty
                          0.03   10.87   clock reconvergence pessimism
                         -0.18   10.68   library recovery time
                                 10.68   data required time
-----------------------------------------------------------------------------
                                 10.68   data required time
                                 -3.63   data arrival time
-----------------------------------------------------------------------------
                                  7.06   slack (MET)


Startpoint: i_croc_soc.i_croc.i_dmi_jtag.i_dmi_cdc.i_cdc_req/i_dst/async_ack_o_reg
            (rising edge-triggered flip-flop clocked by clk_sys)
Endpoint: i_croc_soc.i_croc.i_dm_top.i_dm_top.data_csrs_mem_6__reg
          (rising edge-triggered flip-flop clocked by clk_sys)
Path Group: path delay
Path Type: max
Corner: tt

Fanout     Cap    Slew   Delay    Time   Description
-----------------------------------------------------------------------------
                  0.02    0.00    0.00 ^ i_croc_soc.i_croc.i_dmi_jtag.i_dmi_cdc.i_cdc_req/i_dst/async_ack_o_reg/CK (DFFRQX3)
     6    0.02    0.08    0.31    0.31 ^ i_croc_soc.i_croc.i_dmi_jtag.i_dmi_cdc.i_cdc_req/i_dst/async_ack_o_reg/Q (DFFRQX3)
                  0.08    0.00    0.31 ^ i_croc_soc.i_croc.i_dmi_jtag.i_dmi_cdc.i_cdc_req/i_dst/_152_/A (XOR2X1)
     1    0.00    0.09    0.12    0.43 ^ i_croc_soc.i_croc.i_dmi_jtag.i_dmi_cdc.i_cdc_req/i_dst/_152_/Y (XOR2X1)
                  0.09    0.00    0.43 ^ i_croc_soc.i_croc.i_dmi_jtag.i_dmi_cdc.i_cdc_req/_1_/AB (NOR2BX1)
     2    0.00    0.15    0.14    0.57 ^ i_croc_soc.i_croc.i_dmi_jtag.i_dmi_cdc.i_cdc_req/_1_/Y (NOR2BX1)
                  0.15    0.00    0.57 ^ _31211_/A (NAND2X1)
     2    0.02    0.36    0.34    0.91 v _31211_/Y (NAND2X1)
                  0.36    0.00    0.91 v _31212_/B (NOR3BX1P5)
     2    0.01    0.22    0.28    1.19 ^ _31212_/Y (NOR3BX1P5)
                  0.22    0.00    1.19 ^ _43843_/A (NAND2X1)
     2    0.01    0.15    0.19    1.38 v _43843_/Y (NAND2X1)
                  0.15    0.00    1.38 v place11314/A (BUFX3)
     3    0.02    0.06    0.16    1.54 v place11314/Y (BUFX3)
                  0.06    0.00    1.54 v _43989_/A (NOR2X1)
     4    0.02    0.34    0.28    1.81 ^ _43989_/Y (NOR2X1)
                  0.34    0.00    1.82 ^ _43992_/B (AOI22X2)
    16    0.04    0.28    0.35    2.17 v _43992_/Y (AOI22X2)
                  0.28    0.00    2.17 v _44262_/D (AO211X2)
     1    0.00    0.05    0.30    2.47 v _44262_/Y (AO211X2)
                  0.05    0.00    2.47 v _44263_/B (AOI21X1)
     1    0.00    0.10    0.10    2.57 ^ _44263_/Y (AOI21X1)
                  0.10    0.00    2.57 ^ i_croc_soc.i_croc.i_dm_top.i_dm_top.data_csrs_mem_6__reg/D (DFFRQX3)
                                  2.57   data arrival time

                          3.00    3.00   max_delay
                         -0.12    2.88   library setup time
                                  2.88   data required time
-----------------------------------------------------------------------------
                                  2.88   data required time
                                 -2.57   data arrival time
-----------------------------------------------------------------------------
                                  0.31   slack (MET)


Startpoint: i_croc_soc.i_croc.i_dmi_jtag.i_dmi_jtag_tap.td_o_reg
            (rising edge-triggered flip-flop clocked by clk_jtg')
Endpoint: jtag_tdo_o (output port clocked by clk_jtg)
Path Group: clk_jtg
Path Type: max
Corner: tt

Fanout     Cap    Slew   Delay    Time   Description
-----------------------------------------------------------------------------
                         12.50   12.50   clock clk_jtg' (rise edge)
                          0.00   12.50   clock source latency
     2    0.23    0.49    0.03   12.53 v jtag_tck_i (in)
                  0.49    0.00   12.53 v pad_jtag_tck_i/pad (sg13cmos5l_IOPadIn)
     2    0.13    0.26    0.70   13.22 v pad_jtag_tck_i/p2c (sg13cmos5l_IOPadIn)
                  0.20    0.03   13.25 v clkbuf_regs_1_clk_jtg/A (BUFX64)
     1    0.03    0.03    0.15   13.41 v clkbuf_regs_1_clk_jtg/Y (BUFX64)
                  0.03    0.00   13.41 v clkbuf_0_i_croc_soc.i_croc.i_dmi_jtag.i_dmi_cdc.tck_i_regs/A (BUFX64)
     8    0.26    0.05    0.12   13.52 v clkbuf_0_i_croc_soc.i_croc.i_dmi_jtag.i_dmi_cdc.tck_i_regs/Y (BUFX64)
                  0.05    0.01   13.53 v clkbuf_3_0__f_i_croc_soc.i_croc.i_dmi_jtag.i_dmi_cdc.tck_i_regs/A (BUFX64)
    15    0.38    0.06    0.14   13.67 v clkbuf_3_0__f_i_croc_soc.i_croc.i_dmi_jtag.i_dmi_cdc.tck_i_regs/Y (BUFX64)
                  0.06    0.00   13.67 v i_croc_soc.i_croc.i_dmi_jtag.i_dmi_jtag_tap.i_tck_inv.i_inv_12834/A (INVX2)
     1    0.00    0.03    0.04   13.71 ^ i_croc_soc.i_croc.i_dmi_jtag.i_dmi_jtag_tap.i_tck_inv.i_inv_12834/Y (INVX2)
                  0.03    0.00   13.71 ^ i_croc_soc.i_croc.i_dmi_jtag.i_dmi_jtag_tap.i_dft_tck_mux.i_mux/A0 (MUX2X2)
     1    0.00    0.04    0.12   13.83 ^ i_croc_soc.i_croc.i_dmi_jtag.i_dmi_jtag_tap.i_dft_tck_mux.i_mux/Y (MUX2X2)
                  0.04    0.00   13.83 ^ i_croc_soc.i_croc.i_dmi_jtag.i_dmi_jtag_tap.td_o_reg/CK (DFFRQX3)
     1    0.04    0.14    0.37   14.20 ^ i_croc_soc.i_croc.i_dmi_jtag.i_dmi_jtag_tap.td_o_reg/Q (DFFRQX3)
                  0.14    0.00   14.20 ^ wire13032/A (BUFX12)
     1    0.07    0.08    0.16   14.36 ^ wire13032/Y (BUFX12)
                  0.10    0.01   14.37 ^ pad_jtag_tdo_o/c2p (sg13cmos5l_IOPadOut16mA)
     2   15.00    3.55    3.15   17.52 ^ pad_jtag_tdo_o/pad (sg13cmos5l_IOPadOut16mA)
                  2.66    0.00   17.52 ^ jtag_tdo_o (out)
                                 17.52   data arrival time

                         25.00   25.00   clock clk_jtg (rise edge)
                          0.00   25.00   clock network delay (propagated)
                         -0.10   24.90   clock uncertainty
                          0.00   24.90   clock reconvergence pessimism
                         -5.00   19.90   output external delay
                                 19.90   data required time
-----------------------------------------------------------------------------
                                 19.90   data required time
                                -17.52   data arrival time
-----------------------------------------------------------------------------
                                  2.38   slack (MET)


Startpoint: i_croc_soc.i_croc.i_core_wrap.i_core.id_stage_i.controller_i.instr_i_23__reg
            (rising edge-triggered flip-flop clocked by clk_sys)
Endpoint: status_o (output port clocked by clk_sys)
Path Group: clk_sys
Path Type: max
Corner: tt

Fanout     Cap    Slew   Delay    Time   Description
-----------------------------------------------------------------------------
                          0.00    0.00   clock clk_sys (rise edge)
                          0.00    0.00   clock source latency
     2    0.24    0.35    0.04    0.04 ^ clk_i (in)
                  0.35    0.00    0.04 ^ pad_clk_i/pad (sg13cmos5l_IOPadIn)
     2    0.18    0.33    0.16    0.20 ^ pad_clk_i/p2c (sg13cmos5l_IOPadIn)
                  0.28    0.07    0.26 ^ clkbuf_regs_0_clk_sys/A (BUFX64)
     1    0.03    0.03    0.17    0.43 ^ clkbuf_regs_0_clk_sys/Y (BUFX64)
                  0.03    0.00    0.43 ^ clkbuf_0_i_croc_soc.clk_i_regs/A (BUFX64)
     2    0.13    0.04    0.09    0.53 ^ clkbuf_0_i_croc_soc.clk_i_regs/Y (BUFX64)
                  0.04    0.01    0.54 ^ clkbuf_1_1_0_i_croc_soc.clk_i_regs/A (BUFX64)
     4    0.19    0.04    0.10    0.64 ^ clkbuf_1_1_0_i_croc_soc.clk_i_regs/Y (BUFX64)
                  0.05    0.01    0.64 ^ clkbuf_3_6_0_i_croc_soc.clk_i_regs/A (BUFX64)
    16    0.52    0.09    0.13    0.77 ^ clkbuf_3_6_0_i_croc_soc.clk_i_regs/Y (BUFX64)
                  0.09    0.01    0.78 ^ clkbuf_7_108_0_i_croc_soc.clk_i_regs/A (BUFX64)
    10    0.31    0.06    0.14    0.92 ^ clkbuf_7_108_0_i_croc_soc.clk_i_regs/Y (BUFX64)
                  0.06    0.00    0.92 ^ clkbuf_leaf_480_i_croc_soc.clk_i_regs/A (BUFX64)
     7    0.02    0.02    0.09    1.01 ^ clkbuf_leaf_480_i_croc_soc.clk_i_regs/Y (BUFX64)
                  0.02    0.00    1.01 ^ i_croc_soc.i_croc.i_core_wrap.i_core.id_stage_i.controller_i.instr_i_23__reg/CK (DFFRQX3)
    14    0.06    0.17    0.36    1.38 v i_croc_soc.i_croc.i_core_wrap.i_core.id_stage_i.controller_i.instr_i_23__reg/Q (DFFRQX3)
                  0.17    0.00    1.38 v place12651/A (BUFX3)
    14    0.08    0.23    0.29    1.67 v place12651/Y (BUFX3)
                  0.23    0.00    1.68 v place12655/A (BUFX3)
    14    0.05    0.15    0.26    1.94 v place12655/Y (BUFX3)
                  0.15    0.00    1.94 v _32127_/C (NOR3BX2)
     4    0.02    0.27    0.28    2.21 ^ _32127_/Y (NOR3BX2)
                  0.27    0.00    2.21 ^ _33591_/A (NAND4X2)
     2    0.01    0.16    0.23    2.45 v _33591_/Y (NAND4X2)
                  0.16    0.00    2.45 v _33592_/C (OR3BX2)
     6    0.04    0.31    0.33    2.78 v _33592_/Y (OR3BX2)
                  0.31    0.00    2.78 v _33593_/B (NAND2BX1)
     3    0.01    0.15    0.22    3.00 ^ _33593_/Y (NAND2BX1)
                  0.15    0.00    3.00 ^ _33599_/B (OA211X2)
     1    0.01    0.08    0.22    3.23 ^ _33599_/Y (OA211X2)
                  0.08    0.00    3.23 ^ _33617_/A (OAI21X2)
     9    0.04    0.30    0.25    3.48 v _33617_/Y (OAI21X2)
                  0.30    0.00    3.48 v _33704_/C (NOR4X2)
     2    0.01    0.23    0.25    3.74 ^ _33704_/Y (NOR4X2)
                  0.23    0.00    3.74 ^ _33706_/C (AOAI211X2)
     2    0.01    0.13    0.15    3.89 v _33706_/Y (AOAI211X2)
                  0.13    0.00    3.89 v _34000_/A (AND4X1)
     2    0.02    0.13    0.20    4.09 v _34000_/Y (AND4X1)
                  0.13    0.00    4.09 v _34271_/C (OA211X2)
     1    0.00    0.04    0.14    4.23 v _34271_/Y (OA211X2)
                  0.04    0.00    4.23 v _34272_/C (AO211X2)
     2    0.01    0.08    0.25    4.48 v _34272_/Y (AO211X2)
                  0.08    0.00    4.48 v _34273_/A (INVX1)
     3    0.01    0.09    0.10    4.58 ^ _34273_/Y (INVX1)
                  0.09    0.00    4.58 ^ _34274_/B (NOR2X2)
     4    0.03    0.12    0.12    4.70 v _34274_/Y (NOR2X2)
                  0.12    0.00    4.70 v _35300_/D (OAI211X2)
     1    0.01    0.17    0.10    4.80 ^ _35300_/Y (OAI211X2)
                  0.17    0.00    4.81 ^ place11128/A (BUFX12)
     1    0.05    0.06    0.16    4.97 ^ place11128/Y (BUFX12)
                  0.06    0.01    4.97 ^ wire12930/A (BUFX8)
     1    0.04    0.06    0.13    5.10 ^ wire12930/Y (BUFX8)
                  0.06    0.00    5.11 ^ wire12929/A (BUFX16)
     3    0.15    0.10    0.14    5.25 ^ wire12929/Y (BUFX16)
                  0.12    0.03    5.28 ^ wire12928/A (BUFX16)
     3    0.16    0.10    0.18    5.45 ^ wire12928/Y (BUFX16)
                  0.11    0.01    5.46 ^ wire12927/A (BUFX16)
     1    0.07    0.06    0.14    5.60 ^ wire12927/Y (BUFX16)
                  0.08    0.01    5.61 ^ pad_status_o/c2p (sg13cmos5l_IOPadOut16mA)
     2   15.00    3.55    3.14    8.75 ^ pad_status_o/pad (sg13cmos5l_IOPadOut16mA)
                  2.66    0.00    8.75 ^ status_o (out)
                                  8.75   data arrival time

                         10.00   10.00   clock clk_sys (rise edge)
                          0.00   10.00   clock network delay (propagated)
                         -0.10    9.90   clock uncertainty
                          0.00    9.90   clock reconvergence pessimism
                         -1.00    8.90   output external delay
                                  8.90   data required time
-----------------------------------------------------------------------------
                                  8.90   data required time
                                 -8.75   data arrival time
-----------------------------------------------------------------------------
                                  0.15   slack (MET)



==========================================================================
03_croc.cts report_checks -unconstrained
--------------------------------------------------------------------------
[WARNING STA-0168] unknown field nets.
Startpoint: i_croc_soc.i_rstgen.i_rstgen_bypass.synch_regs_q_3__reg
            (rising edge-triggered flip-flop clocked by clk_sys)
Endpoint: i_croc_soc.i_croc.i_core_wrap.i_core.crash_dump_o_13__reg
          (recovery check against rising-edge clock clk_sys)
Path Group: asynchronous
Path Type: max
Corner: tt

Fanout     Cap    Slew   Delay    Time   Description
-----------------------------------------------------------------------------
                          0.00    0.00   clock clk_sys (rise edge)
                          0.00    0.00   clock source latency
     2    0.24    0.35    0.04    0.04 ^ clk_i (in)
                  0.35    0.00    0.04 ^ pad_clk_i/pad (sg13cmos5l_IOPadIn)
     2    0.18    0.33    0.16    0.20 ^ pad_clk_i/p2c (sg13cmos5l_IOPadIn)
                  0.28    0.07    0.26 ^ clkbuf_regs_0_clk_sys/A (BUFX64)
     1    0.03    0.03    0.17    0.43 ^ clkbuf_regs_0_clk_sys/Y (BUFX64)
                  0.03    0.00    0.43 ^ clkbuf_0_i_croc_soc.clk_i_regs/A (BUFX64)
     2    0.13    0.04    0.09    0.53 ^ clkbuf_0_i_croc_soc.clk_i_regs/Y (BUFX64)
                  0.04    0.01    0.54 ^ clkbuf_1_0_0_i_croc_soc.clk_i_regs/A (BUFX64)
     4    0.20    0.04    0.10    0.64 ^ clkbuf_1_0_0_i_croc_soc.clk_i_regs/Y (BUFX64)
                  0.05    0.01    0.65 ^ clkbuf_3_2_0_i_croc_soc.clk_i_regs/A (BUFX64)
    16    0.51    0.09    0.13    0.78 ^ clkbuf_3_2_0_i_croc_soc.clk_i_regs/Y (BUFX64)
                  0.11    0.03    0.81 ^ clkbuf_7_40_0_i_croc_soc.clk_i_regs/A (BUFX64)
     9    0.24    0.05    0.13    0.94 ^ clkbuf_7_40_0_i_croc_soc.clk_i_regs/Y (BUFX64)
                  0.05    0.01    0.95 ^ clkbuf_leaf_197_i_croc_soc.clk_i_regs/A (BUFX64)
     5    0.02    0.02    0.09    1.03 ^ clkbuf_leaf_197_i_croc_soc.clk_i_regs/Y (BUFX64)
                  0.02    0.00    1.03 ^ i_croc_soc.i_rstgen.i_rstgen_bypass.synch_regs_q_3__reg/CK (DFFRQX3)
     2    0.00    0.05    0.27    1.30 ^ i_croc_soc.i_rstgen.i_rstgen_bypass.synch_regs_q_3__reg/Q (DFFRQX3)
                  0.05    0.00    1.30 ^ i_croc_soc.i_rstgen.i_rstgen_bypass.i_tc_clk_mux2_rst_no.i_mux/A0 (MUX2X2)
     2    0.03    0.15    0.22    1.53 ^ i_croc_soc.i_rstgen.i_rstgen_bypass.i_tc_clk_mux2_rst_no.i_mux/Y (MUX2X2)
                  0.15    0.00    1.53 ^ wire13077/A (BUFX12)
     6    0.06    0.07    0.16    1.69 ^ wire13077/Y (BUFX12)
                  0.07    0.01    1.70 ^ wire13076/A (BUFX12)
     7    0.06    0.07    0.13    1.83 ^ wire13076/Y (BUFX12)
                  0.07    0.00    1.84 ^ wire13075/A (BUFX8)
     3    0.05    0.07    0.13    1.97 ^ wire13075/Y (BUFX8)
                  0.07    0.01    1.98 ^ place12161/A (BUFX8)
    16    0.10    0.13    0.18    2.16 ^ place12161/Y (BUFX8)
                  0.13    0.00    2.16 ^ place12206/A (BUFX3)
    16    0.08    0.28    0.29    2.45 ^ place12206/Y (BUFX3)
                  0.28    0.00    2.46 ^ place12212/A (BUFX3)
    13    0.06    0.21    0.30    2.75 ^ place12212/Y (BUFX3)
                  0.21    0.00    2.76 ^ place12216/A (BUFX3)
    14    0.06    0.21    0.27    3.03 ^ place12216/Y (BUFX3)
                  0.21    0.00    3.03 ^ place12217/A (BUFX3)
    16    0.07    0.24    0.29    3.32 ^ place12217/Y (BUFX3)
                  0.24    0.00    3.32 ^ place12218/A (BUFX3)
    16    0.07    0.24    0.31    3.63 ^ place12218/Y (BUFX3)
                  0.24    0.00    3.63 ^ i_croc_soc.i_croc.i_core_wrap.i_core.crash_dump_o_13__reg/RB (DFFRQX3)
                                  3.63   data arrival time

                         10.00   10.00   clock clk_sys (rise edge)
                          0.00   10.00   clock source latency
     2    0.20    0.34    0.03   10.03 ^ clk_i (in)
                  0.34    0.00   10.03 ^ pad_clk_i/pad (sg13cmos5l_IOPadIn)
     2    0.16    0.30    0.16   10.19 ^ pad_clk_i/p2c (sg13cmos5l_IOPadIn)
                  0.26    0.06   10.24 ^ clkbuf_regs_0_clk_sys/A (BUFX64)
     1    0.02    0.03    0.16   10.40 ^ clkbuf_regs_0_clk_sys/Y (BUFX64)
                  0.03    0.00   10.40 ^ clkbuf_0_i_croc_soc.clk_i_regs/A (BUFX64)
     2    0.12    0.03    0.09   10.49 ^ clkbuf_0_i_croc_soc.clk_i_regs/Y (BUFX64)
                  0.04    0.01   10.50 ^ clkbuf_1_1_0_i_croc_soc.clk_i_regs/A (BUFX64)
     4    0.16    0.04    0.10   10.60 ^ clkbuf_1_1_0_i_croc_soc.clk_i_regs/Y (BUFX64)
                  0.04    0.01   10.61 ^ clkbuf_3_7_0_i_croc_soc.clk_i_regs/A (BUFX64)
    16    0.41    0.08    0.12   10.73 ^ clkbuf_3_7_0_i_croc_soc.clk_i_regs/Y (BUFX64)
                  0.08    0.01   10.73 ^ clkbuf_7_115_0_i_croc_soc.clk_i_regs/A (BUFX64)
     7    0.18    0.04    0.12   10.85 ^ clkbuf_7_115_0_i_croc_soc.clk_i_regs/Y (BUFX64)
                  0.04    0.00   10.85 ^ clkbuf_leaf_630_i_croc_soc.clk_i_regs/A (BUFX64)
     6    0.01    0.02    0.08   10.93 ^ clkbuf_leaf_630_i_croc_soc.clk_i_regs/Y (BUFX64)
                  0.02    0.00   10.93 ^ i_croc_soc.i_croc.i_core_wrap.i_core.crash_dump_o_13__reg/CK (DFFRQX3)
                         -0.10   10.83   clock uncertainty
                          0.03   10.87   clock reconvergence pessimism
                         -0.18   10.68   library recovery time
                                 10.68   data required time
-----------------------------------------------------------------------------
                                 10.68   data required time
                                 -3.63   data arrival time
-----------------------------------------------------------------------------
                                  7.06   slack (MET)


Startpoint: i_croc_soc.i_croc.i_dmi_jtag.i_dmi_cdc.i_cdc_req/i_dst/async_ack_o_reg
            (rising edge-triggered flip-flop clocked by clk_sys)
Endpoint: i_croc_soc.i_croc.i_dm_top.i_dm_top.data_csrs_mem_6__reg
          (rising edge-triggered flip-flop clocked by clk_sys)
Path Group: path delay
Path Type: max
Corner: tt

Fanout     Cap    Slew   Delay    Time   Description
-----------------------------------------------------------------------------
                  0.02    0.00    0.00 ^ i_croc_soc.i_croc.i_dmi_jtag.i_dmi_cdc.i_cdc_req/i_dst/async_ack_o_reg/CK (DFFRQX3)
     6    0.02    0.08    0.31    0.31 ^ i_croc_soc.i_croc.i_dmi_jtag.i_dmi_cdc.i_cdc_req/i_dst/async_ack_o_reg/Q (DFFRQX3)
                  0.08    0.00    0.31 ^ i_croc_soc.i_croc.i_dmi_jtag.i_dmi_cdc.i_cdc_req/i_dst/_152_/A (XOR2X1)
     1    0.00    0.09    0.12    0.43 ^ i_croc_soc.i_croc.i_dmi_jtag.i_dmi_cdc.i_cdc_req/i_dst/_152_/Y (XOR2X1)
                  0.09    0.00    0.43 ^ i_croc_soc.i_croc.i_dmi_jtag.i_dmi_cdc.i_cdc_req/_1_/AB (NOR2BX1)
     2    0.00    0.15    0.14    0.57 ^ i_croc_soc.i_croc.i_dmi_jtag.i_dmi_cdc.i_cdc_req/_1_/Y (NOR2BX1)
                  0.15    0.00    0.57 ^ _31211_/A (NAND2X1)
     2    0.02    0.36    0.34    0.91 v _31211_/Y (NAND2X1)
                  0.36    0.00    0.91 v _31212_/B (NOR3BX1P5)
     2    0.01    0.22    0.28    1.19 ^ _31212_/Y (NOR3BX1P5)
                  0.22    0.00    1.19 ^ _43843_/A (NAND2X1)
     2    0.01    0.15    0.19    1.38 v _43843_/Y (NAND2X1)
                  0.15    0.00    1.38 v place11314/A (BUFX3)
     3    0.02    0.06    0.16    1.54 v place11314/Y (BUFX3)
                  0.06    0.00    1.54 v _43989_/A (NOR2X1)
     4    0.02    0.34    0.28    1.81 ^ _43989_/Y (NOR2X1)
                  0.34    0.00    1.82 ^ _43992_/B (AOI22X2)
    16    0.04    0.28    0.35    2.17 v _43992_/Y (AOI22X2)
                  0.28    0.00    2.17 v _44262_/D (AO211X2)
     1    0.00    0.05    0.30    2.47 v _44262_/Y (AO211X2)
                  0.05    0.00    2.47 v _44263_/B (AOI21X1)
     1    0.00    0.10    0.10    2.57 ^ _44263_/Y (AOI21X1)
                  0.10    0.00    2.57 ^ i_croc_soc.i_croc.i_dm_top.i_dm_top.data_csrs_mem_6__reg/D (DFFRQX3)
                                  2.57   data arrival time

                          3.00    3.00   max_delay
                         -0.12    2.88   library setup time
                                  2.88   data required time
-----------------------------------------------------------------------------
                                  2.88   data required time
                                 -2.57   data arrival time
-----------------------------------------------------------------------------
                                  0.31   slack (MET)


Startpoint: i_croc_soc.i_croc.i_dmi_jtag.i_dmi_jtag_tap.td_o_reg
            (rising edge-triggered flip-flop clocked by clk_jtg')
Endpoint: jtag_tdo_o (output port clocked by clk_jtg)
Path Group: clk_jtg
Path Type: max
Corner: tt

Fanout     Cap    Slew   Delay    Time   Description
-----------------------------------------------------------------------------
                         12.50   12.50   clock clk_jtg' (rise edge)
                          0.00   12.50   clock source latency
     2    0.23    0.49    0.03   12.53 v jtag_tck_i (in)
                  0.49    0.00   12.53 v pad_jtag_tck_i/pad (sg13cmos5l_IOPadIn)
     2    0.13    0.26    0.70   13.22 v pad_jtag_tck_i/p2c (sg13cmos5l_IOPadIn)
                  0.20    0.03   13.25 v clkbuf_regs_1_clk_jtg/A (BUFX64)
     1    0.03    0.03    0.15   13.41 v clkbuf_regs_1_clk_jtg/Y (BUFX64)
                  0.03    0.00   13.41 v clkbuf_0_i_croc_soc.i_croc.i_dmi_jtag.i_dmi_cdc.tck_i_regs/A (BUFX64)
     8    0.26    0.05    0.12   13.52 v clkbuf_0_i_croc_soc.i_croc.i_dmi_jtag.i_dmi_cdc.tck_i_regs/Y (BUFX64)
                  0.05    0.01   13.53 v clkbuf_3_0__f_i_croc_soc.i_croc.i_dmi_jtag.i_dmi_cdc.tck_i_regs/A (BUFX64)
    15    0.38    0.06    0.14   13.67 v clkbuf_3_0__f_i_croc_soc.i_croc.i_dmi_jtag.i_dmi_cdc.tck_i_regs/Y (BUFX64)
                  0.06    0.00   13.67 v i_croc_soc.i_croc.i_dmi_jtag.i_dmi_jtag_tap.i_tck_inv.i_inv_12834/A (INVX2)
     1    0.00    0.03    0.04   13.71 ^ i_croc_soc.i_croc.i_dmi_jtag.i_dmi_jtag_tap.i_tck_inv.i_inv_12834/Y (INVX2)
                  0.03    0.00   13.71 ^ i_croc_soc.i_croc.i_dmi_jtag.i_dmi_jtag_tap.i_dft_tck_mux.i_mux/A0 (MUX2X2)
     1    0.00    0.04    0.12   13.83 ^ i_croc_soc.i_croc.i_dmi_jtag.i_dmi_jtag_tap.i_dft_tck_mux.i_mux/Y (MUX2X2)
                  0.04    0.00   13.83 ^ i_croc_soc.i_croc.i_dmi_jtag.i_dmi_jtag_tap.td_o_reg/CK (DFFRQX3)
     1    0.04    0.14    0.37   14.20 ^ i_croc_soc.i_croc.i_dmi_jtag.i_dmi_jtag_tap.td_o_reg/Q (DFFRQX3)
                  0.14    0.00   14.20 ^ wire13032/A (BUFX12)
     1    0.07    0.08    0.16   14.36 ^ wire13032/Y (BUFX12)
                  0.10    0.01   14.37 ^ pad_jtag_tdo_o/c2p (sg13cmos5l_IOPadOut16mA)
     2   15.00    3.55    3.15   17.52 ^ pad_jtag_tdo_o/pad (sg13cmos5l_IOPadOut16mA)
                  2.66    0.00   17.52 ^ jtag_tdo_o (out)
                                 17.52   data arrival time

                         25.00   25.00   clock clk_jtg (rise edge)
                          0.00   25.00   clock network delay (propagated)
                         -0.10   24.90   clock uncertainty
                          0.00   24.90   clock reconvergence pessimism
                         -5.00   19.90   output external delay
                                 19.90   data required time
-----------------------------------------------------------------------------
                                 19.90   data required time
                                -17.52   data arrival time
-----------------------------------------------------------------------------
                                  2.38   slack (MET)


Startpoint: i_croc_soc.i_croc.i_core_wrap.i_core.id_stage_i.controller_i.instr_i_23__reg
            (rising edge-triggered flip-flop clocked by clk_sys)
Endpoint: status_o (output port clocked by clk_sys)
Path Group: clk_sys
Path Type: max
Corner: tt

Fanout     Cap    Slew   Delay    Time   Description
-----------------------------------------------------------------------------
                          0.00    0.00   clock clk_sys (rise edge)
                          0.00    0.00   clock source latency
     2    0.24    0.35    0.04    0.04 ^ clk_i (in)
                  0.35    0.00    0.04 ^ pad_clk_i/pad (sg13cmos5l_IOPadIn)
     2    0.18    0.33    0.16    0.20 ^ pad_clk_i/p2c (sg13cmos5l_IOPadIn)
                  0.28    0.07    0.26 ^ clkbuf_regs_0_clk_sys/A (BUFX64)
     1    0.03    0.03    0.17    0.43 ^ clkbuf_regs_0_clk_sys/Y (BUFX64)
                  0.03    0.00    0.43 ^ clkbuf_0_i_croc_soc.clk_i_regs/A (BUFX64)
     2    0.13    0.04    0.09    0.53 ^ clkbuf_0_i_croc_soc.clk_i_regs/Y (BUFX64)
                  0.04    0.01    0.54 ^ clkbuf_1_1_0_i_croc_soc.clk_i_regs/A (BUFX64)
     4    0.19    0.04    0.10    0.64 ^ clkbuf_1_1_0_i_croc_soc.clk_i_regs/Y (BUFX64)
                  0.05    0.01    0.64 ^ clkbuf_3_6_0_i_croc_soc.clk_i_regs/A (BUFX64)
    16    0.52    0.09    0.13    0.77 ^ clkbuf_3_6_0_i_croc_soc.clk_i_regs/Y (BUFX64)
                  0.09    0.01    0.78 ^ clkbuf_7_108_0_i_croc_soc.clk_i_regs/A (BUFX64)
    10    0.31    0.06    0.14    0.92 ^ clkbuf_7_108_0_i_croc_soc.clk_i_regs/Y (BUFX64)
                  0.06    0.00    0.92 ^ clkbuf_leaf_480_i_croc_soc.clk_i_regs/A (BUFX64)
     7    0.02    0.02    0.09    1.01 ^ clkbuf_leaf_480_i_croc_soc.clk_i_regs/Y (BUFX64)
                  0.02    0.00    1.01 ^ i_croc_soc.i_croc.i_core_wrap.i_core.id_stage_i.controller_i.instr_i_23__reg/CK (DFFRQX3)
    14    0.06    0.17    0.36    1.38 v i_croc_soc.i_croc.i_core_wrap.i_core.id_stage_i.controller_i.instr_i_23__reg/Q (DFFRQX3)
                  0.17    0.00    1.38 v place12651/A (BUFX3)
    14    0.08    0.23    0.29    1.67 v place12651/Y (BUFX3)
                  0.23    0.00    1.68 v place12655/A (BUFX3)
    14    0.05    0.15    0.26    1.94 v place12655/Y (BUFX3)
                  0.15    0.00    1.94 v _32127_/C (NOR3BX2)
     4    0.02    0.27    0.28    2.21 ^ _32127_/Y (NOR3BX2)
                  0.27    0.00    2.21 ^ _33591_/A (NAND4X2)
     2    0.01    0.16    0.23    2.45 v _33591_/Y (NAND4X2)
                  0.16    0.00    2.45 v _33592_/C (OR3BX2)
     6    0.04    0.31    0.33    2.78 v _33592_/Y (OR3BX2)
                  0.31    0.00    2.78 v _33593_/B (NAND2BX1)
     3    0.01    0.15    0.22    3.00 ^ _33593_/Y (NAND2BX1)
                  0.15    0.00    3.00 ^ _33599_/B (OA211X2)
     1    0.01    0.08    0.22    3.23 ^ _33599_/Y (OA211X2)
                  0.08    0.00    3.23 ^ _33617_/A (OAI21X2)
     9    0.04    0.30    0.25    3.48 v _33617_/Y (OAI21X2)
                  0.30    0.00    3.48 v _33704_/C (NOR4X2)
     2    0.01    0.23    0.25    3.74 ^ _33704_/Y (NOR4X2)
                  0.23    0.00    3.74 ^ _33706_/C (AOAI211X2)
     2    0.01    0.13    0.15    3.89 v _33706_/Y (AOAI211X2)
                  0.13    0.00    3.89 v _34000_/A (AND4X1)
     2    0.02    0.13    0.20    4.09 v _34000_/Y (AND4X1)
                  0.13    0.00    4.09 v _34271_/C (OA211X2)
     1    0.00    0.04    0.14    4.23 v _34271_/Y (OA211X2)
                  0.04    0.00    4.23 v _34272_/C (AO211X2)
     2    0.01    0.08    0.25    4.48 v _34272_/Y (AO211X2)
                  0.08    0.00    4.48 v _34273_/A (INVX1)
     3    0.01    0.09    0.10    4.58 ^ _34273_/Y (INVX1)
                  0.09    0.00    4.58 ^ _34274_/B (NOR2X2)
     4    0.03    0.12    0.12    4.70 v _34274_/Y (NOR2X2)
                  0.12    0.00    4.70 v _35300_/D (OAI211X2)
     1    0.01    0.17    0.10    4.80 ^ _35300_/Y (OAI211X2)
                  0.17    0.00    4.81 ^ place11128/A (BUFX12)
     1    0.05    0.06    0.16    4.97 ^ place11128/Y (BUFX12)
                  0.06    0.01    4.97 ^ wire12930/A (BUFX8)
     1    0.04    0.06    0.13    5.10 ^ wire12930/Y (BUFX8)
                  0.06    0.00    5.11 ^ wire12929/A (BUFX16)
     3    0.15    0.10    0.14    5.25 ^ wire12929/Y (BUFX16)
                  0.12    0.03    5.28 ^ wire12928/A (BUFX16)
     3    0.16    0.10    0.18    5.45 ^ wire12928/Y (BUFX16)
                  0.11    0.01    5.46 ^ wire12927/A (BUFX16)
     1    0.07    0.06    0.14    5.60 ^ wire12927/Y (BUFX16)
                  0.08    0.01    5.61 ^ pad_status_o/c2p (sg13cmos5l_IOPadOut16mA)
     2   15.00    3.55    3.14    8.75 ^ pad_status_o/pad (sg13cmos5l_IOPadOut16mA)
                  2.66    0.00    8.75 ^ status_o (out)
                                  8.75   data arrival time

                         10.00   10.00   clock clk_sys (rise edge)
                          0.00   10.00   clock network delay (propagated)
                         -0.10    9.90   clock uncertainty
                          0.00    9.90   clock reconvergence pessimism
                         -1.00    8.90   output external delay
                                  8.90   data required time
-----------------------------------------------------------------------------
                                  8.90   data required time
                                 -8.75   data arrival time
-----------------------------------------------------------------------------
                                  0.15   slack (MET)



==========================================================================
03_croc.cts report_check_types -max_slew -max_cap -max_fanout -violators
--------------------------------------------------------------------------

==========================================================================
03_croc.cts max_slew_check_slack
--------------------------------------------------------------------------
-2.4305672645568848

==========================================================================
03_croc.cts max_slew_check_limit
--------------------------------------------------------------------------
1.2000000476837158

==========================================================================
03_croc.cts max_slew_check_slack_limit
--------------------------------------------------------------------------
-2.0255

==========================================================================
03_croc.cts max_fanout_check_slack
--------------------------------------------------------------------------
0.0

==========================================================================
03_croc.cts max_fanout_check_limit
--------------------------------------------------------------------------
16.0

==========================================================================
03_croc.cts max_fanout_check_slack_limit
--------------------------------------------------------------------------
0.0000

==========================================================================
03_croc.cts max_capacitance_check_slack
--------------------------------------------------------------------------
-11.160959243774414

==========================================================================
03_croc.cts max_capacitance_check_limit
--------------------------------------------------------------------------
4.21304988861084

==========================================================================
03_croc.cts max_capacitance_check_slack_limit
--------------------------------------------------------------------------
-2.6491

==========================================================================
03_croc.cts max_slew_violation_count
--------------------------------------------------------------------------
max slew violation count 71

==========================================================================
03_croc.cts max_fanout_violation_count
--------------------------------------------------------------------------
max fanout violation count 0

==========================================================================
03_croc.cts max_cap_violation_count
--------------------------------------------------------------------------
max cap violation count 71

==========================================================================
03_croc.cts setup_violation_count
--------------------------------------------------------------------------
setup violation count 0

==========================================================================
03_croc.cts hold_violation_count
--------------------------------------------------------------------------
hold violation count 0

==========================================================================
03_croc.cts critical path delay
--------------------------------------------------------------------------
8.7462

==========================================================================
03_croc.cts critical path slack
--------------------------------------------------------------------------
0.1538

==========================================================================
03_croc.cts slack div critical path delay
--------------------------------------------------------------------------
1.758478

==========================================================================
03_croc.cts report_power tt
--------------------------------------------------------------------------
Group                  Internal  Switching    Leakage      Total
                          Power      Power      Power      Power (Watts)
----------------------------------------------------------------
Sequential             8.93e-03   7.47e-05   1.64e-06   9.01e-03  16.5%
Combinational          1.34e-04   3.22e-04   2.41e-06   4.58e-04   0.8%
Clock                  3.25e-02   9.08e-03   2.84e-06   4.16e-02  76.0%
Macro                  8.72e-05   0.00e+00   1.58e-06   8.88e-05   0.2%
Pad                    2.83e-04   3.30e-03   1.08e-07   3.59e-03   6.6%
----------------------------------------------------------------
Total                  4.20e-02   1.28e-02   8.57e-06   5.48e-02 100.0%
                          76.7%      23.3%       0.0%

==========================================================================
03_croc.cts report_design_area
--------------------------------------------------------------------------

==========================================================================
03_croc.cts area by hierarchy
--------------------------------------------------------------------------

--------------------------------------------------------------------------------
Design Area Summary
--------------------------------------------------------------------------------
Die Area:              4629056.0 um2
Core Area:             2200258.368 um2
Total Area:            2738504.5632 um2
Total Active Area:     1095784.5632 um2

Core Utilization:      0.49802540426016007
Std Cell Utilization:  0.3395741436149706

--------------------------------------------------------------------------------
Hierarchical Area Report
--------------------------------------------------------------------------------
                                                                                Global Area (um^2)                                                              Global Instances                                                                Local Area (um^2)                                                               Local Instances
                                                                                ------------------------------------------------------------------------------- ------------------------------------------------------------------------------- ------------------------------------------------------------------------------- ----------------------------------------------------------------------------
Hierarchy Name                                                                  Total           StdCell         Macro           Cover           Pad             Total           StdCell         Macro           Cover           Pad             Total           StdCell         Macro           Cover           Pad             Total           StdCell         Macro           Cover           Pad             
-----------------------------------------------------------------------------------------------------------------------------------------------------------------------------------------------------------------------------------------------------------------------------------------------------------------------------------------------------------------------------------------------------------
<top>                                                                           2738504.563     567892.282      527892.282      313600.000      1329120.000     48528           48204           2               64              258             2723495.040     552882.758      527892.282      313600.000      1329120.000     47537           47213           2               64              258             
  i_croc_soc.i_croc.i_clint.i_sync                                              56.448          56.448          0.000           0.000           0.000           2               2               0               0               0               56.448          56.448          0.000           0.000           0.000           2               2               0               0               0               
  i_croc_soc.i_croc.i_dmi_jtag.i_dmi_cdc.i_cdc_req                              6756.826        6756.826        0.000           0.000           0.000           476             476             0               0               0               141.120         141.120         0.000           0.000           0.000           8               8               0               0               0               
    i_cdc_reset_ctrlr                                                           2324.246        2324.246        0.000           0.000           0.000           201             201             0               0               0               0.000           0.000           0.000           0.000           0.000           0               0               0               0               0               
      i_cdc_reset_ctrlr_half_a                                                  1160.006        1160.006        0.000           0.000           0.000           100             100             0               0               0               626.573         626.573         0.000           0.000           0.000           64              64              0               0               0               
        i_state_transition_cdc_dst                                              201.802         201.802         0.000           0.000           0.000           14              14              0               0               0               145.354         145.354         0.000           0.000           0.000           12              12              0               0               0               
          i_sync                                                                56.448          56.448          0.000           0.000           0.000           2               2               0               0               0               56.448          56.448          0.000           0.000           0.000           2               2               0               0               0               
        i_state_transition_cdc_src                                              331.632         331.632         0.000           0.000           0.000           22              22              0               0               0               275.184         275.184         0.000           0.000           0.000           20              20              0               0               0               
          i_sync                                                                56.448          56.448          0.000           0.000           0.000           2               2               0               0               0               56.448          56.448          0.000           0.000           0.000           2               2               0               0               0               
      i_cdc_reset_ctrlr_half_b                                                  1164.240        1164.240        0.000           0.000           0.000           101             101             0               0               0               630.806         630.806         0.000           0.000           0.000           65              65              0               0               0               
        i_state_transition_cdc_dst                                              201.802         201.802         0.000           0.000           0.000           14              14              0               0               0               145.354         145.354         0.000           0.000           0.000           12              12              0               0               0               
          i_sync                                                                56.448          56.448          0.000           0.000           0.000           2               2               0               0               0               56.448          56.448          0.000           0.000           0.000           2               2               0               0               0               
        i_state_transition_cdc_src                                              331.632         331.632         0.000           0.000           0.000           22              22              0               0               0               275.184         275.184         0.000           0.000           0.000           20              20              0               0               0               
          i_sync                                                                56.448          56.448          0.000           0.000           0.000           2               2               0               0               0               56.448          56.448          0.000           0.000           0.000           2               2               0               0               0               
    i_dst                                                                       2167.603        2167.603        0.000           0.000           0.000           135             135             0               0               0               2082.931        2082.931        0.000           0.000           0.000           132             132             0               0               0               
      i_sync                                                                    84.672          84.672          0.000           0.000           0.000           3               3               0               0               0               84.672          84.672          0.000           0.000           0.000           3               3               0               0               0               
    i_src                                                                       2123.856        2123.856        0.000           0.000           0.000           132             132             0               0               0               2039.184        2039.184        0.000           0.000           0.000           129             129             0               0               0               
      i_sync                                                                    84.672          84.672          0.000           0.000           0.000           3               3               0               0               0               84.672          84.672          0.000           0.000           0.000           3               3               0               0               0               
  i_croc_soc.i_croc.i_dmi_jtag.i_dmi_cdc.i_cdc_resp                             6090.739        6090.739        0.000           0.000           0.000           435             435             0               0               0               145.354         145.354         0.000           0.000           0.000           9               9               0               0               0               
    i_cdc_reset_ctrlr                                                           2324.246        2324.246        0.000           0.000           0.000           201             201             0               0               0               0.000           0.000           0.000           0.000           0.000           0               0               0               0               0               
      i_cdc_reset_ctrlr_half_a                                                  1164.240        1164.240        0.000           0.000           0.000           101             101             0               0               0               630.806         630.806         0.000           0.000           0.000           65              65              0               0               0               
        i_state_transition_cdc_dst                                              201.802         201.802         0.000           0.000           0.000           14              14              0               0               0               145.354         145.354         0.000           0.000           0.000           12              12              0               0               0               
          i_sync                                                                56.448          56.448          0.000           0.000           0.000           2               2               0               0               0               56.448          56.448          0.000           0.000           0.000           2               2               0               0               0               
        i_state_transition_cdc_src                                              331.632         331.632         0.000           0.000           0.000           22              22              0               0               0               275.184         275.184         0.000           0.000           0.000           20              20              0               0               0               
          i_sync                                                                56.448          56.448          0.000           0.000           0.000           2               2               0               0               0               56.448          56.448          0.000           0.000           0.000           2               2               0               0               0               
      i_cdc_reset_ctrlr_half_b                                                  1160.006        1160.006        0.000           0.000           0.000           100             100             0               0               0               626.573         626.573         0.000           0.000           0.000           64              64              0               0               0               
        i_state_transition_cdc_dst                                              201.802         201.802         0.000           0.000           0.000           14              14              0               0               0               145.354         145.354         0.000           0.000           0.000           12              12              0               0               0               
          i_sync                                                                56.448          56.448          0.000           0.000           0.000           2               2               0               0               0               56.448          56.448          0.000           0.000           0.000           2               2               0               0               0               
        i_state_transition_cdc_src                                              331.632         331.632         0.000           0.000           0.000           22              22              0               0               0               275.184         275.184         0.000           0.000           0.000           20              20              0               0               0               
          i_sync                                                                56.448          56.448          0.000           0.000           0.000           2               2               0               0               0               56.448          56.448          0.000           0.000           0.000           2               2               0               0               0               
    i_dst                                                                       1833.149        1833.149        0.000           0.000           0.000           114             114             0               0               0               1748.477        1748.477        0.000           0.000           0.000           111             111             0               0               0               
      i_sync                                                                    84.672          84.672          0.000           0.000           0.000           3               3               0               0               0               84.672          84.672          0.000           0.000           0.000           3               3               0               0               0               
    i_src                                                                       1787.990        1787.990        0.000           0.000           0.000           111             111             0               0               0               1703.318        1703.318        0.000           0.000           0.000           108             108             0               0               0               
      i_sync                                                                    84.672          84.672          0.000           0.000           0.000           3               3               0               0               0               84.672          84.672          0.000           0.000           0.000           3               3               0               0               0               
  i_croc_soc.i_croc.i_gpio.gen_gpios\[0\].i_sync                                56.448          56.448          0.000           0.000           0.000           2               2               0               0               0               56.448          56.448          0.000           0.000           0.000           2               2               0               0               0               
  i_croc_soc.i_croc.i_gpio.gen_gpios\[10\].i_sync                               56.448          56.448          0.000           0.000           0.000           2               2               0               0               0               56.448          56.448          0.000           0.000           0.000           2               2               0               0               0               
  i_croc_soc.i_croc.i_gpio.gen_gpios\[11\].i_sync                               56.448          56.448          0.000           0.000           0.000           2               2               0               0               0               56.448          56.448          0.000           0.000           0.000           2               2               0               0               0               
  i_croc_soc.i_croc.i_gpio.gen_gpios\[12\].i_sync                               56.448          56.448          0.000           0.000           0.000           2               2               0               0               0               56.448          56.448          0.000           0.000           0.000           2               2               0               0               0               
  i_croc_soc.i_croc.i_gpio.gen_gpios\[13\].i_sync                               56.448          56.448          0.000           0.000           0.000           2               2               0               0               0               56.448          56.448          0.000           0.000           0.000           2               2               0               0               0               
  i_croc_soc.i_croc.i_gpio.gen_gpios\[14\].i_sync                               56.448          56.448          0.000           0.000           0.000           2               2               0               0               0               56.448          56.448          0.000           0.000           0.000           2               2               0               0               0               
  i_croc_soc.i_croc.i_gpio.gen_gpios\[15\].i_sync                               56.448          56.448          0.000           0.000           0.000           2               2               0               0               0               56.448          56.448          0.000           0.000           0.000           2               2               0               0               0               
  i_croc_soc.i_croc.i_gpio.gen_gpios\[16\].i_sync                               56.448          56.448          0.000           0.000           0.000           2               2               0               0               0               56.448          56.448          0.000           0.000           0.000           2               2               0               0               0               
  i_croc_soc.i_croc.i_gpio.gen_gpios\[17\].i_sync                               56.448          56.448          0.000           0.000           0.000           2               2               0               0               0               56.448          56.448          0.000           0.000           0.000           2               2               0               0               0               
  i_croc_soc.i_croc.i_gpio.gen_gpios\[18\].i_sync                               56.448          56.448          0.000           0.000           0.000           2               2               0               0               0               56.448          56.448          0.000           0.000           0.000           2               2               0               0               0               
  i_croc_soc.i_croc.i_gpio.gen_gpios\[19\].i_sync                               56.448          56.448          0.000           0.000           0.000           2               2               0               0               0               56.448          56.448          0.000           0.000           0.000           2               2               0               0               0               
  i_croc_soc.i_croc.i_gpio.gen_gpios\[1\].i_sync                                56.448          56.448          0.000           0.000           0.000           2               2               0               0               0               56.448          56.448          0.000           0.000           0.000           2               2               0               0               0               
  i_croc_soc.i_croc.i_gpio.gen_gpios\[20\].i_sync                               56.448          56.448          0.000           0.000           0.000           2               2               0               0               0               56.448          56.448          0.000           0.000           0.000           2               2               0               0               0               
  i_croc_soc.i_croc.i_gpio.gen_gpios\[21\].i_sync                               56.448          56.448          0.000           0.000           0.000           2               2               0               0               0               56.448          56.448          0.000           0.000           0.000           2               2               0               0               0               
  i_croc_soc.i_croc.i_gpio.gen_gpios\[22\].i_sync                               56.448          56.448          0.000           0.000           0.000           2               2               0               0               0               56.448          56.448          0.000           0.000           0.000           2               2               0               0               0               
  i_croc_soc.i_croc.i_gpio.gen_gpios\[23\].i_sync                               56.448          56.448          0.000           0.000           0.000           2               2               0               0               0               56.448          56.448          0.000           0.000           0.000           2               2               0               0               0               
  i_croc_soc.i_croc.i_gpio.gen_gpios\[24\].i_sync                               56.448          56.448          0.000           0.000           0.000           2               2               0               0               0               56.448          56.448          0.000           0.000           0.000           2               2               0               0               0               
  i_croc_soc.i_croc.i_gpio.gen_gpios\[25\].i_sync                               56.448          56.448          0.000           0.000           0.000           2               2               0               0               0               56.448          56.448          0.000           0.000           0.000           2               2               0               0               0               
  i_croc_soc.i_croc.i_gpio.gen_gpios\[26\].i_sync                               56.448          56.448          0.000           0.000           0.000           2               2               0               0               0               56.448          56.448          0.000           0.000           0.000           2               2               0               0               0               
  i_croc_soc.i_croc.i_gpio.gen_gpios\[27\].i_sync                               56.448          56.448          0.000           0.000           0.000           2               2               0               0               0               56.448          56.448          0.000           0.000           0.000           2               2               0               0               0               
  i_croc_soc.i_croc.i_gpio.gen_gpios\[28\].i_sync                               56.448          56.448          0.000           0.000           0.000           2               2               0               0               0               56.448          56.448          0.000           0.000           0.000           2               2               0               0               0               
  i_croc_soc.i_croc.i_gpio.gen_gpios\[29\].i_sync                               56.448          56.448          0.000           0.000           0.000           2               2               0               0               0               56.448          56.448          0.000           0.000           0.000           2               2               0               0               0               
  i_croc_soc.i_croc.i_gpio.gen_gpios\[2\].i_sync                                56.448          56.448          0.000           0.000           0.000           2               2               0               0               0               56.448          56.448          0.000           0.000           0.000           2               2               0               0               0               
  i_croc_soc.i_croc.i_gpio.gen_gpios\[30\].i_sync                               56.448          56.448          0.000           0.000           0.000           2               2               0               0               0               56.448          56.448          0.000           0.000           0.000           2               2               0               0               0               
  i_croc_soc.i_croc.i_gpio.gen_gpios\[31\].i_sync                               56.448          56.448          0.000           0.000           0.000           2               2               0               0               0               56.448          56.448          0.000           0.000           0.000           2               2               0               0               0               
  i_croc_soc.i_croc.i_gpio.gen_gpios\[3\].i_sync                                56.448          56.448          0.000           0.000           0.000           2               2               0               0               0               56.448          56.448          0.000           0.000           0.000           2               2               0               0               0               
  i_croc_soc.i_croc.i_gpio.gen_gpios\[4\].i_sync                                56.448          56.448          0.000           0.000           0.000           2               2               0               0               0               56.448          56.448          0.000           0.000           0.000           2               2               0               0               0               
  i_croc_soc.i_croc.i_gpio.gen_gpios\[5\].i_sync                                56.448          56.448          0.000           0.000           0.000           2               2               0               0               0               56.448          56.448          0.000           0.000           0.000           2               2               0               0               0               
  i_croc_soc.i_croc.i_gpio.gen_gpios\[6\].i_sync                                56.448          56.448          0.000           0.000           0.000           2               2               0               0               0               56.448          56.448          0.000           0.000           0.000           2               2               0               0               0               
  i_croc_soc.i_croc.i_gpio.gen_gpios\[7\].i_sync                                56.448          56.448          0.000           0.000           0.000           2               2               0               0               0               56.448          56.448          0.000           0.000           0.000           2               2               0               0               0               
  i_croc_soc.i_croc.i_gpio.gen_gpios\[8\].i_sync                                56.448          56.448          0.000           0.000           0.000           2               2               0               0               0               56.448          56.448          0.000           0.000           0.000           2               2               0               0               0               
  i_croc_soc.i_croc.i_gpio.gen_gpios\[9\].i_sync                                56.448          56.448          0.000           0.000           0.000           2               2               0               0               0               56.448          56.448          0.000           0.000           0.000           2               2               0               0               0               
  i_croc_soc.i_croc.i_uart.i_uart_modem.i_sync_cd                               60.682          60.682          0.000           0.000           0.000           3               3               0               0               0               60.682          60.682          0.000           0.000           0.000           3               3               0               0               0               
  i_croc_soc.i_croc.i_uart.i_uart_modem.i_sync_cts                              60.682          60.682          0.000           0.000           0.000           3               3               0               0               0               60.682          60.682          0.000           0.000           0.000           3               3               0               0               0               
  i_croc_soc.i_croc.i_uart.i_uart_modem.i_sync_dsr                              60.682          60.682          0.000           0.000           0.000           3               3               0               0               0               60.682          60.682          0.000           0.000           0.000           3               3               0               0               0               
  i_croc_soc.i_croc.i_uart.i_uart_modem.i_sync_ri                               60.682          60.682          0.000           0.000           0.000           3               3               0               0               0               60.682          60.682          0.000           0.000           0.000           3               3               0               0               0               
  i_croc_soc.i_croc.i_uart.i_uart_rx.i_sync                                     56.448          56.448          0.000           0.000           0.000           2               2               0               0               0               56.448          56.448          0.000           0.000           0.000           2               2               0               0               0               
