violation type: Metal Spacing
	srcs: net:_15458_
	bbox = (1248.1300, 858.1600) - (1248.1400, 858.3350) on Layer Metal2
violation type: Metal Spacing
	srcs: net:_15458_
	bbox = (1248.3400, 858.3350) - (1248.3500, 858.6800) on Layer Metal2
violation type: Metal Spacing
	srcs: net:_15458_
	bbox = (1248.1400, 858.1600) - (1248.3400, 858.3350) on Layer Metal2
violation type: Metal Spacing
	srcs: net:net12507 net:net12506
	bbox = (1234.6900, 1040.0200) - (1234.8650, 1040.0300) on Layer Metal2
violation type: Metal Spacing
	srcs: net:net12507 net:net12506
	bbox = (1234.6900, 1039.9400) - (1234.8650, 1040.0200) on Layer Metal2
violation type: Metal Spacing
	srcs: net:net12506 net:net11226
	bbox = (1234.2700, 1040.0200) - (1234.4500, 1040.0300) on Layer Metal2
violation type: Metal Spacing
	srcs: net:net11226
	bbox = (1234.0700, 1039.6000) - (1234.2550, 1039.7300) on Layer Metal2
violation type: Metal Spacing
	srcs: net:net11226
	bbox = (1234.0550, 1039.6000) - (1234.2550, 1039.7300) on Layer Metal2
violation type: Metal Spacing
	srcs: net:net11226
	bbox = (1234.0150, 1039.6000) - (1234.2550, 1039.7300) on Layer Metal2
violation type: Metal Spacing
	srcs: inst:i_croc_soc.i_croc.gen_sram_bank\[0\].i_sram.gen_2048x32xBx1.i_cut net:net45
	bbox = (867.6100, 1241.6200) - (867.8150, 1241.6300) on Layer Metal2
violation type: Metal Spacing
	srcs: net:_16940_ net:_17030_
	bbox = (1218.3300, 1005.3800) - (1218.5300, 1005.5800) on Layer Metal2
violation type: Metal Spacing
	srcs: net:_14219_ net:net11785
	bbox = (1218.1100, 1043.3800) - (1218.3100, 1043.5100) on Layer Metal2
violation type: Metal Spacing
	srcs: net:_14219_ net:net11785
	bbox = (1218.1100, 1043.3800) - (1218.2800, 1043.5100) on Layer Metal2
violation type: Metal Spacing
	srcs: net:_14219_ net:net11785
	bbox = (1217.9300, 1043.5100) - (1218.1100, 1043.8000) on Layer Metal2
violation type: Short
	srcs: net:net12644 net:net12646
	bbox = (1588.5500, 1043.2250) - (1588.7500, 1043.3800) on Layer Metal2
violation type: Short
	srcs: net:net12646 net:i_croc_soc.i_croc.i_core_wrap.i_core.id_stage_i.controller_i.instr_i_6_
	bbox = (1588.9700, 1043.2250) - (1589.1700, 1043.4250) on Layer Metal2
violation type: Short
	srcs: net:net12646 net:i_croc_soc.i_croc.i_core_wrap.i_core.id_stage_i.controller_i.instr_i_6_
	bbox = (1586.4500, 1044.0200) - (1586.6500, 1044.2200) on Layer Metal2
violation type: Short
	srcs: net:i_croc_soc.i_croc.i_core_wrap.i_core.id_stage_i.controller_i.instr_i_3_ net:i_croc_soc.i_croc.i_core_wrap.i_core.id_stage_i.controller_i.instr_i_6_
	bbox = (1587.2900, 1044.0200) - (1587.4900, 1044.2200) on Layer Metal2
violation type: Short
	srcs: net:net12644 net:i_croc_soc.i_croc.i_core_wrap.i_core.id_stage_i.controller_i.instr_i_6_
	bbox = (1586.0300, 1045.6550) - (1586.2300, 1045.9000) on Layer Metal4
violation type: Short
	srcs: net:net12644 net:i_croc_soc.i_croc.i_core_wrap.i_core.id_stage_i.controller_i.instr_i_6_
	bbox = (1586.0300, 1045.7000) - (1586.2300, 1045.9000) on Layer Metal4
violation type: Short
	srcs: net:_12527_ net:net11785
	bbox = (1216.8500, 1045.7000) - (1217.0500, 1045.9000) on Layer Metal2
violation type: Short
	srcs: net:_12527_ net:net11785
	bbox = (1216.9150, 1045.7000) - (1217.0500, 1045.9000) on Layer Metal2
